"Convergence history of Static Pressure on inlet (in SI units)"
"Flow Time" "Area-Weighted Average Static Pressure"
0.0009996944237839502 17.77519947066262
0.0019993888475679 20.38552560641846
0.00299908327135185 23.45378803962044
0.003998777695135801 20.13560398997925
0.004998472118919751 20.48178768387347
0.005998166542703702 17.54372766100694
0.006997860966487652 18.62034320429058
0.007997555390271601 21.21329756579758
0.008997249814055551 21.90322997672473
0.009996944237839501 21.96264589693817
0.01099663866162345 23.42242054444338
0.0119963330854074 22.21949092106566
0.01299602750919135 22.70357753047121
0.0139957219329753 24.36029294307855
0.01499541635675925 24.96624085068532
0.0159951107805432 24.38092972638699
0.01699480520432715 25.00955143263607
0.0179944996281111 26.65329413992042
0.01899419405189505 26.11490798619556
0.019993888475679 26.64752298144297
0.02099358289946296 27.79715194315361
0.02199327732324691 28.39293714185371
0.02299297174703086 27.92659549378275
0.02399266617081481 29.92049642837046
0.02499236059459876 29.40388566213429
0.02599205501838271 29.98257198894833
0.02699174944216666 31.49017494531058
0.02799144386595062 31.17986294423885
0.02899113828973457 31.72140709563361
0.02999083271351852 33.24827653736567
0.03099052713730247 32.95180834094358
0.03199022156108642 33.51391076772374
0.03298991598487037 35.05785928754571
0.03398961040865432 34.44185596559233
0.03498930483243826 35.9644839501626
0.03598899925622221 36.63061618071544
0.03698869368000616 36.3272542605979
0.03798838810379011 37.85895064160717
0.03898808252757405 38.53977202930629
0.039987776951358 38.251255604653
0.04098747137514195 39.80618319356051
0.0419871657989259 40.16259395689978
0.04298686022270985 40.83670080039973
0.04398655464649379 41.51416254491682
0.04498624907027774 42.18468510570028
0.04598594349406169 42.86590393165258
0.04698563791784564 43.89471631134307
0.04798533234162958 43.63516339931362
0.04898502676541353 45.23561853559291
0.04998472118919748 45.63701754060766
0.05098441561298143 46.27450202360286
0.05198411003676538 47.21104865183116
0.05298380446054932 47.73690093707729
0.05398349888433327 48.52818228429717
0.05498319330811722 49.25764657155575
0.05598288773190117 49.99163092901024
0.05698258215568511 50.65192598785681
0.05798227657946906 51.62277422576634
0.05898197100325301 52.09395534229026
0.05998166542703696 53.14443753032995
0.06098135985082091 53.70730150192726
0.06198105427460485 54.46077417601688
0.06298074869838881 55.45169165819168
0.06398044312217276 56.03707891088353
0.0649801375459567 56.809637983233
0.06597983196974065 57.81848371462679
0.0669795263935246 58.41706729946417
0.06797922081730855 59.21019926705581
0.0689789152410925 60.23476320857612
0.06997860966487644 60.76379724563216
0.07097830408866039 61.79842762695669
0.07197799851244434 62.55312461733675
0.07297769293622829 63.39398192560108
0.07397738736001223 64.23729796852582
0.07497708178379618 65.07970383800972
0.07597677620758013 65.92865203325393
0.07697647063136408 66.78892263898744
0.07797616505514803 67.64590190843312
0.07897585947893197 68.51514124204522
0.07997555390271592 69.38945586641277
0.08097524832649987 70.26409287601391
0.08197494275028382 71.15168183934821
0.08297463717406776 72.04036117111295
0.08397433159785171 72.93356330575834
0.08497402602163566 73.83802548809977
0.08597372044541961 74.74212310396533
0.08697341486920356 75.65384617059543
0.0879731092929875 76.57487941713514
0.08897280371677145 77.49405975568968
0.0899724981405554 78.42586559059429
0.09097219256433935 79.36063580504771
0.09197188698812329 80.29833992148157
0.09297158141190724 81.24725615220588
0.09397127583569119 82.19738451496281
0.09497097025947514 83.15323651534709
0.09597066468325909 84.11921622259193
0.09697035910704303 85.08436216629566
0.09797005353082698 86.05961552113313
0.09896974795461093 87.0405019736163
0.09996944237839488 88.02289850775745
0.1009691368021788 89.01637085708487
0.1019688312259628 90.01189571738851
0.1029685256497467 91.01299080379627
0.1039682200735307 91.96317303568566
0.1049679144973146 93.06528352863083
0.1059676089210986 94.04157299016083
0.1069673033448825 95.07963808382984
0.1079669977686665 96.10783537457635
0.1089666921924504 97.14479199459917
0.1099663866162344 98.18634886532097
0.1109660810400183 99.23249071877443
0.1119657754638023 100.2859626711068
0.1129654698875862 101.3442430324612
0.1139651643113702 102.4073820574093
0.1149648587351541 103.477972484289
0.115964553158938 104.5525781121065
0.116964247582722 105.6330742184779
0.1179639420065059 106.7203225489511
0.1189636364302899 107.811599508259
0.1199633308540738 108.9095851841574
0.1209630252778578 110.0129504464394
0.1219627197016417 111.1216636125777
0.1229624141254257 112.236254143651
0.1239621085492096 113.3565950579885
0.1249618029729936 114.4820464606301
0.1259614973967775 115.6137491274211
0.1269611918205615 116.7505883170807
0.1279608862443454 117.8932507592694
0.1289605806681294 119.0414508121503
0.1299602750919133 120.195700739614
0.1309599695156973 121.3549126633673
0.1319596639394812 122.5202535547633
0.1329593583632652 123.6909933553943
0.1339590527870491 124.8672816089902
0.1349587472108331 126.0493188923982
0.135958441634617 127.2370227422916
0.136958136058401 128.4302436973747
0.1379578304821849 129.629059598696
0.1389575249059689 130.8335812879001
0.1399572193297528 132.0436902829865
0.1409569137535368 133.2593494516229
0.1419566081773207 134.4806224137628
0.1429563026011047 135.7076503200652
0.1439559970248886 136.9401271633001
0.1449556914486725 138.1782983115337
0.1459553858724565 139.421966624739
0.1469550802962404 140.6714358612321
0.1479547747200244 141.9263347171978
0.1489544691438083 143.18688566626
0.1499541635675923 144.4529554717061
0.1509538579913762 145.725113308347
0.1519535524151602 147.0025098155825
0.1529532468389441 148.2855216846205
0.1539529412627281 149.5741400442382
0.154952635686512 150.8684235511436
0.155952330110296 152.1685617160188
0.1569520245340799 153.4742012789299
0.1579517189578639 154.7859760010668
0.1589514133816478 156.1032578286893
0.1599511078054318 157.4264677162333
0.1609508022292157 158.7545114893182
0.1619504966529997 160.089109354578
0.1629501910767836 161.4289423132702
0.1639498855005676 162.7737051747704
0.1649495799243515 164.1241147747629
0.1659492743481354 165.411224291701
0.1669489687719194 166.8744324727462
0.1679486631957033 168.1903769541211
0.1689483576194873 169.5838757133552
0.1699480520432712 170.9634048217731
0.1709477464670552 172.3508460897692
0.1719474408908391 173.7433273575302
0.1729471353146231 175.1401413061825
0.173946829738407 176.5424143757167
0.174946524162191 177.9498067886142
0.1759462185859749 179.3619704204632
0.1769459130097589 180.7796287025309
0.1779456074335428 182.202620457083
0.1789453018573268 183.6316181420299
0.1799449962811107 185.0656750103462
0.1809446907048947 186.5054276555313
0.1819443851286786 187.9508217440369
0.1829440795524626 189.4019234987024
0.1839437739762465 190.8585135453922
0.1849434684000305 192.3205229508756
0.1859431628238144 193.7882793717647
0.1869428572475984 195.2617789843657
0.1879425516713823 196.7406557057115
0.1889422460951662 198.2250307986499
0.1899419405189502 199.6564180425906
0.1909416349427341 201.2378567487345
0.1919413293665181 202.6949281326029
0.192941023790302 204.2197937188487
0.193940718214086 205.7321422026274
0.1949404126378699 207.2499918636447
0.1959401070616539 208.7734138440166
0.1969398014854378 210.3018547232169
0.1979394959092218 211.8355370623637
0.1989391903330057 213.3752091566284
0.1999388847567897 214.9201820248791
0.2009385791805736 216.4704684146802
0.2019382736043576 218.026667385063
0.2029379680281415 219.5888373513765
0.2039376624519255 221.1572428484982
0.2049373568757094 222.6708941935545
0.2059370512994934 224.3341921738844
0.2069367457232773 225.8740692355172
0.2079364401470613 227.4827188716283
0.2089361345708452 229.0788082418893
0.2099358289946292 230.6806500607854
0.2109355234184131 232.2882249097255
0.211935217842197 233.901485846744
0.212934912265981 235.5202909013507
0.2139346066897649 237.144641617454
0.2149343011135489 238.7747863143413
0.2159339955373328 240.4106035478188
0.2169336899611168 242.051994950658
0.2179333843849007 243.6988239814492
0.2189330788086847 245.263518760706
0.2199327732324686 247.0461658566958
0.2209324676562526 248.6433572762312
0.2219321620800365 250.3419473549346
0.2229318565038205 252.0169866580008
0.2239315509276044 253.6975762734989
0.2249312453513884 255.3842854212869
0.2259309397751723 257.0762143449972
0.2269306341989563 258.7738444640215
0.2279303286227402 260.4771086205507
0.2289300230465242 262.1862951859393
0.2299297174703081 263.8267925141557
0.2309294118940921 265.5734837010435
0.231929106317876 267.3557172128542
0.23292880074166 269.0517270829274
0.2339284951654439 270.8161193050793
0.2349281895892278 272.5591486478754
0.2359278840130118 274.3075790143676
0.2369275784367957 275.9887524904043
0.2379272728605797 277.8506326673226
0.2389269672843636 279.558595713887
0.2399266617081476 281.3542692273397
0.2409263561319315 283.1300095954917
0.2419260505557155 284.9119907532015
0.2429257449794994 286.6992406708618
0.2439254394032834 288.4923544899991
0.2449251338270673 290.290706760071
0.2459248282508513 292.0948628959614
0.2469245226746352 293.9047221611776
0.2479242170984192 295.7200983420222
0.2489239115222031 297.541144162777
0.2499236059459871 299.3674476242372
0.250923300369771 301.1996914581843
0.251922994793555 303.0373983008625
0.2529226892173389 304.8809530228521
0.2539223836411229 306.7298362303346
0.2549220780649068 308.5842511608149
0.2559217724886908 310.4445208156689
0.2569214669124747 312.3104907493848
0.2579211613362586 314.1820838418769
0.2589208557600426 316.058771745518
0.2599205501838265 317.9412190506393
0.2609202446076105 319.8293301304121
0.2619199390313944 321.72336249756
0.2629196334551784 323.6228499976004
0.2639193278789623 325.5277233948048
0.2649190223027463 327.4380709922816
0.2659187167265302 329.3541296522395
0.2669184111503142 331.2761233149252
0.2679181055740981 333.2036519160781
0.2689177999978821 335.1367604173134
0.269917494421666 337.0752199123987
0.27091718884545 339.0193870438951
0.2719168832692339 340.9694299492111
0.2729165776930179 342.925096098154
0.2739162721168018 344.886553153881
0.2749159665405858 346.7849714501193
0.2759156609643697 348.8530026981329
0.2769153553881537 350.777476824242
0.2779150498119376 352.7885842569371
0.2789147442357216 354.7780569278953
0.2799144386595055 356.7726672846296
0.2809141330832894 358.773305843744
0.2819138275070734 360.7795052191174
0.2829135219308573 362.791239234593
0.2839132163546413 364.8089011063973
0.2849129107784252 366.831636870483
0.2859126052022092 368.8602679613711
0.2869122996259931 370.8942968336511
0.2879119940497771 372.934024881344
0.288911688473561 374.9795914883612
0.289911382897345 376.9371625979595
0.2909110773211289 379.1182524720156
0.2919107717449129 381.1070965904087
0.2929104661686968 383.2097570664361
0.2939101605924808 385.282531644309
0.2949098550162647 387.3614121085299
0.2959095494400487 389.4462286931849
0.2969092438638326 391.5362229916492
0.2979089382876166 393.6321305476938
0.2989086327114005 395.7331703383482
0.2999083271351845 397.8400324251942
0.3009080215589684 399.9522936542956
0.3019077159827523 402.0706815602762
0.3029074104065363 404.1952388591143
0.3039071048303202 406.2353181965355
0.3049067992541042 408.4961127228166
0.3059064936778881 410.5648820378353
0.3069061881016721 412.6580690837772
0.307905882525456 414.8542615276573
0.30890557694924 417.0421957052783
0.3099052713730239 419.1819716546768
0.3109049657968079 421.3778363544358
0.3119046602205918 423.5505444578563
0.3129043546443758 426.5472309177928
0.3139040490681597 427.3456042716948
0.3149037434919437 430.2724490947148
0.3159034379157276 432.3138270658635
0.3169031323395116 434.5159805310741
0.3179028267632955 436.7235809241064
0.3189025211870795 438.9367775513587
0.3199022156108634 441.1538053465717
0.3209019100346474 443.3791983680166
0.3219016044584313 445.6099676631618
0.3229012988822153 447.7790992500048
0.3239009933059992 450.1078745392534
0.3249006877297831 452.1975262550264
0.3259003821535671 454.6244110983041
0.326900076577351 456.8005569982495
0.327899771001135 459.107992194404
0.3288994654249189 461.3783436583119
0.3298991598487029 463.6539071565192
0.3308988542724868 465.9339449233846
0.3318985486962708 468.2201380494738
0.3328982431200547 470.5106831359989
0.3338979375438387 472.8073530117583
0.3348976319676226 475.1108551349873
0.3358973263914066 477.419394203628
0.3368970208151905 479.7341592786974
0.3378967152389745 482.0539405970494
0.3388964096627584 484.3781825703507
0.3398961040865424 486.7085360201998
0.3408957985103263 489.044364319577
0.3418954929341103 491.3861825273687
0.3428951873578942 493.7346058106675
0.3438948817816782 496.0879907964095
0.3448945762054621 498.4466580603137
0.3458942706292461 501.1223605901204
0.34689396505303 502.9334749317091
0.3478936594768139 505.6003189438664
0.3488933539005979 507.943225722938
0.3498930483243818 510.3303735593976
0.3508927427481658 512.7235464592826
0.3518924371719497 515.1218812242283
0.3528921315957337 517.4377450244277
0.3538918260195176 519.9586756045004
0.3548915204433016 522.3038057064093
0.3558912148670855 524.7598377758994
0.3568909092908695 527.1852843548405
0.3578906037146534 529.6166211760261
0.3588902981384374 532.0542478353158
0.3598899925622213 534.4969269226566
0.3608896869860053 536.8102271295977
0.3618893814097892 539.4349138148481
0.3628890758335732 541.7865903192626
0.3638887702573571 544.3022060777051
0.3648884646811411 546.7717802528498
0.365888159104925 549.1717592090275
0.366887853528709 551.7524285698628
0.3678875479524929 554.1798450228309
0.3688872423762769 556.6460227999997
0.3698869368000608 559.136689258668
0.3708866312238447 561.6979643825634
0.3718863256476287 564.1650551250627
0.3728860200714126 566.7152919314867
0.3738857144951966 569.2350943030174
0.3748854089189805 571.7618333698828
0.3758851033427645 574.2942988714756
0.3768847977665484 576.8322983405765
0.3778844921903324 579.375845233119
0.3788841866141163 581.9240750078922
0.3798838810379003 584.4774289089645
0.3808835754616842 587.0363211632048
0.3818832698854682 589.601229878138
0.3828829643092521 592.1721316428882
0.3838826587330361 594.7494993182469
0.38488235315682 597.225037713999
0.385882047580604 599.9588872992641
0.3868817420043879 602.464646331778
0.3878814364281719 605.1143603475364
0.3888811308519558 607.7176343436387
0.3898808252757398 610.3271459411365
0.3908805196995237 612.9420398266549
0.3918802141233077 615.494444380569
0.3928799085470916 618.2082093320391
0.3938796029708755 620.565857371972
0.3948792973946595 623.5450687322309
0.3958789918184434 625.8888972630447
0.3968786862422274 628.730754742438
0.3978783806660113 631.364278025818
0.3988780750897953 633.9357153666201
0.3998777695135792 636.6822891973832
0.4008774639373632 639.2822440595816
0.4018771583611471 642.0391090273251
0.4028768527849311 644.690292219392
0.403876547208715 647.3183886730802
0.404876241632499 650.1125237782636
0.4058759360562829 652.7438888447857
0.4068756304800669 655.4814860611568
0.4078753249038508 658.1100207329197
0.4088750193276348 660.8278365299071
0.4098747137514187 663.6151371766831
0.4108744081752027 666.0768493899273
0.4118741025989866 669.1562410208074
0.4128737970227706 671.7127604284724
0.4138734914465545 674.4706461458795
0.4148731858703385 677.3467768409345
0.4158728802941224 680.0221031910655
0.4168725747179063 682.8297330925366
0.4178722691416903 685.6756197873676
0.4188719635654742 688.3398899531599
0.4198716579892582 691.1845815548011
0.4208713524130421 693.9287030587541
0.4218710468368261 696.5999923329404
0.42287074126061 699.5490265621241
0.423870435684394 702.2534970317304
0.4248701301081779 704.8544449512564
0.4258698245319619 708.0115884869754
0.4268695189557458 710.6119064189219
0.4278692133795298 713.5526778154954
0.4288689078033137 716.3794013251718
0.4298686022270977 719.1142534602222
0.4308682966508816 721.9752559187966
0.4318679910746656 724.8792864101682
0.4328676854984495 727.6955202549193
0.4338673799222335 730.6018845034033
0.4348670743460174 733.4623931580813
0.4358667687698014 736.3294020693484
0.4368664631935853 739.1989226733122
0.4378661576173692 741.9746022163774
0.4388658520411532 744.7648239511487
0.4398655464649371 747.8634663552406
0.4408652408887211 750.6259626552312
0.441864935312505 753.5406879009986
0.442864629736289 756.580652486526
0.4438643241600729 759.4121973497942
0.4448640185838569 762.3815921263779
0.4458637130076408 765.58071003339
0.4468634074314248 767.7227027460243
0.4478631018552087 771.1201813192677
0.4488627962789927 774.0451913821715
0.4498624907027766 777.0413846072704
0.4508621851265606 779.8649448480944
0.4518618795503445 782.9770981081121
0.4528615739741285 785.83889952321
0.4538612683979124 788.8689506032528
0.4548609628216964 791.8439177342157
0.4558606572454803 794.82494294967
0.4568603516692643 797.742992507745
0.4578600460930482 800.808799907217
0.4588597405168322 803.7512834981742
0.4598594349406161 806.7717402439071
0.4608591293644 809.6759611540077
0.461858823788184 812.8078803752176
0.4628585182119679 815.745333349462
0.4638582126357519 818.7125785564844
0.4648579070595358 821.8011722872009
0.4658576014833198 824.7416701347653
0.4668572959071037 827.9038928084776
0.4678569903308877 830.9056026628839
0.4688566847546716 834.0073731863558
0.4698563791784556 837.0652001106689
0.4708560736022395 839.9497101886641
0.4718557680260235 843.242235523921
0.4728554624498074 846.0460774307387
0.4738551568735914 849.1310942810537
0.4748548512973753 852.0950699799409
0.4758545457211593 855.472276499734
0.4768542401449432 858.4232828489012
0.4778539345687272 861.6693036943276
0.4788536289925111 864.6531787754204
0.4798533234162951 867.6208123791054
0.480853017840079 871.0305807699342
0.481852712263863 873.8619260697502
0.4828524066876469 877.0435687864984
0.4838521011114308 880.2768953562662
0.4848517955352148 883.3985078902223
0.4858514899589987 886.4927283766908
0.4868511843827827 889.6870721542566
0.4878508788065666 892.9031489097267
0.4888505732303506 895.8961367012013
0.4898502676541345 899.2684173388871
0.4908499620779185 902.3412799344726
0.4918496565017024 905.328054048318
0.4928493509254864 908.6524298729942
0.4938490453492703 911.7738477343015
0.4948487397730543 914.9746142235873
0.4958484341968382 918.562280997726
0.4968481286206222 921.2025511777888
0.4978478230444061 924.8028551973038
0.4988475174681901 926.9466733351658
0.499847211891974 931.7916078658942
0.500846906315758 934.1238762593069
0.501846600739542 937.4151093175708
0.502846295163326 940.9356041236863
0.50384598958711 943.9028951087043
0.504845684010894 947.2704484966463
0.505845378434678 950.6001493429878
0.506845072858462 953.810374798048
0.507844767282246 957.6100351332863
0.50884446170603 959.6785292228516
0.509844156129814 963.5464301408416
0.510843850553598 966.7617627687267
0.5118435449773821 969.8659392570801
0.5128432394011661 973.4698037869725
0.5138429338249501 976.6004621764463
0.5148426282487341 980.0064046964867
0.5158423226725181 983.2980405355797
0.5168420170963021 986.5804835247881
0.5178417115200861 989.4251409391504
0.5188414059438701 993.5189141796367
0.5198411003676541 995.9829462209851
0.5208407947914381 1000.139485377637
0.5218404892152221 1003.115383723391
0.5228401836390061 1006.659106561335
0.5238398780627901 1009.772153171758
0.5248395724865741 1013.365341635757
0.5258392669103581 1016.678994477609
0.5268389613341421 1019.77823051612
0.5278386557579261 1023.517195192071
0.5288383501817101 1026.308892005522
0.5298380446054941 1030.164998757463
0.5308377390292781 1033.416209307011
0.5318374334530621 1036.888980816251
0.5328371278768461 1040.265094340215
0.5338368223006301 1043.716544017809
0.5348365167244141 1047.121734377152
0.5358362111481981 1049.968169672972
0.5368359055719821 1054.057982525268
0.5378355999957661 1057.292953711713
0.5388352944195501 1060.480063257696
0.5398349888433341 1064.189592474708
0.5408346832671181 1067.406285447526
0.5418343776909022 1071.049496165576
0.5428340721146862 1074.204190531941
0.5438337665384702 1078.286350783634
0.5448334609622542 1080.69597563017
0.5458331553860382 1084.86139755993
0.5468328498098222 1088.127680498865
0.5478325442336062 1091.209040483091
0.5488322386573902 1096.070564500054
0.5498319330811742 1097.930066145862
0.5508316275049582 1101.936192292092
0.5518313219287422 1105.398354436234
0.5528310163525262 1108.640227133939
0.5538307107763102 1111.85985456761
0.5548304052000942 1115.816103605807
0.5558300996238782 1119.241535636455
0.5568297940476622 1122.820371816611
0.5578294884714462 1125.787306140107
0.5588291828952302 1129.900902265048
0.5598288773190142 1132.142898679457
0.5608285717427982 1138.493668908121
0.5618282661665822 1139.503366224815
0.5628279605903662 1144.690259720387
0.5638276550141502 1146.708112685464
0.5648273494379342 1150.906379950618
0.5658270438617182 1155.60569500497
0.5668267382855022 1154.875967529555
0.5678264327092862 1162.441904985749
0.5688261271330702 1162.247735411123
0.5698258215568542 1166.87971403328
0.5708255159806382 1169.451165308305
0.5718252104044223 1174.18784834148
0.5728249048282063 1175.113414646452
0.5738245992519903 1183.780212073027
0.5748242936757743 1184.122326117548
0.5758239880995583 1187.054530416914
0.5768236825233423 1185.708507236508
0.5778233769471263 1194.045849313033
0.5788230713709103 1192.899047126789
0.5798227657946943 1199.68715440296
0.5808224602184783 1197.903941736829
0.5818221546422623 1205.910707873532
0.5828218490660463 1207.319349897869
0.5838215434898303 1206.857440098692
0.5848212379136143 1214.114530249111
0.5858209323373983 1213.543337788021
0.5868206267611823 1219.745892579768
0.5878203211849663 1216.10822780318
0.5888200156087503 1221.736525911536
0.5898197100325343 1221.323761264544
0.5908194044563183 1228.080053838759
0.5918190988801023 1227.94177850269
0.5928187933038863 1222.411329295779
0.5938184877276703 1234.221125597557
0.5948181821514543 1234.297065509998
0.5958178765752383 1238.922791897095
0.5968175709990223 1237.833254488681
0.5978172654228063 1237.806499961051
0.5988169598465903 1244.828407936789
0.5998166542703743 1250.577630396768
0.6008163486941583 1247.136228128798
0.6018160431179424 1246.385470167673
0.6028157375417264 1253.056748338156
0.6038154319655104 1244.019997880571
0.6048151263892944 1248.80170887004
0.6058148208130784 1248.936279765107
0.6068145152368624 1253.585803153959
0.6078142096606464 1250.24745123035
0.6088139040844304 1260.819369445277
0.6098135985082144 1253.054640278932
0.6108132929319984 1256.621723040424
0.6118129873557824 1257.110517597385
0.6128126817795664 1254.690237884299
0.6138123762033504 1257.00652696452
0.6148120706271344 1255.061885969951
0.6158117650509184 1263.504887040618
0.6168114594747024 1268.830646825713
0.6178111538984864 1261.06387801766
0.6188108483222704 1265.620202403406
0.6198105427460544 1271.169705381519
0.6208102371698384 1263.666233255228
0.6218099315936224 1259.757476237858
0.6228096260174064 1268.925803656367
0.6238093204411904 1256.385505542304
0.6248090148649744 1268.703356055876
0.6258087092887584 1270.89988699293
0.6268084037125424 1269.314855991579
0.6278080981363264 1262.858412940436
0.6288077925601104 1264.215670006596
0.6298074869838944 1275.087292270677
0.6308071814076784 1269.050731916607
0.6318068758314624 1272.982136818552
0.6328065702552465 1262.406806750965
0.6338062646790305 1272.526100491826
0.6348059591028145 1260.978962769833
0.6358056535265985 1286.30511295687
0.6368053479503825 1254.82562158981
0.6378050423741665 1280.498147428076
0.6388047367979505 1261.343662763092
0.6398044312217345 1277.987131178252
0.6408041256455185 1262.848530249973
0.6418038200693025 1277.238693395589
0.6428035144930865 1266.820123168093
0.6438032089168705 1281.036328483209
0.6448029033406545 1260.921357994894
0.6458025977644385 1264.912636562389
0.6468022921882225 1278.929707660992
0.6478019866120065 1277.263544522697
0.6488016810357905 1280.644800143396
0.6498013754595745 1270.673385339743
0.6508010698833585 1282.458455043145
0.6518007643071425 1275.320946448788
0.6528004587309265 1279.936364975814
0.6538001531547105 1282.801736062313
0.6547998475784945 1265.857611668167
0.6557995420022785 1281.863256441103
0.6567992364260625 1262.31172037865
0.6577989308498465 1277.578913242048
0.6587986252736305 1270.841739967735
0.6597983196974145 1261.785159088917
0.6607980141211985 1271.942954543562
0.6617977085449825 1254.840729328585
0.6627974029687666 1266.154587478574
0.6637970973925506 1251.75727145196
0.6647967918163346 1256.715358605853
0.6657964862401186 1263.554943140099
0.6667961806639026 1254.840126228686
0.6677958750876866 1260.248154455768
0.6687955695114706 1249.849654097842
0.6697952639352546 1255.143454799082
0.6707949583590386 1256.653832010701
0.6717946527828226 1254.246900989066
0.6727943472066066 1242.974434159623
0.6737940416303906 1254.896000796611
0.6747937360541746 1255.542498661563
0.6757934304779586 1239.974760440844
0.6767931249017426 1246.424365520479
0.6777928193255266 1240.942817665391
0.6787925137493106 1236.697466033528
0.6797922081730946 1236.015165713923
0.6807919025968786 1236.591980995901
0.6817915970206626 1251.552184394618
0.6827912914444466 1240.388054271274
0.6837909858682306 1236.880988878235
0.6847906802920146 1237.602112436405
0.6857903747157986 1238.761947400521
0.6867900691395826 1232.084188176508
0.6877897635633666 1222.621883785545
0.6887894579871506 1237.197833368296
0.6897891524109346 1228.748117753314
0.6907888468347186 1215.439637751337
0.6917885412585026 1224.531981648097
0.6927882356822867 1230.060878755146
0.6937879301060707 1215.238426884916
0.6947876245298547 1226.179365446477
0.6957873189536387 1210.701068281317
0.6967870133774227 1227.234499605935
0.6977867078012067 1207.074638663162
0.6987864022249907 1215.894334581606
0.6997860966487747 1225.092582236044
0.7007857910725587 1215.823614597908
0.7017854854963427 1203.050859502992
0.7027851799201267 1221.471290541125
0.7037848743439107 1210.009223200689
0.7047845687676947 1208.158446868574
0.7057842631914787 1201.875056789327
0.7067839576152627 1214.311332746187
0.7077836520390467 1200.707340903436
0.7087833464628307 1191.998054241833
0.7097830408866147 1208.480639634284
0.7107827353103987 1196.783022814124
0.7117824297341827 1189.975419197658
0.7127821241579667 1200.206235116875
0.7137818185817507 1201.465517126243
0.7147815130055347 1183.786444927174
0.7157812074293187 1204.702774904285
0.7167809018531027 1195.373080098175
0.7177805962768867 1181.500144102359
0.7187802907006707 1203.772747364365
0.7197799851244547 1185.850428536272
0.7207796795482387 1199.689469519317
0.7217793739720227 1186.76449905642
0.7227790683958068 1192.782229934738
0.7237787628195908 1183.689345245276
0.7247784572433748 1180.289517694238
0.7257781516671588 1188.056265708533
0.7267778460909428 1170.715373167997
0.7277775405147268 1177.322704288327
0.7287772349385108 1168.878904028888
0.7297769293622948 1189.175857449073
0.7307766237860788 1166.39168819931
0.7317763182098628 1173.509262780267
0.7327760126336468 1174.454038734244
0.7337757070574308 1171.915626142332
0.7347754014812148 1172.914127854964
0.7357750959049988 1165.115861599914
0.7367747903287828 1166.120476935055
0.7377744847525668 1169.726000644419
0.7387741791763508 1161.578569464052
0.7397738736001348 1174.39599766038
0.7407735680239188 1168.901095151149
0.7417732624477028 1167.588862845994
0.7427729568714868 1152.544026706277
0.7437726512952708 1159.997949159739
0.7447723457190548 1144.001789790965
0.7457720401428388 1154.924697763442
0.7467717345666228 1140.151793440884
0.7477714289904068 1152.469838384671
0.7487711234141908 1168.357949046455
0.7497708178379748 1152.562248106834
0.7507705122617588 1153.333720949911
0.7517702066855428 1162.96595070231
0.7527699011093268 1142.094357631821
0.7537695955331109 1154.074939985449
0.7547692899568949 1149.534807949877
0.7557689843806789 1147.920011522794
0.7567686788044629 1150.386583254998
0.7577683732282469 1154.292939556972
0.7587680676520309 1151.980740360981
0.7597677620758149 1163.07642105075
0.7607674564995989 1140.964507900487
0.7617671509233829 1163.606301907504
0.7627668453471669 1142.034065105251
0.7637665397709509 1164.318599334783
0.7647662341947349 1161.515002636927
0.7657659286185189 1160.745770584166
0.7667656230423029 1179.723245546996
0.7677653174660869 1158.489045599799
0.7687650118898709 1180.251925296797
0.7697647063136549 1165.312383098169
0.7707644007374389 1169.07728007866
0.7717640951612229 1178.907885039295
0.7727637895850069 1187.584033475099
0.7737634840087909 1167.962959731088
0.7747631784325749 1180.418086035675
0.7757628728563589 1195.575534430757
0.7767625672801429 1179.468892258866
0.7777622617039269 1192.893890160046
0.7787619561277109 1182.78626985041
0.7797616505514949 1186.48962876041
0.7807613449752789 1183.355671151644
0.7817610393990629 1182.938605556253
0.7827607338228469 1185.753506858859
0.783760428246631 1174.43708721403
0.784760122670415 1191.836272263665
0.785759817094199 1193.011543697751
0.786759511517983 1187.439827598313
0.787759205941767 1200.854799188092
0.788758900365551 1195.71735719826
0.789758594789335 1175.9232315214
0.790758289213119 1196.362804211233
0.791757983636903 1185.64787977025
0.792757678060687 1185.914947693342
0.793757372484471 1177.026397832959
0.794757066908255 1197.906024660699
0.795756761332039 1190.946227238271
0.796756455755823 1177.324179464939
0.797756150179607 1193.791192488866
0.798755844603391 1203.0884395108
0.799755539027175 1178.775694514172
0.800755233450959 1189.915581657665
0.801754927874743 1190.177578579259
0.802754622298527 1162.449706222363
0.803754316722311 1201.767729564747
0.804754011146095 1179.635445812679
0.805753705569879 1197.987199394418
0.806753399993663 1164.809441428816
0.807753094417447 1201.02367320595
0.808752788841231 1179.028322594865
0.809752483265015 1179.389416559271
0.810752177688799 1173.315845621184
0.811751872112583 1189.262319122074
0.812751566536367 1170.136780692388
0.8137512609601511 1166.860444554486
0.8147509553839351 1177.200563813433
0.8157506498077191 1180.83502505606
0.8167503442315031 1159.691495914467
0.8177500386552871 1179.923222255249
0.8187497330790711 1174.029441947658
0.8197494275028551 1181.757810323509
0.8207491219266391 1172.735846215415
0.8217488163504231 1179.142368557332
0.8227485107742071 1207.369703877644
0.8237482051979911 1201.892507301692
0.8247478996217751 1204.382109148917
0.8257475940455591 1207.10888334568
0.8267472884693431 1224.570751993654
0.8277469828931271 1222.886220841484
0.8287466773169111 1220.911722100353
0.8297463717406951 1208.11855504106
0.8307460661644791 1238.70554208458
0.8317457605882631 1203.626893746739
0.8327454550120471 1219.256260617448
0.8337451494358311 1224.794566444876
0.8347448438596151 1213.489938523668
0.8357445382833991 1212.242674770868
0.8367442327071831 1227.207107093563
0.8377439271309671 1212.640511308487
0.8387436215547511 1217.261237185646
0.8397433159785351 1229.852807484637
0.8407430104023191 1212.962120828434
0.8417427048261031 1191.73840934577
0.8427423992498871 1222.041707680249
0.8437420936736712 1190.598285395785
0.8447417880974552 1209.133372310809
0.8457414825212392 1184.115648604429
0.8467411769450232 1202.482337535354
0.8477408713688072 1193.380545766155
0.8487405657925912 1198.10560418608
0.8497402602163752 1194.090785862337
0.8507399546401592 1161.570440359373
0.8517396490639432 1190.472347289761
0.8527393434877272 1165.501803027834
0.8537390379115112 1157.200515334194
0.8547387323352952 1161.660483788114
0.8557384267590792 1191.33882644588
0.8567381211828632 1152.949613282978
0.8577378156066472 1159.708252478338
0.8587375100304312 1168.56885555407
0.8597372044542152 1153.284499376426
0.8607368988779992 1156.907980676951
0.8617365933017832 1161.931932703459
0.8627362877255672 1156.570366331636
0.8637359821493512 1169.041911099059
0.8647356765731352 1156.002429675526
0.8657353709969192 1181.160940853166
0.8667350654207032 1172.617451232784
0.8677347598444872 1164.54463702174
0.8687344542682712 1177.913267893317
0.8697341486920552 1161.120282383854
0.8707338431158392 1194.90699183535
0.8717335375396232 1163.915610408323
0.8727332319634072 1184.107678758006
0.8737329263871912 1184.960264048553
0.8747326208109753 1187.330947192546
0.8757323152347593 1166.805217862212
0.8767320096585433 1174.190675654672
0.8777317040823273 1166.866998041379
0.8787313985061113 1187.640904906852
0.8797310929298953 1152.303801712114
0.8807307873536793 1178.598595091784
0.8817304817774633 1153.864313759691
0.8827301762012473 1167.226968127884
0.8837298706250313 1137.894958743626
0.8847295650488153 1157.144536273099
0.8857292594725993 1145.450890066002
0.8867289538963833 1129.962940100113
0.8877286483201673 1146.566128178589
0.8887283427439513 1133.648728587157
0.8897280371677353 1137.56077950535
0.8907277315915193 1135.646739307604
0.8917274260153033 1147.613241919965
0.8927271204390873 1147.151179559246
0.8937268148628713 1119.716333688364
0.8947265092866553 1153.968305728326
0.8957262037104393 1124.771804801215
0.8967258981342233 1128.424535114155
0.8977255925580073 1143.560461041779
0.8987252869817913 1119.803056407436
0.8997249814055753 1124.927719356503
0.9007246758293593 1125.8242232735
0.9017243702531433 1112.813434294286
0.9027240646769273 1132.072467786741
0.9037237591007113 1100.103275421126
0.9047234535244954 1112.92360632526
0.9057231479482794 1106.950635689885
0.9067228423720634 1114.393541381028
0.9077225367958474 1080.316697774485
0.9087222312196314 1105.959399421105
0.9097219256434154 1075.727155241016
0.9107216200671994 1091.913277402524
0.9117213144909834 1083.217939088066
0.9127210089147674 1088.287709452974
0.9137207033385514 1088.568404250683
0.9147203977623354 1102.024579342465
0.9157200921861194 1084.360228465191
0.9167197866099034 1109.389895289019
0.9177194810336874 1083.657775787455
0.9187191754574714 1102.32642469041
0.9197188698812554 1107.469417739309
0.9207185643050394 1077.382575064055
0.9217182587288234 1116.084285666722
0.9227179531526074 1106.190124473501
0.9237176475763914 1085.147469101023
0.9247173420001754 1118.501648301489
0.9257170364239594 1090.485763169481
0.9267167308477434 1089.742157605064
0.9277164252715274 1087.768537888775
0.9287161196953114 1088.726567078771
0.9297158141190954 1101.608286758155
0.9307155085428794 1087.056292974745
0.9317152029666634 1086.911751003252
0.9327148973904474 1106.132656262858
0.9337145918142314 1073.170995816635
0.9347142862380155 1090.418735548621
0.9357139806617995 1088.797322409697
0.9367136750855835 1092.31966707241
0.9377133695093675 1081.917529207459
0.9387130639331515 1107.514044843707
0.9397127583569355 1082.711995026395
