"Convergence history of Static Pressure on point-2 (in SI units)"
"Flow Time" "Vertex Average Static Pressure"
0.0009996944237839502 12.08131885528565
0.0019993888475679 12.22430610656738
0.00299908327135185 12.42093181610107
0.003998777695135801 11.33073329925537
0.004998472118919751 12.19828605651856
0.005998166542703702 12.11428928375244
0.006997860966487652 12.01887035369873
0.007997555390271601 12.64550876617432
0.008997249814055551 11.70192813873291
0.009996944237839501 11.71822834014893
0.01099663866162345 12.4304141998291
0.0119963330854074 12.10367488861084
0.01299602750919135 11.92377471923828
0.0139957219329753 12.24269866943359
0.01499541635675925 12.24733543395996
0.0159951107805432 11.92199325561523
0.01699480520432715 11.92238616943359
0.0179944996281111 12.40870189666748
0.01899419405189505 11.92284679412842
0.019993888475679 11.93234825134277
0.02099358289946296 12.23789691925049
0.02199327732324691 12.23813438415527
0.02299297174703086 11.7709436416626
0.02399266617081481 12.40994930267334
0.02499236059459876 11.92406558990479
0.02599205501838271 11.93355560302734
0.02699174944216666 12.39183235168457
0.02799144386595062 11.93402099609375
0.02899113828973457 11.93417549133301
0.02999083271351852 12.3924446105957
0.03099052713730247 11.93461418151856
0.03199022156108642 11.93479728698731
0.03298991598487037 12.39305782318115
0.03398961040865432 11.78254413604736
0.03498930483243826 12.24077606201172
0.03598899925622221 12.24094390869141
0.03698869368000616 11.78317451477051
0.03798838810379011 12.24139976501465
0.03898808252757405 12.24153995513916
0.039987776951358 11.78379154205322
0.04098747137514195 12.24200248718262
0.0419871657989259 12.08947563171387
0.04298686022270985 12.08970832824707
0.04398655464649379 12.0899019241333
0.04498624907027774 12.09010219573975
0.04598594349406169 12.09030055999756
0.04698563791784564 12.24318790435791
0.04798533234162958 11.78540897369385
0.04898502676541353 12.24361705780029
0.04998472118919748 12.09108066558838
0.05098441561298143 12.08193969726563
0.05198411003676538 12.11026763916016
0.05298380446054932 12.0823564529419
0.05398349888433327 12.0919246673584
0.05498319330811722 12.09212970733643
0.05598288773190117 12.09233093261719
0.05698258215568511 12.08312892913818
0.05798227657946906 12.11148166656494
0.05898197100325301 12.07419109344482
0.05998166542703696 12.11187839508057
0.06098135985082091 12.08394908905029
0.06198105427460485 12.08416748046875
0.06298074869838881 12.11247634887695
0.06398044312217276 12.08457088470459
0.0649801375459567 12.08476161956787
0.06597983196974065 12.11308479309082
0.0669795263935246 12.08516693115234
0.06797922081730855 12.08535003662109
0.0689789152410925 12.11369228363037
0.06997860966487644 12.07639789581299
0.07097830408866039 12.10471534729004
0.07197799851244434 12.09553527832031
0.07297769293622829 12.09573078155518
0.07397738736001223 12.0959358215332
0.07497708178379618 12.09613609313965
0.07597677620758013 12.09633922576904
0.07697647063136408 12.09654331207275
0.07797616505514803 12.09673595428467
0.07897585947893197 12.0969409942627
0.07997555390271592 12.09714317321777
0.08097524832649987 12.09733772277832
0.08197494275028382 12.09755420684815
0.08297463717406776 12.09773921966553
0.08397433159785171 12.09793758392334
0.08497402602163566 12.09812736511231
0.08597372044541961 12.09832286834717
0.08697341486920356 12.09854316711426
0.0879731092929875 12.09873771667481
0.08897280371677145 12.09893608093262
0.0899724981405554 12.09913730621338
0.09097219256433935 12.09933567047119
0.09197188698812329 12.09953594207764
0.09297158141190724 12.09973526000977
0.09397127583569119 12.09993362426758
0.09497097025947514 12.10013389587402
0.09597066468325909 12.10033226013184
0.09697035910704303 12.10053062438965
0.09797005353082698 12.10072994232178
0.09896974795461093 12.10092830657959
0.09996944237839488 12.10112762451172
0.1009691368021788 12.10132503509522
0.1019688312259628 12.10152816772461
0.1029685256497467 12.10172462463379
0.1039682200735307 12.10262680053711
0.1049679144973146 12.10146045684815
0.1059676089210986 12.10233974456787
0.1069673033448825 12.10247898101807
0.1079669977686665 12.10268402099609
0.1089666921924504 12.10290145874023
0.1099663866162344 12.10310935974121
0.1109660810400183 12.10330867767334
0.1119657754638023 12.10351085662842
0.1129654698875862 12.10370254516602
0.1139651643113702 12.10390758514404
0.1149648587351541 12.10410690307617
0.115964553158938 12.10430335998535
0.116964247582722 12.10450458526611
0.1179639420065059 12.10469150543213
0.1189636364302899 12.10489273071289
0.1199633308540738 12.10509204864502
0.1209630252778578 12.10528755187988
0.1219627197016417 12.10549259185791
0.1229624141254257 12.10568904876709
0.1239621085492096 12.10588836669922
0.1249618029729936 12.1060848236084
0.1259614973967775 12.10628414154053
0.1269611918205615 12.10648632049561
0.1279608862443454 12.1066837310791
0.1289605806681294 12.10688400268555
0.1299602750919133 12.10708332061768
0.1309599695156973 12.10727977752686
0.1319596639394812 12.10748767852783
0.1329593583632652 12.10768413543701
0.1339590527870491 12.10787296295166
0.1349587472108331 12.10808277130127
0.135958441634617 12.10827827453613
0.136958136058401 12.10847663879395
0.1379578304821849 12.10867500305176
0.1389575249059689 12.10887145996094
0.1399572193297528 12.10906982421875
0.1409569137535368 12.10926723480225
0.1419566081773207 12.10945510864258
0.1429563026011047 12.10966491699219
0.1439559970248886 12.10986137390137
0.1449556914486725 12.11005210876465
0.1459553858724565 12.11025238037109
0.1469550802962404 12.11044979095459
0.1479547747200244 12.11064910888672
0.1489544691438083 12.11084461212158
0.1499541635675923 12.11104106903076
0.1509538579913762 12.11124706268311
0.1519535524151602 12.11143970489502
0.1529532468389441 12.1116361618042
0.1539529412627281 12.11183452606201
0.154952635686512 12.11202907562256
0.155952330110296 12.11223316192627
0.1569520245340799 12.11243629455566
0.1579517189578639 12.11263179779053
0.1589514133816478 12.11281585693359
0.1599511078054318 12.11300277709961
0.1609508022292157 12.11320304870606
0.1619504966529997 12.11339569091797
0.1629501910767836 12.11359691619873
0.1639498855005676 12.11380100250244
0.1649495799243515 12.11399650573731
0.1659492743481354 12.11463356018066
0.1669489687719194 12.11396980285645
0.1679486631957033 12.1146240234375
0.1689483576194873 12.11471271514893
0.1699480520432712 12.11492538452148
0.1709477464670552 12.11513042449951
0.1719474408908391 12.11535358428955
0.1729471353146231 12.11557102203369
0.173946829738407 12.11578273773193
0.174946524162191 12.1159839630127
0.1759462185859749 12.11617183685303
0.1769459130097589 12.11637020111084
0.1779456074335428 12.11657619476318
0.1789453018573268 12.11675930023193
0.1799449962811107 12.11695575714111
0.1809446907048947 12.11716461181641
0.1819443851286786 12.11734580993652
0.1829440795524626 12.11754512786865
0.1839437739762465 12.11774349212647
0.1849434684000305 12.11794185638428
0.1859431628238144 12.1181526184082
0.1869428572475984 12.11833763122559
0.1879425516713823 12.1185417175293
0.1889422460951662 12.11873435974121
0.1899419405189502 12.11917495727539
0.1909416349427341 12.11888980865479
0.1919413293665181 12.1193323135376
0.192941023790302 12.11951160430908
0.193940718214086 12.119704246521
0.1949404126378699 12.11993408203125
0.1959401070616539 12.1201343536377
0.1969398014854378 12.12033843994141
0.1979394959092218 12.12054252624512
0.1989391903330057 12.12072849273682
0.1999388847567897 12.12092208862305
0.2009385791805736 12.12112236022949
0.2019382736043576 12.12130737304688
0.2029379680281415 12.12150573730469
0.2039376624519255 12.12171268463135
0.2049373568757094 12.1226282119751
0.2059370512994934 12.12144470214844
0.2069367457232773 12.12240791320801
0.2079364401470613 12.12242889404297
0.2089361345708452 12.12264633178711
0.2099358289946292 12.12287521362305
0.2109355234184131 12.12308597564697
0.211935217842197 12.12328910827637
0.212934912265981 12.12347793579102
0.2139346066897649 12.12367534637451
0.2149343011135489 12.12387466430664
0.2159339955373328 12.12407302856445
0.2169336899611168 12.12426948547363
0.2179333843849007 12.12446689605713
0.2189330788086847 12.12498569488525
0.2199327732324686 12.1245756149292
0.2209324676562526 12.12508201599121
0.2219321620800365 12.12523460388184
0.2229318565038205 12.12543487548828
0.2239315509276044 12.12564754486084
0.2249312453513884 12.12585067749023
0.2259309397751723 12.1260461807251
0.2269306341989563 12.12623405456543
0.2279303286227402 12.12642860412598
0.2289300230465242 12.12663173675537
0.2299297174703081 12.12664985656738
0.2309294118940921 12.12604427337647
0.231929106317876 12.12834930419922
0.23292880074166 12.12744903564453
0.2339284951654439 12.12760639190674
0.2349281895892278 12.12779808044434
0.2359278840130118 12.12801170349121
0.2369275784367957 12.12843608856201
0.2379272728605797 12.12820625305176
0.2389269672843636 12.12864875793457
0.2399266617081476 12.12877941131592
0.2409263561319315 12.12898445129395
0.2419260505557155 12.12919235229492
0.2429257449794994 12.12939548492432
0.2439254394032834 12.12959575653076
0.2449251338270673 12.12979316711426
0.2459248282508513 12.12999248504639
0.2469245226746352 12.13018035888672
0.2479242170984192 12.1303825378418
0.2489239115222031 12.13057994842529
0.2499236059459871 12.13077545166016
0.250923300369771 12.13097190856934
0.251922994793555 12.13117027282715
0.2529226892173389 12.13136863708496
0.2539223836411229 12.13156890869141
0.2549220780649068 12.13176536560059
0.2559217724886908 12.13196563720703
0.2569214669124747 12.13216400146484
0.2579211613362586 12.13235855102539
0.2589208557600426 12.13255119323731
0.2599205501838265 12.13275051116943
0.2609202446076105 12.13295269012451
0.2619199390313944 12.13314819335938
0.2629196334551784 12.13333606719971
0.2639193278789623 12.13353157043457
0.2649190223027463 12.13372611999512
0.2659187167265302 12.13391971588135
0.2669184111503142 12.1341142654419
0.2679181055740981 12.13430404663086
0.2689177999978821 12.13450527191162
0.269917494421666 12.13469886779785
0.27091718884545 12.13489437103272
0.2719168832692339 12.13508605957031
0.2729165776930179 12.13528442382813
0.2739162721168018 12.1354866027832
0.2749159665405858 12.13563346862793
0.2759156609643697 12.13592910766602
0.2769153553881537 12.13607978820801
0.2779150498119376 12.13628005981445
0.2789147442357216 12.1364803314209
0.2799144386595055 12.13667297363281
0.2809141330832894 12.13687419891357
0.2819138275070734 12.13705825805664
0.2829135219308573 12.1372594833374
0.2839132163546413 12.13745498657227
0.2849129107784252 12.13765525817871
0.2859126052022092 12.13783836364746
0.2869122996259931 12.13803482055664
0.2879119940497771 12.13823318481445
0.288911688473561 12.13842678070068
0.289911382897345 12.13748550415039
0.2909110773211289 12.13981819152832
0.2919107717449129 12.13878917694092
0.2929104661686968 12.13935279846191
0.2939101605924808 12.13950252532959
0.2949098550162647 12.13962459564209
0.2959095494400487 12.13979911804199
0.2969092438638326 12.13998508453369
0.2979089382876166 12.1401834487915
0.2989086327114005 12.14038753509522
0.2999083271351845 12.14057540893555
0.3009080215589684 12.14077663421631
0.3019077159827523 12.14096736907959
0.3029074104065363 12.14115047454834
0.3039071048303202 12.13862228393555
0.3049067992541042 12.14427375793457
0.3059064936778881 12.14174652099609
0.3069061881016721 12.14082145690918
0.307905882525456 12.14300155639648
0.30890557694924 12.14247894287109
0.3099052713730239 12.14252853393555
0.3109049657968079 12.14277648925781
0.3119046602205918 12.14292430877686
0.3129043546443758 12.50085735321045
0.3139040490681597 11.78555393218994
0.3149037434919437 12.14358711242676
0.3159034379157276 12.14364528656006
0.3169031323395116 12.14382743835449
0.3179028267632955 12.14404487609863
0.3189025211870795 12.14425754547119
0.3199022156108634 12.14444160461426
0.3209019100346474 12.14463329315186
0.3219016044584313 12.14482879638672
0.3229012988822153 12.154541015625
0.3239009933059992 12.13566875457764
0.3249006877297831 12.14660549163818
0.3259003821535671 12.1444673538208
0.326900076577351 12.14591693878174
0.327899771001135 12.14579677581787
0.3288994654249189 12.14602565765381
0.3298991598487029 12.146315574646
0.3308988542724868 12.14653396606445
0.3318985486962708 12.146728515625
0.3328982431200547 12.14690399169922
0.3338979375438387 12.14707756042481
0.3348976319676226 12.14727306365967
0.3358973263914066 12.14745903015137
0.3368970208151905 12.14764881134033
0.3378967152389745 12.1478271484375
0.3388964096627584 12.14802646636963
0.3398961040865424 12.14820384979248
0.3408957985103263 12.14838695526123
0.3418954929341103 12.14857578277588
0.3428951873578942 12.14875411987305
0.3438948817816782 12.14893913269043
0.3448945762054621 12.14913177490234
0.3458942706292461 12.32824039459229
0.34689396505303 11.97056770324707
0.3478936594768139 12.14979076385498
0.3488933539005979 12.14984321594238
0.3498930483243818 12.1500129699707
0.3508927427481658 12.15022945404053
0.3518924371719497 12.15046215057373
0.3528921315957337 12.15000057220459
0.3538918260195176 12.15153884887695
0.3548915204433016 12.15103816986084
0.3558912148670855 12.15152549743652
0.3568909092908695 12.15173721313477
0.3578906037146534 12.15191841125488
0.3588902981384374 12.15214920043945
0.3598899925622213 12.15240478515625
0.3608896869860053 12.15124797821045
0.3618893814097892 12.15414905548096
0.3628890758335732 12.15284442901611
0.3638887702573571 12.15360450744629
0.3648884646811411 12.15384674072266
0.365888159104925 12.15511798858643
0.366887853528709 12.15354251861572
0.3678875479524929 12.15544033050537
0.3688872423762769 12.15554428100586
0.3698869368000608 12.15740966796875
0.3708866312238447 12.15586185455322
0.3718863256476287 12.1564998626709
0.3728860200714126 12.15641593933106
0.3738857144951966 12.15653324127197
0.3748854089189805 12.15675163269043
0.3758851033427645 12.15694522857666
0.3768847977665484 12.15713214874268
0.3778844921903324 12.15732479095459
0.3788841866141163 12.1575231552124
0.3798838810379003 12.15775299072266
0.3808835754616842 12.15797805786133
0.3818832698854682 12.15821170806885
0.3828829643092521 12.1584358215332
0.3838826587330361 12.15866851806641
0.38488235315682 12.15875625610352
0.385882047580604 12.15929985046387
0.3868817420043879 12.1593828201294
0.3878814364281719 12.15964508056641
0.3888811308519558 12.15991401672363
0.3898808252757398 12.16014575958252
0.3908805196995237 12.1604061126709
0.3918802141233077 12.16016006469727
0.3928799085470916 12.16136741638184
0.3938796029708755 12.13978576660156
0.3948792973946595 12.18279075622559
0.3958789918184434 12.15697383880615
0.3968786862422274 12.16779708862305
0.3978783806660113 12.16147422790527
0.3988780750897953 12.16384696960449
0.3998777695135792 12.16167259216309
0.4008774639373632 12.16471767425537
0.4018771583611471 12.16204071044922
0.4028768527849311 12.16386127471924
0.403876547208715 12.16310405731201
0.404876241632499 12.16485404968262
0.4058759360562829 12.16427040100098
0.4068756304800669 12.16488742828369
0.4078753249038508 12.16500282287598
0.4088750193276348 12.16489505767822
0.4098747137514187 12.16623687744141
0.4108744081752027 12.1642541885376
0.4118741025989866 12.16803169250488
0.4128737970227706 12.16642284393311
0.4138734914465545 12.16749858856201
0.4148731858703385 12.16702938079834
0.4158728802941224 12.16752624511719
0.4168725747179063 12.16766357421875
0.4178722691416903 12.16757774353027
0.4188719635654742 12.16878509521484
0.4198716579892582 12.16861724853516
0.4208713524130421 12.16905212402344
0.4218710468368261 12.16820335388184
0.42287074126061 12.17065048217773
0.423870435684394 12.16964912414551
0.4248701301081779 12.15982532501221
0.4258698245319619 12.18116855621338
0.4268695189557458 12.17075824737549
0.4278692133795298 12.171067237854
0.4288689078033137 12.17138290405273
0.4298686022270977 12.1722002029419
0.4308682966508816 12.17004585266113
0.4318679910746656 12.17386436462402
0.4328676854984495 12.17250919342041
0.4338673799222335 12.17283821105957
0.4348670743460174 12.17320156097412
0.4358667687698014 12.17353343963623
0.4368664631935853 12.17382907867432
0.4378661576173692 12.17282295227051
0.4388658520411532 12.17537498474121
0.4398655464649371 12.17516803741455
0.4408652408887211 12.17512321472168
0.441864935312505 12.17581081390381
0.442864629736289 12.17546844482422
0.4438643241600729 12.17605495452881
0.4448640185838569 12.17628288269043
0.4458637130076408 12.54490089416504
0.4468634074314248 11.800368309021
0.4478631018552087 12.18588638305664
0.4488627962789927 12.17744255065918
0.4498624907027766 12.17780017852783
0.4508621851265606 12.17771911621094
0.4518618795503445 12.17838287353516
0.4528615739741285 12.1795654296875
0.4538612683979124 12.17945957183838
0.4548609628216964 12.1795711517334
0.4558606572454803 12.17984390258789
0.4568603516692643 12.18069934844971
0.4578600460930482 12.1801815032959
0.4588597405168322 12.18101978302002
0.4598594349406161 12.18121337890625
0.4608591293644 12.18267250061035
0.461858823788184 12.18091869354248
0.4628585182119679 12.18248844146729
0.4638582126357519 12.18216705322266
0.4648579070595358 12.18253898620606
0.4658576014833198 12.18449115753174
0.4668572959071037 12.18328285217285
0.4678569903308877 12.18404388427734
0.4688566847546716 12.18396854400635
0.4698563791784556 12.1845121383667
0.4708560736022395 12.18579864501953
0.4718557680260235 12.18461418151856
0.4728554624498074 12.18596744537354
0.4738551568735914 12.18585300445557
0.4748548512973753 12.17046070098877
0.4758545457211593 12.20251274108887
0.4768542401449432 12.18706703186035
0.4778539345687272 12.18734931945801
0.4788536289925111 12.18706130981445
0.4798533234162951 12.18701267242432
0.480853017840079 12.19050979614258
0.481852712263863 12.18811798095703
0.4828524066876469 12.19009113311768
0.4838521011114308 12.18801975250244
0.4848517955352148 12.19111442565918
0.4858514899589987 12.1895170211792
0.4868511843827827 12.18495845794678
0.4878508788065666 12.19729042053223
0.4888505732303506 12.19131755828857
0.4898502676541345 12.19195461273193
0.4908499620779185 12.19214344024658
0.4918496565017024 12.19171237945557
0.4928493509254864 12.19230937957764
0.4938490453492703 12.19386100769043
0.4948487397730543 12.19376945495606
0.4958484341968382 12.36928939819336
0.4968481286206222 12.0181999206543
0.4978478230444061 12.19552421569824
0.4988475174681901 11.82268619537354
0.499847211891974 12.56768131256104
0.500846906315758 12.19561004638672
0.501846600739542 12.19608116149902
0.502846295163326 12.19650268554688
0.50384598958711 12.19740676879883
0.504845684010894 12.19410228729248
0.505845378434678 12.20031070709229
0.506845072858462 12.197678565979
0.507844767282246 12.57393836975098
0.50884446170603 11.82400417327881
0.509844156129814 12.19920444488525
0.510843850553598 12.19955348968506
0.5118435449773821 12.21113586425781
0.5128432394011661 12.18759441375732
0.5138429338249501 12.20024681091309
0.5148426282487341 12.19999980926514
0.5158423226725181 12.2019681930542
0.5168420170963021 12.19882583618164
0.5178417115200861 12.02468013763428
0.5188414059438701 12.3823127746582
0.5198411003676541 12.00954818725586
0.5208407947914381 12.39553546905518
0.5218404892152221 12.20182323455811
0.5228401836390061 12.20662117004395
0.5238398780627901 12.20748043060303
0.5248395724865741 12.20250225067139
0.5258392669103581 12.2045431137085
0.5268389613341421 12.2038459777832
0.5278386557579261 12.20676994323731
0.5288383501817101 12.19932556152344
0.5298380446054941 12.2042932510376
0.5308377390292781 12.21606063842773
0.5318374334530621 12.20784091949463
0.5328371278768461 12.2066535949707
0.5338368223006301 12.21821784973145
0.5348365167244141 12.19865036010742
0.5358362111481981 12.0294246673584
0.5368359055719821 12.38844203948975
0.5378355999957661 12.21114540100098
0.5388352944195501 12.20871543884277
0.5398349888433341 12.20071220397949
0.5408346832671181 12.18028068542481
0.5418343776909022 12.25041961669922
0.5428340721146862 12.22491550445557
0.5438337665384702 12.62126922607422
0.5448334609622542 11.77205657958984
0.5458331553860382 12.23258018493652
0.5468328498098222 12.21033477783203
0.5478325442336062 12.03281021118164
0.5488322386573902 12.72920799255371
0.5498319330811742 11.8795051574707
0.5508316275049582 12.21274852752686
0.5518313219287422 12.06860160827637
0.5528310163525262 12.55596828460693
0.5538307107763102 11.81530666351318
0.5548304052000942 12.46228122711182
0.5558300996238782 12.18316459655762
0.5568297940476622 12.42092609405518
0.5578294884714462 12.00638103485107
0.5588291828952302 12.21936798095703
0.5598288773190142 11.83974361419678
0.5608285717427982 12.85887241363525
0.5618282661665822 11.91964340209961
0.5628279605903662 12.44471454620361
0.5638276550141502 11.84356594085693
0.5648273494379342 12.38869094848633
0.5658270438617182 12.7075366973877
0.5668267382855022 11.49300956726074
0.5678264327092862 12.8416805267334
0.5688261271330702 11.84738540649414
0.5698258215568542 12.14136123657227
0.5708255159806382 12.42299652099609
0.5718252104044223 12.27864837646484
0.5728249048282063 12.1160306930542
0.5738245992519903 13.28085708618164
0.5748242936757743 12.56157493591309
0.5758239880995583 11.8080587387085
0.5768236825233423 10.56553649902344
0.5778233769471263 12.92590236663818
0.5788230713709103 12.23442459106445
0.5798227657946943 13.63750171661377
0.5808224602184783 10.95785331726074
0.5818221546422623 13.06848907470703
0.5828218490660463 12.65813827514648
0.5838215434898303 10.88411808013916
0.5848212379136143 12.63068771362305
0.5858209323373983 12.88584518432617
0.5868206267611823 13.30625343322754
0.5878203211849663 11.0202693939209
0.5888200156087503 12.02234077453613
0.5898197100325343 11.78425312042236
0.5908194044563183 13.85799980163574
0.5918190988801023 12.42467021942139
0.5928187933038863 9.609797477722168
0.5938184877276703 13.00223445892334
0.5948181821514543 12.42575645446777
0.5958178765752383 14.34143352508545
0.5968175709990223 11.01307010650635
0.5978172654228063 11.08206653594971
0.5988169598465903 13.40848064422607
0.5998166542703743 13.85791206359863
0.6008163486941583 12.09214973449707
0.6018160431179424 9.599502563476563
0.6028157375417264 13.26352787017822
0.6038154319655104 10.82739067077637
0.6048151263892944 12.69351387023926
0.6058148208130784 11.87209987640381
0.6068145152368624 13.7282772064209
0.6078142096606464 10.65142059326172
0.6088139040844304 14.09273624420166
0.6098135985082144 11.49903392791748
0.6108132929319984 11.73237133026123
0.6118129873557824 12.53353118896484
0.6128126817795664 13.18015193939209
0.6138123762033504 10.93914413452148
0.6148120706271344 11.45452976226807
0.6158117650509184 15.19121646881104
0.6168114594747024 13.27120590209961
0.6178111538984864 11.47411155700684
0.6188108483222704 10.33187389373779
0.6198105427460544 12.75238132476807
0.6208102371698384 12.01962661743164
0.6218099315936224 10.39734268188477
0.6228096260174064 14.18833446502686
0.6238093204411904 11.2775297164917
0.6248090148649744 12.48642158508301
0.6258087092887584 16.23776054382324
0.6268084037125424 12.33127593994141
0.6278080981363264 8.683647155761719
0.6288077925601104 10.35874176025391
0.6298074869838944 15.47609901428223
0.6308071814076784 12.05972957611084
0.6318068758314624 13.16680335998535
0.6328065702552465 9.592877388000488
0.6338062646790305 13.06044292449951
0.6348059591028145 10.86590957641602
0.6358056535265985 18.99731826782227
0.6368053479503825 6.04557991027832
0.6378050423741665 14.00110149383545
0.6388047367979505 9.415143013000488
0.6398044312217345 16.30161476135254
0.6408041256455185 10.48772144317627
0.6418038200693025 13.69346809387207
0.6428035144930865 11.85765361785889
0.6438032089168705 17.83132171630859
0.6448029033406545 7.799816608428955
0.6458025977644385 9.491260528564453
0.6468022921882225 16.50312232971191
0.6478019866120065 15.21964836120606
0.6488016810357905 13.85699844360352
0.6498013754595745 8.149112701416016
0.6508010698833585 12.61690711975098
0.6518007643071425 12.7106466293335
0.6528004587309265 13.39197063446045
0.6538001531547105 14.77496910095215
0.6547998475784945 8.714591979980469
0.6557995420022785 13.51873207092285
0.6567992364260625 5.918783187866211
0.6577989308498465 15.35440731048584
0.6587986252736305 12.73830318450928
0.6597983196974145 10.88597679138184
0.6607980141211985 12.92204570770264
0.6617977085449825 11.25353240966797
0.6627974029687666 13.2686357498169
0.6637970973925506 9.436355590820313
0.6647967918163346 11.65234375
0.6657964862401186 16.28114128112793
0.6667961806639026 11.3184061050415
0.6677958750876866 12.56517124176025
0.6687955695114706 8.585945129394531
0.6697952639352546 11.32050895690918
0.6707949583590386 14.58017635345459
0.6717946527828226 12.48659515380859
0.6727943472066066 10.87632751464844
0.6737940416303906 10.75134754180908
0.6747937360541746 17.69851493835449
0.6757934304779586 7.389501571655273
0.6767931249017426 12.45416641235352
0.6777928193255266 12.76269817352295
0.6787925137493106 10.07829093933106
0.6797922081730946 10.34616279602051
0.6807919025968786 13.33554553985596
0.6817915970206626 17.07867240905762
0.6827912914444466 14.81591129302979
0.6837909858682306 8.809361457824707
0.6847906802920146 10.18870449066162
0.6857903747157986 14.69179344177246
0.6867900691395826 9.877949714660645
0.6877897635633666 6.564793586730957
0.6887894579871506 17.05814933776856
0.6897891524109346 13.25943279266357
0.6907888468347186 6.619597434997559
0.6917885412585026 12.76180171966553
0.6927882356822867 15.90483283996582
0.6937879301060707 9.943641662597656
0.6947876245298547 11.49347877502441
0.6957873189536387 10.79750442504883
0.6967870133774227 15.32679748535156
0.6977867078012067 8.126837730407715
0.6987864022249907 12.46628761291504
0.6997860966487747 14.72735595703125
0.7007857910725587 13.52501010894775
0.7017854854963427 5.871181488037109
0.7027851799201267 17.39188194274902
0.7037848743439107 11.36233997344971
0.7047845687676947 10.58680057525635
0.7057842631914787 8.710058212280273
0.7067839576152627 13.91249179840088
0.7077836520390467 14.62262725830078
0.7087833464628307 5.132663249969482
0.7097830408866147 17.60764122009277
0.7107827353103987 13.29335594177246
0.7117824297341827 8.112503051757813
0.7127821241579667 13.21460723876953
0.7137818185817507 16.68869209289551
0.7147815130055347 6.625521183013916
0.7157812074293187 15.01007080078125
0.7167809018531027 13.65577220916748
0.7177805962768867 7.181300640106201
0.7187802907006707 16.3365478515625
0.7197799851244547 14.44533920288086
0.7207796795482387 15.19959449768066
0.7217793739720227 11.86712169647217
0.7227790683958068 13.73747253417969
0.7237787628195908 11.41313457489014
0.7247784572433748 10.61494445800781
0.7257781516671588 15.10826587677002
0.7267778460909428 9.072149276733398
0.7277775405147268 13.20351982116699
0.7287772349385108 14.06868267059326
0.7297769293622948 17.2591609954834
0.7307766237860788 8.711467742919922
0.7317763182098628 14.17143821716309
0.7327760126336468 9.490611076354981
0.7337757070574308 13.06179714202881
0.7347754014812148 14.07723808288574
0.7357750959049988 11.70540046691895
0.7367747903287828 15.900559425354
0.7377744847525668 11.96987724304199
0.7387741791763508 12.67619895935059
0.7397738736001348 12.3305253982544
0.7407735680239188 13.65338897705078
0.7417732624477028 12.30396175384522
0.7427729568714868 7.751420974731445
0.7437726512952708 13.87698364257813
0.7447723457190548 11.15876960754395
0.7457720401428388 15.38032531738281
0.7467717345666228 7.903210163116455
0.7477714289904068 13.82556247711182
0.7487711234141908 18.1955451965332
0.7497708178379748 8.875530242919922
0.7507705122617588 12.31585121154785
0.7517702066855428 12.94161415100098
0.7527699011093268 9.216443061828613
0.7537695955331109 11.75907230377197
0.7547692899568949 13.90200328826904
0.7557689843806789 13.64845371246338
0.7567686788044629 11.19900226593018
0.7577683732282469 12.56393337249756
0.7587680676520309 14.15997409820557
0.7597677620758149 12.58296871185303
0.7607674564995989 10.08272171020508
0.7617671509233829 14.43492984771729
0.7627668453471669 9.99453067779541
0.7637665397709509 13.82049083709717
0.7647662341947349 15.38468170166016
0.7657659286185189 12.32423782348633
0.7667656230423029 16.53207588195801
0.7677653174660869 8.317818641662598
0.7687650118898709 16.33776092529297
0.7697647063136549 10.24322700500488
0.7707644007374389 9.282665252685547
0.7717640951612229 17.72088432312012
0.7727637895850069 15.90995788574219
0.7737634840087909 6.054833889007568
0.7747631784325749 12.54517459869385
0.7757628728563589 16.29243469238281
0.7767625672801429 9.304019927978516
0.7777622617039269 15.19658088684082
0.7787619561277109 10.21810913085938
0.7797616505514949 11.73422813415527
0.7807613449752789 10.62379741668701
0.7817610393990629 10.62961578369141
0.7827607338228469 14.02205467224121
0.783760428246631 6.539135932922363
0.784760122670415 15.93213748931885
0.785759817094199 11.78196907043457
0.786759511517983 11.18101406097412
0.787759205941767 16.94872665405273
0.788758900365551 11.74276065826416
0.789758594789335 8.488763809204102
0.790758289213119 14.03283596038818
0.791757983636903 10.69035720825195
0.792757678060687 8.584127426147461
0.793757372484471 12.33728694915772
0.794757066908255 15.80674457550049
0.795756761332039 14.6801929473877
0.796756455755823 5.117090702056885
0.797756150179607 13.338134765625
0.798755844603391 20.36978340148926
0.799755539027175 7.641140460968018
0.800755233450959 12.09618663787842
0.801754927874743 13.85807228088379
0.802754622298527 4.686332225799561
0.803754316722311 17.26166152954102
0.804754011146095 14.63520908355713
0.805753705569879 16.14041328430176
0.806753399993663 3.396321535110474
0.807753094417447 19.38450813293457
0.808752788841231 9.825017929077148
0.809752483265015 12.89335632324219
0.810752177688799 8.001080513000488
0.811751872112583 20.82624053955078
0.812751566536367 10.09975242614746
0.8137512609601511 7.986972808837891
0.8147509553839351 13.94512748718262
0.8157506498077191 17.70083999633789
0.8167503442315031 8.559324264526367
0.8177500386552871 14.27672290802002
0.8187497330790711 15.66319847106934
0.8197494275028551 15.84471702575684
0.8207491219266391 10.61026000976563
0.8217488163504231 6.890655040740967
0.8227485107742071 21.74068832397461
0.8237482051979911 11.97646236419678
0.8247478996217751 13.77066993713379
0.8257475940455591 8.790561676025391
0.8267472884693431 17.9962215423584
0.8277469828931271 17.12703323364258
0.8287466773169111 7.21934986114502
0.8297463717406951 4.338302612304688
0.8307460661644791 19.42644309997559
0.8317457605882631 5.832668304443359
0.8327454550120471 13.74933815002441
0.8337451494358311 14.53280830383301
0.8347448438596151 11.34338092803955
0.8357445382833991 8.137363433837891
0.8367442327071831 13.99682140350342
0.8377439271309671 11.8087215423584
0.8387436215547511 9.025900840759277
0.8397433159785351 23.11247634887695
0.8407430104023191 3.882096767425537
0.8417427048261031 6.553667068481445
0.8427423992498871 15.36360740661621
0.8437420936736712 12.21903896331787
0.8447417880974552 15.02912044525147
0.8457414825212392 5.857644557952881
0.8467411769450232 18.04924201965332
0.8477408713688072 12.02002906799316
0.8487405657925912 15.02633571624756
0.8497402602163752 15.58999443054199
0.8507399546401592 2.248172998428345
0.8517396490639432 14.86822986602783
0.8527393434877272 12.34177398681641
0.8537390379115112 5.304034233093262
0.8547387323352952 13.34932518005371
0.8557384267590792 25.52316284179688
0.8567381211828632 8.550105094909668
0.8577378156066472 8.17222785949707
0.8587375100304312 16.30163955688477
0.8597372044542152 7.549068450927734
0.8607368988779992 10.72717666625977
0.8617365933017832 18.00802612304688
0.8627362877255672 7.087960720062256
0.8637359821493512 18.05690002441406
0.8647356765731352 7.897389888763428
0.8657353709969192 16.41824340820313
0.8667350654207032 12.82726097106934
0.8677347598444872 4.281338214874268
0.8687344542682712 13.43349361419678
0.8697341486920552 10.28841972351074
0.8707338431158392 19.26883316040039
0.8717335375396232 8.557647705078125
0.8727332319634072 11.53832530975342
0.8737329263871912 16.60810470581055
0.8747326208109753 14.97352409362793
0.8757323152347593 4.963546752929688
0.8767320096585433 12.37265491485596
0.8777317040823273 9.368188858032227
0.8787313985061113 19.90351486206055
0.8797310929298953 3.180907011032105
0.8807307873536793 19.21012115478516
0.8817304817774633 7.276737689971924
0.8827301762012473 13.93975639343262
0.8837298706250313 9.726959228515625
0.8847295650488153 9.995113372802734
0.8857292594725993 12.95276832580566
0.8867289538963833 7.797387599945068
0.8877286483201673 17.40970230102539
0.8887283427439513 8.936651229858398
0.8897280371677353 13.2760066986084
0.8907277315915193 13.85697364807129
0.8917274260153033 16.12425804138184
0.8927271204390873 13.15010261535645
0.8937268148628713 3.163259744644165
0.8947265092866553 22.33896255493164
0.8957262037104393 10.05390930175781
0.8967258981342233 10.82756233215332
0.8977255925580073 20.54713249206543
0.8987252869817913 6.000718593597412
0.8997249814055753 10.61674213409424
0.9007246758293593 12.28249263763428
0.9017243702531433 11.83168601989746
0.9027240646769273 14.86868858337402
0.9037237591007113 8.578103065490723
0.9047234535244954 11.07467174530029
0.9057231479482794 14.70132350921631
0.9067228423720634 17.94590759277344
0.9077225367958474 2.784865856170654
0.9087222312196314 16.94408988952637
0.9097219256434154 3.884071588516235
0.9107216200671994 16.5156364440918
0.9117213144909834 13.44608306884766
0.9127210089147674 12.88650798797607
0.9137207033385514 12.10784149169922
0.9147203977623354 14.40619659423828
0.9157200921861194 5.683467388153076
0.9167197866099034 14.21196746826172
0.9177194810336874 7.051475048065186
0.9187191754574714 17.13765525817871
0.9197188698812554 14.63018417358398
0.9207185643050394 5.076385021209717
0.9217182587288234 17.64666938781738
0.9227179531526074 12.20346832275391
0.9237176475763914 7.622610092163086
0.9247173420001754 18.19237518310547
0.9257170364239594 13.80209922790527
0.9267167308477434 5.827188491821289
0.9277164252715274 9.042895317077637
0.9287161196953114 16.07293319702148
0.9297158141190954 14.65330696105957
0.9307155085428794 16.4318733215332
0.9317152029666634 11.97790336608887
0.9327148973904474 17.78210830688477
0.9337145918142314 6.056240081787109
0.9347142862380155 14.65165710449219
0.9357139806617995 14.45491313934326
0.9367136750855835 14.35869407653809
0.9377133695093675 4.918002128601074
0.9387130639331515 17.73236465454102
0.9397127583569355 7.601369380950928
