"Convergence history of Velocity Magnitude on inlet (in SI units)"
"Flow Time" "Area-Weighted Average Velocity Magnitude"
0.0009996944237839502 0.001639498964509377
0.0019993888475679 0.003278997929018754
0.00299908327135185 0.004918496893528121
0.003998777695135801 0.006557995858037509
0.004998472118919751 0.008197494822546865
0.005998166542703702 0.009836993787056242
0.006997860966487652 0.01147649275156559
0.007997555390271601 0.01311599171607502
0.008997249814055551 0.01475549068058437
0.009996944237839501 0.01639498964509373
0.01099663866162345 0.01803448860960318
0.0119963330854074 0.01967398757411248
0.01299602750919135 0.0213134865386218
0.0139957219329753 0.02295298550313119
0.01499541635675925 0.02459248446764072
0.0159951107805432 0.02623198343215004
0.01699480520432715 0.02787148239665942
0.0179944996281111 0.02951098136116873
0.01899419405189505 0.0311504803256781
0.019993888475679 0.03278997929018746
0.02099358289946296 0.03442947825469701
0.02199327732324691 0.0360689772192064
0.02299297174703086 0.03770847618371569
0.02399266617081481 0.03934797514822497
0.02499236059459876 0.04098747411273431
0.02599205501838271 0.0426269730772436
0.02699174944216666 0.04426647204175307
0.02799144386595062 0.04590597100626238
0.02899113828973457 0.04754546997077191
0.02999083271351852 0.04918496893528145
0.03099052713730247 0.05082446789979078
0.03199022156108642 0.05246396686430023
0.03298991598487037 0.05410346582880952
0.03398961040865432 0.05574296479331884
0.03498930483243826 0.05738246375782812
0.03598899925622221 0.05902196272233747
0.03698869368000616 0.06066146168684675
0.03798838810379011 0.06230096065135619
0.03898808252757405 0.06394045961586543
0.039987776951358 0.06557995858037492
0.04098747137514195 0.06721945754488408
0.0419871657989259 0.06885895650939401
0.04298686022270985 0.07049845547390307
0.04398655464649379 0.07213795443841262
0.04498624907027774 0.07377745340292177
0.04598594349406169 0.07541695236743136
0.04698563791784564 0.07705645133194031
0.04798533234162958 0.07869595029644994
0.04898502676541353 0.08033544926095959
0.04998472118919748 0.08197494822546853
0.05098441561298143 0.08361444718997829
0.05198411003676538 0.08525394615448717
0.05298380446054932 0.08689344511899692
0.05398349888433327 0.08853294408350611
0.05498319330811722 0.09017244304801585
0.05598288773190117 0.09181194201252474
0.05698258215568511 0.09345144097703451
0.05798227657946906 0.0950909399415433
0.05898197100325301 0.09673043890605308
0.05998166542703696 0.09836993787056286
0.06098135985082091 0.1000094368350716
0.06198105427460485 0.1016489357995815
0.06298074869838881 0.1032884347640903
0.06398044312217276 0.1049279337286001
0.0649801375459567 0.1065674326931089
0.06597983196974065 0.108206931657619
0.0669795263935246 0.1098464306221277
0.06797922081730855 0.1114859295866376
0.0689789152410925 0.1131254285511463
0.06997860966487644 0.1147649275156562
0.07097830408866039 0.1164044264801652
0.07197799851244434 0.1180439254446749
0.07297769293622829 0.1196834244091847
0.07397738736001223 0.1213229233736934
0.07497708178379618 0.1229624223382032
0.07597677620758013 0.1246019213027123
0.07697647063136408 0.126241420267222
0.07797616505514803 0.1278809192317309
0.07897585947893197 0.1295204181962405
0.07997555390271592 0.1311599171607498
0.08097524832649987 0.1327994161252594
0.08197494275028382 0.134438915089768
0.08297463717406776 0.1360784140542779
0.08397433159785171 0.137717913018788
0.08497402602163566 0.1393574119832966
0.08597372044541961 0.1409969109478061
0.08697341486920356 0.1426364099123157
0.0879731092929875 0.1442759088768252
0.08897280371677145 0.1459154078413337
0.0899724981405554 0.1475549068058434
0.09097219256433935 0.1491944057703531
0.09197188698812329 0.1508339047348627
0.09297158141190724 0.1524734036993712
0.09397127583569119 0.1541129026638806
0.09497097025947514 0.1557524016283905
0.09597066468325909 0.1573919005928998
0.09697035910704303 0.1590313995574092
0.09797005353082698 0.1606708985219191
0.09896974795461093 0.1623103974864285
0.09996944237839488 0.163949896450937
0.1009691368021788 0.1655893954154463
0.1019688312259628 0.1672288943799566
0.1029685256497467 0.1688683933444658
0.1039682200735307 0.1705078923089743
0.1049679144973146 0.1721473912734836
0.1059676089210986 0.1737868902379937
0.1069673033448825 0.175426389202503
0.1079669977686665 0.1770658881670122
0.1089666921924504 0.1787053871315225
0.1099663866162344 0.1803448860960317
0.1109660810400183 0.1819843850605402
0.1119657754638023 0.1836238840250493
0.1129654698875862 0.1852633829895597
0.1139651643113702 0.186902881954069
0.1149648587351541 0.1885423809185775
0.115964553158938 0.1901818798830866
0.116964247582722 0.191821378847597
0.1179639420065059 0.1934608778121061
0.1189636364302899 0.1951003767766145
0.1199633308540738 0.1967398757411257
0.1209630252778578 0.1983793747056349
0.1219627197016417 0.2000188736701433
0.1229624141254257 0.2016583726346523
0.1239621085492096 0.2032978715991629
0.1249618029729936 0.204937370563672
0.1259614973967775 0.2065768695281806
0.1269611918205615 0.2082163684926896
0.1279608862443454 0.2098558674572002
0.1289605806681294 0.2114953664217093
0.1299602750919133 0.2131348653862177
0.1309599695156973 0.2147743643507274
0.1319596639394812 0.216413863315238
0.1329593583632652 0.2180533622797464
0.1339590527870491 0.2196928612442554
0.1349587472108331 0.2213323602087662
0.135958441634617 0.2229718591732751
0.136958136058401 0.2246113581377835
0.1379578304821849 0.2262508571022927
0.1389575249059689 0.2278903560668034
0.1399572193297528 0.2295298550313124
0.1409569137535368 0.2311693539958208
0.1419566081773207 0.2328088529603297
0.1429563026011047 0.2344483519248406
0.1439559970248886 0.2360878508893498
0.1449556914486725 0.2377273498538587
0.1459553858724565 0.2393668488183695
0.1469550802962404 0.2410063477828783
0.1479547747200244 0.2426458467473867
0.1489544691438083 0.2442853457118956
0.1499541635675923 0.2459248446764063
0.1509538579913762 0.2475643436409151
0.1519535524151602 0.2492038426054244
0.1529532468389441 0.2508433415699332
0.1539529412627281 0.2524828405344439
0.154952635686512 0.2541223394989527
0.155952330110296 0.2557618384634617
0.1569520245340799 0.2574013374279721
0.1579517189578639 0.2590408363924809
0.1589514133816478 0.2606803353569905
0.1599511078054318 0.2623198343214995
0.1609508022292157 0.2639593332860097
0.1619504966529997 0.2655988322505188
0.1629501910767836 0.2672383312150271
0.1639498855005676 0.268877830179536
0.1649495799243515 0.2705173291440462
0.1659492743481354 0.2721568281085551
0.1669489687719194 0.2737963270730651
0.1679486631957033 0.275435826037576
0.1689483576194873 0.2770753250020846
0.1699480520432712 0.2787148239665931
0.1709477464670552 0.2803543229311018
0.1719474408908391 0.2819938218956121
0.1729471353146231 0.2836333208601207
0.173946829738407 0.2852728198246314
0.174946524162191 0.28691231878914
0.1759462185859749 0.2885518177536504
0.1769459130097589 0.290191316718159
0.1779456074335428 0.2918308156826674
0.1789453018573268 0.293470314647176
0.1799449962811107 0.2951098136116868
0.1809446907048947 0.2967493125761973
0.1819443851286786 0.2983888115407062
0.1829440795524626 0.3000283105052161
0.1839437739762465 0.3016678094697251
0.1849434684000305 0.3033073084342332
0.1859431628238144 0.3049468073987423
0.1869428572475984 0.3065863063632522
0.1879425516713823 0.3082258053277612
0.1889422460951662 0.309865304292272
0.1899419405189502 0.3115048032567809
0.1909416349427341 0.3131443022212908
0.1919413293665181 0.3147838011857997
0.192941023790302 0.3164233001503082
0.193940718214086 0.3180627991148183
0.1949404126378699 0.3197022980793268
0.1959401070616539 0.3213417970438383
0.1969398014854378 0.3229812960083467
0.1979394959092218 0.324620794972857
0.1989391903330057 0.3262602939373654
0.1999388847567897 0.3278997929018739
0.2009385791805736 0.3295392918663824
0.2019382736043576 0.3311787908308925
0.2029379680281415 0.332818289795401
0.2039376624519255 0.3344577887599128
0.2049373568757094 0.3360972877244227
0.2059370512994934 0.3377367866889317
0.2069367457232773 0.3393762856534397
0.2079364401470613 0.3410157846179486
0.2089361345708452 0.3426552835824582
0.2099358289946292 0.3442947825469671
0.2109355234184131 0.3459342815114785
0.211935217842197 0.3475737804759875
0.212934912265981 0.349213279440497
0.2139346066897649 0.3508527784050059
0.2149343011135489 0.3524922773695139
0.2159339955373328 0.3541317763340239
0.2169336899611168 0.3557712752985327
0.2179333843849007 0.3574107742630449
0.2189330788086847 0.3590502732275532
0.2199327732324686 0.3606897721920633
0.2209324676562526 0.3623292711565717
0.2219321620800365 0.3639687701210803
0.2229318565038205 0.3656082690855886
0.2239315509276044 0.3672477680500986
0.2249312453513884 0.3688872670146069
0.2259309397751723 0.3705267659791193
0.2269306341989563 0.3721662649436276
0.2279303286227402 0.3738057639081377
0.2289300230465242 0.3754452628726459
0.2299297174703081 0.3770847618371548
0.2309294118940921 0.3787242608016642
0.231929106317876 0.3803637597661731
0.23292880074166 0.382003258730685
0.2339284951654439 0.383642757695194
0.2349281895892278 0.3852822566597033
0.2359278840130118 0.3869217556242123
0.2369275784367957 0.3885612545887202
0.2379272728605797 0.3902007535532291
0.2389269672843636 0.3918402525177384
0.2399266617081476 0.3934797514822481
0.2409263561319315 0.3951192504467597
0.2419260505557155 0.3967587494112697
0.2429257449794994 0.3983982483757779
0.2439254394032834 0.4000377473402865
0.2449251338270673 0.4016772463047947
0.2459248282508513 0.4033167452693046
0.2469245226746352 0.4049562442338129
0.2479242170984192 0.4065957431983258
0.2489239115222031 0.4082352421628342
0.2499236059459871 0.409874741127344
0.250923300369771 0.4115142400918526
0.251922994793555 0.4131537390563607
0.2529226892173389 0.4147932380208709
0.2539223836411229 0.4164327369853791
0.2549220780649068 0.4180722359498922
0.2559217724886908 0.4197117349144005
0.2569214669124747 0.4213512338789103
0.2579211613362586 0.4229907328434185
0.2589208557600426 0.4246302318079271
0.2599205501838265 0.4262697307724352
0.2609202446076105 0.4279092297369451
0.2619199390313944 0.4295487287014533
0.2629196334551784 0.4311882276659666
0.2639193278789623 0.4328277266304758
0.2649190223027463 0.4344672255949848
0.2659187167265302 0.4361067245594927
0.2669184111503142 0.4377462235240016
0.2679181055740981 0.4393857224885107
0.2689177999978821 0.4410252214530196
0.269917494421666 0.4426647204175322
0.27091718884545 0.4443042193820412
0.2719168832692339 0.4459437183465502
0.2729165776930179 0.4475832173110591
0.2739162721168018 0.4492227162755669
0.2749159665405858 0.4508622152400759
0.2759156609643697 0.452501714204585
0.2769153553881537 0.454141213169098
0.2779150498119376 0.4557807121336068
0.2789147442357216 0.4574202110981164
0.2799144386595055 0.4590597100626248
0.2809141330832894 0.4606992090271336
0.2819138275070734 0.4623387079916416
0.2829135219308573 0.4639782069561514
0.2839132163546413 0.4656177059206594
0.2849129107784252 0.467257204885173
0.2859126052022092 0.4688967038496809
0.2869122996259931 0.4705362028141907
0.2879119940497771 0.4721757017786986
0.288911688473561 0.4738152007432077
0.289911382897345 0.4754546997077174
0.2909110773211289 0.4770941986722256
0.2919107717449129 0.4787336976367389
0.2929104661686968 0.4803731966012469
0.2939101605924808 0.4820126955657564
0.2949098550162647 0.4836521945302645
0.2959095494400487 0.4852916934947734
0.2969092438638326 0.4869311924592829
0.2979089382876166 0.4885706914237911
0.2989086327114005 0.4902101903883006
0.2999083271351845 0.4918496893528124
0.3009080215589684 0.4934891883173229
0.3019077159827523 0.4951286872818302
0.3029074104065363 0.4967681862463396
0.3039071048303202 0.4984076852108489
0.3049067992541042 0.5000471841753574
0.3059064936778881 0.5016866831398664
0.3069061881016721 0.5033261821043783
0.307905882525456 0.5049656810688877
0.30890557694924 0.5066051800333961
0.3099052713730239 0.5082446789979053
0.3109049657968079 0.5098841779624149
0.3119046602205918 0.5115236769269222
0.3129043546443758 0.513163175891433
0.3139040490681597 0.514802674855944
0.3149037434919437 0.5164421738204539
0.3159034379157276 0.5180816727849619
0.3169031323395116 0.5197211717494717
0.3179028267632955 0.521360670713981
0.3189025211870795 0.5230001696784883
0.3199022156108634 0.5246396686429989
0.3209019100346474 0.5262791676075062
0.3219016044584313 0.5279186665720195
0.3229012988822153 0.5295581655365267
0.3239009933059992 0.5311976645010375
0.3249006877297831 0.5328371634655451
0.3259003821535671 0.5344766624300541
0.326900076577351 0.536116161394565
0.327899771001135 0.537755660359072
0.3288994654249189 0.539395159323586
0.3298991598487029 0.5410346582880924
0.3308988542724868 0.5426741572526034
0.3318985486962708 0.5443136562171101
0.3328982431200547 0.5459531551816204
0.3338979375438387 0.5475926541461301
0.3348976319676226 0.5492321531106377
0.3358973263914066 0.550871652075151
0.3368970208151905 0.5525111510396586
0.3378967152389745 0.5541506500041692
0.3388964096627584 0.555790148968676
0.3398961040865424 0.5574296479331862
0.3408957985103263 0.5590691468976966
0.3418954929341103 0.5607086458622035
0.3428951873578942 0.5623481448267139
0.3438948817816782 0.5639876437912242
0.3448945762054621 0.5656271427557347
0.3458942706292461 0.5672666417202414
0.34689396505303 0.568906140684752
0.3478936594768139 0.5705456396492625
0.3488933539005979 0.572185138613769
0.3498930483243818 0.57382463757828
0.3508927427481658 0.5754641365427899
0.3518924371719497 0.5771036355073007
0.3528921315957337 0.5787431344718078
0.3538918260195176 0.5803826334363179
0.3548915204433016 0.5820221324008285
0.3558912148670855 0.5836616313653349
0.3568909092908695 0.5853011303298463
0.3578906037146534 0.5869406292943521
0.3588902981384374 0.5885801282588663
0.3598899925622213 0.5902196272233728
0.3608896869860053 0.5918591261878842
0.3618893814097892 0.5934986251523945
0.3628890758335732 0.5951381241169006
0.3638887702573571 0.5967776230814124
0.3648884646811411 0.5984171220459186
0.365888159104925 0.6000566210104322
0.366887853528709 0.6016961199749382
0.3678875479524929 0.6033356189394501
0.3688872423762769 0.604975117903956
0.3698869368000608 0.6066146168684664
0.3708866312238447 0.6082541158329773
0.3718863256476287 0.6098936147974843
0.3728860200714126 0.611533113761997
0.3738857144951966 0.613172612726504
0.3748854089189805 0.6148121116910158
0.3758851033427645 0.616451610655522
0.3768847977665484 0.6180911096200329
0.3778844921903324 0.6197306085845439
0.3788841866141163 0.6213701075490508
0.3798838810379003 0.6230096065135619
0.3808835754616842 0.6246491054780703
0.3818832698854682 0.6262886044425814
0.3828829643092521 0.6279281034070881
0.3838826587330361 0.6295676023715993
0.38488235315682 0.63120710133611
0.385882047580604 0.6328466003006161
0.3868817420043879 0.6344860992651279
0.3878814364281719 0.6361255982296367
0.3888811308519558 0.6377650971941474
0.3898808252757398 0.6394045961586535
0.3908805196995237 0.6410440951231653
0.3918802141233077 0.6426835940876764
0.3928799085470916 0.6443230930521815
0.3938796029708755 0.6459625920166934
0.3948792973946595 0.6476020909811993
0.3958789918184434 0.6492415899457138
0.3968786862422274 0.6508810889102195
0.3978783806660113 0.6525205878747309
0.3988780750897953 0.6541600868392425
0.3998777695135792 0.6557995858037479
0.4008774639373632 0.6574390847682595
0.4018771583611471 0.6590785837327647
0.4028768527849311 0.6607180826972799
0.403876547208715 0.662357581661785
0.404876241632499 0.6639970806262967
0.4058759360562829 0.6656365795908019
0.4068756304800669 0.6672760785553139
0.4078753249038508 0.6689155775198252
0.4088750193276348 0.6705550764843307
0.4098747137514187 0.6721945754488454
0.4108744081752027 0.673834074413351
0.4118741025989866 0.6754735733778633
0.4128737970227706 0.6771130723423678
0.4138734914465545 0.6787525713068794
0.4148731858703385 0.6803920702713915
0.4158728802941224 0.6820315692358971
0.4168725747179063 0.6836710682004084
0.4178722691416903 0.6853105671649163
0.4188719635654742 0.6869500661294284
0.4198716579892582 0.6885895650939341
0.4208713524130421 0.6902290640584454
0.4218710468368261 0.691868563022957
0.42287074126061 0.6935080619874632
0.423870435684394 0.6951475609519748
0.4248701301081779 0.6967870599164823
0.4258698245319619 0.698426558880994
0.4268695189557458 0.7000660578455001
0.4278692133795298 0.7017055568100118
0.4288689078033137 0.7033450557745231
0.4298686022270977 0.7049845547390278
0.4308682966508816 0.706624053703541
0.4318679910746656 0.7082635526680456
0.4328676854984495 0.70990305163256
0.4338673799222335 0.7115425505970654
0.4348670743460174 0.7131820495615778
0.4358667687698014 0.7148215485260896
0.4368664631935853 0.7164610474905939
0.4378661576173692 0.7181005464551065
0.4388658520411532 0.7197400454196117
0.4398655464649371 0.7213795443841264
0.4408652408887211 0.7230190433486307
0.441864935312505 0.7246585423131432
0.442864629736289 0.7262980412776485
0.4438643241600729 0.7279375402421604
0.4448640185838569 0.7295770392066726
0.4458637130076408 0.7312165381711772
0.4468634074314248 0.7328560371356927
0.4478631018552087 0.7344955361001971
0.4488627962789927 0.7361350350647095
0.4498624907027766 0.7377745340292138
0.4508621851265606 0.7394140329937265
0.4518618795503445 0.7410535319582385
0.4528615739741285 0.7426930309227431
0.4538612683979124 0.7443325298872552
0.4548609628216964 0.7459720288517632
0.4558606572454803 0.7476115278162752
0.4568603516692643 0.7492510267807798
0.4578600460930482 0.7508905257452918
0.4588597405168322 0.7525300247098047
0.4598594349406161 0.7541695236743097
0.4608591293644 0.7558090226388213
0.461858823788184 0.7574485216033284
0.4628585182119679 0.7590880205678414
0.4638582126357519 0.7607275195323461
0.4648579070595358 0.762367018496858
0.4658576014833198 0.7640065174613699
0.4668572959071037 0.765646016425875
0.4678569903308877 0.7672855153903878
0.4688566847546716 0.7689250143548917
0.4698563791784556 0.7705645133194067
0.4708560736022395 0.7722040122839122
0.4718557680260235 0.7738435112484244
0.4728554624498074 0.7754830102129362
0.4738551568735914 0.7771225091774403
0.4748548512973753 0.7787620081419541
0.4758545457211593 0.7804015071064582
0.4768542401449432 0.7820410060709728
0.4778539345687272 0.7836805050354767
0.4788536289925111 0.7853200039999905
0.4798533234162951 0.7869595029644946
0.480853017840079 0.7885990019290063
0.481852712263863 0.7902385008935192
0.4828524066876469 0.7918779998580243
0.4838521011114308 0.7935174988225393
0.4848517955352148 0.7951569977870427
0.4858514899589987 0.7967964967515558
0.4868511843827827 0.7984359957160606
0.4878508788065666 0.8000754946805729
0.4888505732303506 0.8017149936450849
0.4898502676541345 0.8033544926095894
0.4908499620779185 0.8049939915741029
0.4918496565017024 0.8066334905386091
0.4928493509254864 0.8082729895031219
0.4938490453492703 0.8099124884676258
0.4948487397730543 0.8115519874321391
0.4958484341968382 0.8131914863966515
0.4968481286206222 0.8148309853611556
0.4978478230444061 0.816470484325668
0.4988475174681901 0.8181099832901754
0.499847211891974 0.8197494822546879
0.500846906315758 0.821388981219192
0.501846600739542 0.8230284801837051
0.502846295163326 0.824667979148218
0.50384598958711 0.8263074781127218
0.504845684010894 0.8279469770772346
0.505845378434678 0.8295864760417419
0.506845072858462 0.8312259750062544
0.507844767282246 0.8328654739707583
0.50884446170603 0.8345049729352708
0.509844156129814 0.8361444718997846
0.510843850553598 0.8377839708642884
0.5118435449773821 0.839423469828801
0.5128432394011661 0.8410629687933071
0.5138429338249501 0.8427024677578208
0.5148426282487341 0.8443419667223249
0.5158423226725181 0.8459814656868372
0.5168420170963021 0.8476209646513498
0.5178417115200861 0.8492604636158551
0.5188414059438701 0.8508999625803677
0.5198411003676541 0.8525394615448734
0.5208407947914381 0.854178960509386
0.5218404892152221 0.8558184594738912
0.5228401836390061 0.8574579584384039
0.5238398780627901 0.8590974574029162
0.5248395724865741 0.8607369563674203
0.5258392669103581 0.8623764553319341
0.5268389613341421 0.8640159542964399
0.5278386557579261 0.8656554532609523
0.5288383501817101 0.8672949522254563
0.5298380446054941 0.8689344511899703
0.5308377390292781 0.8705739501544829
0.5318374334530621 0.8722134491189865
0.5328371278768461 0.8738529480834993
0.5338368223006301 0.8754924470480061
0.5348365167244141 0.877131946012519
0.5358362111481981 0.8787714449770225
0.5368359055719821 0.8804109439415354
0.5378355999957661 0.8820504429060493
0.5388352944195501 0.8836899418705532
0.5398349888433341 0.8853294408350656
0.5408346832671181 0.8869689397995713
0.5418343776909022 0.8886084387640855
0.5428340721146862 0.890247937728589
0.5438337665384702 0.891887436693102
0.5448334609622542 0.8935269356576161
0.5458331553860382 0.8951664346221198
0.5468328498098222 0.8968059335866323
0.5478325442336062 0.8984454325511379
0.5488322386573902 0.9000849315156519
0.5498319330811742 0.9017244304801556
0.5508316275049582 0.9033639294446684
0.5518313219287422 0.9050034284091812
0.5528310163525262 0.9066429273736864
0.5538307107763102 0.9082824263381986
0.5548304052000942 0.9099219253027043
0.5558300996238782 0.911561424267217
0.5568297940476622 0.9132009232317221
0.5578294884714462 0.9148404221962352
0.5588291828952302 0.9164799211607473
0.5598288773190142 0.9181194201252514
0.5608285717427982 0.9197589190897653
0.5618282661665822 0.9213984180542711
0.5628279605903662 0.923037917018783
0.5638276550141502 0.9246774159832871
0.5648273494379342 0.9263169149478014
0.5658270438617182 0.9279564139123141
0.5668267382855022 0.9295959128768182
0.5678264327092862 0.9312354118413301
0.5688261271330702 0.932874910805837
0.5698258215568542 0.9345144097703501
0.5708255159806382 0.9361539087348544
0.5718252104044223 0.9377934076993673
0.5728249048282063 0.9394329066638799
0.5738245992519903 0.941072405628384
0.5748242936757743 0.9427119045928969
0.5758239880995583 0.9443514035574032
0.5768236825233423 0.9459909025219153
0.5778233769471263 0.94763040148642
0.5788230713709103 0.9492699004509331
0.5798227657946943 0.9509093994154457
0.5808224602184783 0.9525488983799517
0.5818221546422623 0.9541883973444624
0.5828218490660463 0.9558278963089685
0.5838215434898303 0.9574673952734827
0.5848212379136143 0.9591068942379875
0.5858209323373983 0.9607463932025006
0.5868206267611823 0.9623858921670115
0.5878203211849663 0.9640253911315169
0.5888200156087503 0.9656648900960304
0.5898197100325343 0.9673043890605367
0.5908194044563183 0.9689438880250472
0.5918190988801023 0.9705833869895527
0.5928187933038863 0.9722228859540657
0.5938184877276703 0.973862384918579
0.5948181821514543 0.9755018838830839
0.5958178765752383 0.9771413828475948
0.5968175709990223 0.9787808818121018
0.5978172654228063 0.9804203807766152
0.5988169598465903 0.9820598797411193
0.5998166542703743 0.983699378705634
0.6008163486941583 0.9853388776701437
0.6018160431179424 0.9869783766346486
0.6028157375417264 0.988617875599162
0.6038154319655104 0.9902573745636696
0.6048151263892944 0.99189687352818
0.6058148208130784 0.9935363724926843
0.6068145152368624 0.9951758714571974
0.6078142096606464 0.9968153704217121
0.6088139040844304 0.998454869386217
0.6098135985082144 1.000094368350726
0.6108132929319984 1.001733867315233
0.6118129873557824 1.003373366279748
0.6128126817795664 1.005012865244253
0.6138123762033504 1.006652364208766
0.6148120706271344 1.008291863173275
0.6158117650509184 1.009931362137782
0.6168114594747024 1.011570861102295
0.6178111538984864 1.013210360066801
0.6188108483222704 1.014849859031311
0.6198105427460544 1.016489357995817
0.6208102371698384 1.01812885696033
0.6218099315936224 1.019768355924844
0.6228096260174064 1.021407854889349
0.6238093204411904 1.023047353853859
0.6248090148649744 1.024686852818366
0.6258087092887584 1.026326351782879
0.6268084037125424 1.027965850747386
0.6278080981363264 1.029605349711899
0.6288077925601104 1.031244848676408
0.6298074869838944 1.032884347640914
0.6308071814076784 1.034523846605428
0.6318068758314624 1.036163345569935
0.6328065702552465 1.037802844534444
0.6338062646790305 1.039442343498949
0.6348059591028145 1.041081842463464
0.6358056535265985 1.042721341427977
0.6368053479503825 1.044360840392482
0.6378050423741665 1.046000339356991
0.6388047367979505 1.047639838321498
0.6398044312217345 1.049279337286013
0.6408041256455185 1.050918836250518
0.6418038200693025 1.052558335215031
0.6428035144930865 1.05419783417954
0.6438032089168705 1.055837333144046
0.6448029033406545 1.057476832108562
0.6458025977644385 1.059116331073067
0.6468022921882225 1.060755830037576
0.6478019866120065 1.062395329002082
0.6488016810357905 1.064034827966595
0.6498013754595745 1.065674326931108
0.6508010698833585 1.067313825895616
0.6518007643071425 1.068953324860125
0.6528004587309265 1.07059282382463
0.6538001531547105 1.072232322789145
0.6547998475784945 1.073871821753651
0.6557995420022785 1.075511320718165
0.6567992364260625 1.077150819682672
0.6577989308498465 1.078790318647178
0.6587986252736305 1.080429817611694
0.6597983196974145 1.0820693165762
0.6607980141211985 1.083708815540707
0.6617977085449825 1.085348314505213
0.6627974029687666 1.086987813469728
0.6637970973925506 1.088627312434242
0.6647967918163346 1.090266811398748
0.6657964862401186 1.091906310363255
0.6667961806639026 1.093545809327763
0.6677958750876866 1.095185308292277
0.6687955695114706 1.096824807256783
0.6697952639352546 1.098464306221298
0.6707949583590386 1.100103805185804
0.6717946527828226 1.101743304150311
0.6727943472066066 1.103382803114827
0.6737940416303906 1.105022302079333
0.6747937360541746 1.10666180104384
0.6757934304779586 1.108301300008347
0.6767931249017426 1.10994079897286
0.6777928193255266 1.111580297937375
0.6787925137493106 1.11321979690188
0.6797922081730946 1.114859295866389
0.6807919025968786 1.116498794830895
0.6817915970206626 1.11813829379541
0.6827912914444466 1.119777792759916
0.6837909858682306 1.121417291724431
0.6847906802920146 1.123056790688936
0.6857903747157986 1.124696289653444
0.6867900691395826 1.126335788617959
0.6877897635633666 1.127975287582465
0.6887894579871506 1.129614786546972
0.6897891524109346 1.131254285511478
0.6907888468347186 1.132893784475993
0.6917885412585026 1.134533283440507
0.6927882356822867 1.136172782405013
0.6937879301060707 1.137812281369522
0.6947876245298547 1.139451780334027
0.6957873189536387 1.141091279298542
0.6967870133774227 1.142730778263049
0.6977867078012067 1.144370277227563
0.6987864022249907 1.146009776192069
0.6997860966487747 1.147649275156576
0.7007857910725587 1.149288774121091
0.7017854854963427 1.150928273085598
0.7027851799201267 1.152567772050104
0.7037848743439107 1.15420727101461
0.7047845687676947 1.155846769979125
0.7057842631914787 1.157486268943639
0.7067839576152627 1.159125767908146
0.7077836520390467 1.160765266872653
0.7087833464628307 1.16240476583716
0.7097830408866147 1.164044264801675
0.7107827353103987 1.165683763766182
0.7117824297341827 1.167323262730695
0.7127821241579667 1.168962761695201
0.7137818185817507 1.170602260659708
0.7147815130055347 1.172241759624224
0.7157812074293187 1.173881258588731
0.7167809018531027 1.175520757553236
0.7177805962768867 1.177160256517743
0.7187802907006707 1.178799755482258
0.7197799851244547 1.180439254446771
0.7207796795482387 1.182078753411279
0.7217793739720227 1.183718252375785
0.7227790683958068 1.185357751340292
0.7237787628195908 1.186997250304807
0.7247784572433748 1.188636749269314
0.7257781516671588 1.190276248233829
0.7267778460909428 1.191915747198333
0.7277775405147268 1.19355524616284
0.7287772349385108 1.195194745127357
0.7297769293622948 1.196834244091863
0.7307766237860788 1.198473743056368
0.7317763182098628 1.200113242020876
0.7327760126336468 1.201752740985389
0.7337757070574308 1.203392239949904
0.7347754014812148 1.205031738914412
0.7357750959049988 1.206671237878917
0.7367747903287828 1.208310736843425
0.7377744847525668 1.209950235807939
0.7387741791763508 1.211589734772446
0.7397738736001348 1.213229233736961
0.7407735680239188 1.214868732701465
0.7417732624477028 1.216508231665973
0.7427729568714868 1.218147730630489
0.7437726512952708 1.219787229594995
0.7447723457190548 1.221426728559501
0.7457720401428388 1.223066227524008
0.7467717345666228 1.224705726488522
0.7477714289904068 1.226345225453037
0.7487711234141908 1.227984724417544
0.7497708178379748 1.22962422338205
0.7507705122617588 1.231263722346558
0.7517702066855428 1.232903221311071
0.7527699011093268 1.234542720275579
0.7537695955331109 1.236182219240094
0.7547692899568949 1.237821718204597
0.7557689843806789 1.239461217169106
0.7567686788044629 1.241100716133621
0.7577683732282469 1.242740215098129
0.7587680676520309 1.244379714062633
0.7597677620758149 1.246019213027144
0.7607674564995989 1.247658711991655
0.7617671509233829 1.24929821095617
0.7627668453471669 1.250937709920676
0.7637665397709509 1.252577208885183
0.7647662341947349 1.254216707849689
0.7657659286185189 1.255856206814204
0.7667656230423029 1.257495705778718
0.7677653174660869 1.259135204743226
0.7687650118898709 1.26077470370773
0.7697647063136549 1.262414202672238
0.7707644007374389 1.264053701636753
0.7717640951612229 1.265693200601262
0.7727637895850069 1.267332699565764
0.7737634840087909 1.268972198530274
0.7747631784325749 1.270611697494787
0.7757628728563589 1.272251196459301
0.7767625672801429 1.273890695423809
0.7777622617039269 1.275530194388315
0.7787619561277109 1.277169693352821
0.7797616505514949 1.278809192317337
0.7807613449752789 1.280448691281848
0.7817610393990629 1.282088190246359
0.7827607338228469 1.283727689210862
0.783760428246631 1.285367188175369
0.784760122670415 1.287006687139886
0.785759817094199 1.288646186104394
0.786759511517983 1.290285685068896
0.787759205941767 1.291925184033406
0.788758900365551 1.293564682997918
0.789758594789335 1.295204181962433
0.790758289213119 1.296843680926942
0.791757983636903 1.298483179891446
0.792757678060687 1.300122678855954
0.793757372484471 1.301762177820469
0.794757066908255 1.303401676784983
0.795756761332039 1.305041175749492
0.796756455755823 1.306680674713995
0.797756150179607 1.308320173678502
0.798755844603391 1.309959672643019
0.799755539027175 1.311599171607526
0.800755233450959 1.313238670572029
0.801754927874743 1.314878169536544
0.802754622298527 1.316517668501052
0.803754316722311 1.318157167465567
0.804754011146095 1.319796666430075
0.805753705569879 1.321436165394578
0.806753399993663 1.323075664359087
0.807753094417447 1.324715163323601
0.808752788841231 1.326354662288116
0.809752483265015 1.327994161252625
0.810752177688799 1.329633660217126
0.811751872112583 1.331273159181635
0.812751566536367 1.332912658146152
0.8137512609601511 1.334552157110659
0.8147509553839351 1.336191656075162
0.8157506498077191 1.337831155039675
0.8167503442315031 1.339470654004184
0.8177500386552871 1.341110152968699
0.8187497330790711 1.342749651933207
0.8197494275028551 1.344389150897711
0.8207491219266391 1.34602864986222
0.8217488163504231 1.347668148826733
0.8227485107742071 1.349307647791249
0.8237482051979911 1.350947146755756
0.8247478996217751 1.352586645720258
0.8257475940455591 1.354226144684767
0.8267472884693431 1.355865643649283
0.8277469828931271 1.357505142613792
0.8287466773169111 1.359144641578294
0.8297463717406951 1.360784140542807
0.8307460661644791 1.362423639507317
0.8317457605882631 1.364063138471831
0.8327454550120471 1.36570263743634
0.8337451494358311 1.367342136400843
0.8347448438596151 1.368981635365351
0.8357445382833991 1.370621134329866
0.8367442327071831 1.372260633294381
0.8377439271309671 1.373900132258889
0.8387436215547511 1.375539631223391
0.8397433159785351 1.3771791301879
0.8407430104023191 1.378818629152415
0.8417427048261031 1.380458128116925
0.8427423992498871 1.382097627081425
0.8437420936736712 1.38373712604594
0.8447417880974552 1.385376625010449
0.8457414825212392 1.387016123974964
0.8467411769450232 1.388655622939473
0.8477408713688072 1.390295121903976
0.8487405657925912 1.391934620868483
0.8497402602163752 1.393574119832999
0.8507399546401592 1.395213618797512
0.8517396490639432 1.396853117762022
0.8527393434877272 1.398492616726524
0.8537390379115112 1.400132115691031
0.8547387323352952 1.401771614655548
0.8557384267590792 1.403411113620058
0.8567381211828632 1.405050612584557
0.8577378156066472 1.406690111549073
0.8587375100304312 1.40832961051358
0.8597372044542152 1.409969109478096
0.8607368988779992 1.411608608442606
0.8617365933017832 1.413248107407106
0.8627362877255672 1.414887606371616
0.8637359821493512 1.416527105336132
0.8647356765731352 1.418166604300645
0.8657353709969192 1.419806103265155
0.8667350654207032 1.421445602229654
0.8677347598444872 1.423085101194164
0.8687344542682712 1.424724600158681
0.8697341486920552 1.426364099123189
0.8707338431158392 1.42800359808769
0.8717335375396232 1.429643097052205
0.8727332319634072 1.431282596016713
0.8737329263871912 1.432922094981229
0.8747326208109753 1.434561593945737
0.8757323152347593 1.436201092910239
0.8767320096585433 1.437840591874749
0.8777317040823273 1.439480090839263
0.8787313985061113 1.441119589803778
0.8797310929298953 1.442759088768288
0.8807307873536793 1.444398587732787
0.8817304817774633 1.446038086697297
0.8827301762012473 1.447677585661814
0.8837298706250313 1.449317084626322
0.8847295650488153 1.450956583590823
0.8857292594725993 1.452596082555336
0.8867289538963833 1.454235581519846
0.8877286483201673 1.455875080484362
0.8887283427439513 1.45751457944887
0.8897280371677353 1.459154078413372
0.8907277315915193 1.460793577377882
0.8917274260153033 1.462433076342395
0.8927271204390873 1.464072575306912
0.8937268148628713 1.465712074271419
0.8947265092866553 1.46735157323592
0.8957262037104393 1.46899107220043
0.8967258981342233 1.470630571164945
0.8977255925580073 1.472270070129455
0.8987252869817913 1.473909569093955
0.8997249814055753 1.475549068058469
0.9007246758293593 1.477188567022979
0.9017243702531433 1.478828065987492
0.9027240646769273 1.480467564952004
0.9037237591007113 1.482107063916504
0.9047234535244954 1.483746562881012
0.9057231479482794 1.485386061845528
0.9067228423720634 1.487025560810044
0.9077225367958474 1.488665059774551
0.9087222312196314 1.490304558739052
0.9097219256434154 1.491944057703561
0.9107216200671994 1.493583556668077
0.9117213144909834 1.495223055632587
0.9127210089147674 1.496862554597086
0.9137207033385514 1.498502053561602
0.9147203977623354 1.500141552526112
0.9157200921861194 1.501781051490625
0.9167197866099034 1.503420550455137
0.9177194810336874 1.505060049419637
0.9187191754574714 1.506699548384145
0.9197188698812554 1.508339047348661
0.9207185643050394 1.509978546313175
0.9217182587288234 1.511618045277685
0.9227179531526074 1.513257544242185
0.9237176475763914 1.514897043206694
0.9247173420001754 1.516536542171211
0.9257170364239594 1.518176041135721
0.9267167308477434 1.519815540100218
0.9277164252715274 1.521455039064735
0.9287161196953114 1.523094538029242
0.9297158141190954 1.524734036993758
0.9307155085428794 1.52637353595827
0.9317152029666634 1.528013034922768
0.9327148973904474 1.529652533887278
0.9337145918142314 1.531292032851794
0.9347142862380155 1.532931531816307
0.9357139806617995 1.534571030780818
0.9367136750855835 1.536210529745316
0.9377133695093675 1.537850028709827
0.9387130639331515 1.539489527674343
0.9397127583569355 1.541129026638852
