"Convergence history of Static Pressure on point1 (in SI units)"
"Flow Time" "Vertex Average Static Pressure"
0.0009996944237839502 16.95455932617188
0.0019993888475679 19.15491104125977
0.00299908327135185 22.08862495422363
0.003998777695135801 18.41731071472168
0.004998472118919751 19.50349235534668
0.005998166542703702 16.04907989501953
0.006997860966487652 17.31238174438477
0.007997555390271601 19.44884300231934
0.008997249814055551 20.06378746032715
0.009996944237839501 19.90803337097168
0.01099663866162345 21.31995010375977
0.0119963330854074 19.98418235778809
0.01299602750919135 20.38600730895996
0.0139957219329753 21.79446983337402
0.01499541635675925 22.19895362854004
0.0159951107805432 21.62784194946289
0.01699480520432715 22.16777229309082
0.0179944996281111 23.35005760192871
0.01899419405189505 22.93737030029297
0.019993888475679 23.32114982604981
0.02099358289946296 24.18924713134766
0.02199327732324691 24.60103225708008
0.02299297174703086 24.23417854309082
0.02399266617081481 25.69895553588867
0.02499236059459876 25.30208396911621
0.02599205501838271 25.72169303894043
0.02699174944216666 26.85430145263672
0.02799144386595062 26.56964683532715
0.02899113828973457 26.97410774230957
0.02999083271351852 28.118896484375
0.03099052713730247 27.84375190734863
0.03199022156108642 28.26463317871094
0.03298991598487037 29.42027282714844
0.03398961040865432 28.90757560729981
0.03498930483243826 30.06242561340332
0.03598899925622221 30.52595138549805
0.03698869368000616 30.26335144042969
0.03798838810379011 31.42578887939453
0.03898808252757405 31.8989315032959
0.039987776951358 31.64787673950195
0.04098747137514195 32.82749176025391
0.0419871657989259 33.05830764770508
0.04298686022270985 33.54257965087891
0.04398655464649379 34.0307731628418
0.04498624907027774 34.51241302490234
0.04598594349406169 35.00256729125977
0.04698563791784564 35.74999237060547
0.04798533234162958 35.52326583862305
0.04898502676541353 36.73276901245117
0.04998472118919748 36.99867248535156
0.05098441561298143 37.47274780273438
0.05198411003676538 38.10363388061523
0.05298380446054932 38.51744842529297
0.05398349888433327 39.07569885253906
0.05498319330811722 39.60231018066406
0.05598288773190117 40.13031005859375
0.05698258215568511 40.62348937988281
0.05798227657946906 41.27760696411133
0.05898197100325301 41.67137908935547
0.05998166542703696 42.37051010131836
0.06098135985082091 42.81479644775391
0.06198105427460485 43.36256408691406
0.06298074869838881 44.0328369140625
0.06398044312217276 44.49105453491211
0.0649801375459567 45.05317687988281
0.06597983196974065 45.73614120483398
0.0669795263935246 46.20320892333984
0.06797922081730855 46.78143692016602
0.0689789152410925 47.47455215454102
0.06997860966487644 47.91106796264648
0.07097830408866039 48.61673355102539
0.07197799851244434 49.17226028442383
0.07297769293622829 49.77482986450195
0.07397738736001223 50.38257217407227
0.07497708178379618 50.98846054077148
0.07597677620758013 51.59898376464844
0.07697647063136408 52.21940612792969
0.07797616505514803 52.83454895019531
0.07897585947893197 53.4613151550293
0.07997555390271592 54.09013748168945
0.08097524832649987 54.71944046020508
0.08197494275028382 55.35862350463867
0.08297463717406776 55.99787139892578
0.08397433159785171 56.64071655273438
0.08497402602163566 57.29195785522461
0.08597372044541961 57.9423713684082
0.08697341486920356 58.59826278686523
0.0879731092929875 59.26194000244141
0.08897280371677145 59.92262268066406
0.0899724981405554 60.59374618530273
0.09097219256433935 61.26646041870117
0.09197188698812329 61.94090270996094
0.09297158141190724 62.6245002746582
0.09397127583569119 63.30785369873047
0.09497097025947514 63.99580001831055
0.09597066468325909 64.69122314453125
0.09697035910704303 65.38575744628906
0.09797005353082698 66.08746337890625
0.09896974795461093 66.79376983642578
0.09996944237839488 67.50042724609375
0.1009691368021788 68.21560668945313
0.1019688312259628 68.93234252929688
0.1029685256497467 69.65207672119141
0.1039682200735307 70.27825927734375
0.1049679144973146 71.15741729736328
0.1059676089210986 71.82570648193359
0.1069673033448825 72.57902526855469
0.1079669977686665 73.31917572021484
0.1089666921924504 74.0655517578125
0.1099663866162344 74.81478881835938
0.1109660810400183 75.56755065917969
0.1119657754638023 76.32572174072266
0.1129654698875862 77.08753204345703
0.1139651643113702 77.85215759277344
0.1149648587351541 78.62311553955078
0.115964553158938 79.39604949951172
0.116964247582722 80.17381286621094
0.1179639420065059 80.95623779296875
0.1189636364302899 81.74134063720703
0.1199633308540738 82.53170013427734
0.1209630252778578 83.32551574707031
0.1219627197016417 84.12349700927734
0.1229624141254257 84.92536163330078
0.1239621085492096 85.73167419433594
0.1249618029729936 86.54153442382813
0.1259614973967775 87.35572814941406
0.1269611918205615 88.17392730712891
0.1279608862443454 88.99598693847656
0.1289605806681294 89.82229614257813
0.1299602750919133 90.6527099609375
0.1309599695156973 91.48683929443359
0.1319596639394812 92.3253173828125
0.1329593583632652 93.16773986816406
0.1339590527870491 94.01407623291016
0.1349587472108331 94.86444091796875
0.135958441634617 95.71916198730469
0.136958136058401 96.57753753662109
0.1379578304821849 97.44026184082031
0.1389575249059689 98.30659484863281
0.1399572193297528 99.17755889892578
0.1409569137535368 100.0519943237305
0.1419566081773207 100.9307861328125
0.1429563026011047 101.8135528564453
0.1439559970248886 102.7002944946289
0.1449556914486725 103.5912017822266
0.1459553858724565 104.4858627319336
0.1469550802962404 105.3849487304688
0.1479547747200244 106.2876968383789
0.1489544691438083 107.1948089599609
0.1499541635675923 108.105583190918
0.1509538579913762 109.0209579467773
0.1519535524151602 109.9399795532227
0.1529532468389441 110.8632049560547
0.1539529412627281 111.7903366088867
0.154952635686512 112.7216339111328
0.155952330110296 113.6572036743164
0.1569520245340799 114.5966873168945
0.1579517189578639 115.5408477783203
0.1589514133816478 116.4889450073242
0.1599511078054318 117.4417037963867
0.1609508022292157 118.3974456787109
0.1619504966529997 119.358528137207
0.1629501910767836 120.3228759765625
0.1639498855005676 121.2906799316406
0.1649495799243515 122.2624206542969
0.1659492743481354 123.1581039428711
0.1669489687719194 124.2556381225586
0.1679486631957033 125.1817855834961
0.1689483576194873 126.1932983398438
0.1699480520432712 127.1873168945313
0.1709477464670552 128.1870422363281
0.1719474408908391 129.1898956298828
0.1729471353146231 130.1953735351563
0.173946829738407 131.2048950195313
0.174946524162191 132.2181854248047
0.1759462185859749 133.2345733642578
0.1769459130097589 134.2548370361328
0.1779456074335428 135.2794189453125
0.1789453018573268 136.3079223632813
0.1799449962811107 137.3399658203125
0.1809446907048947 138.3761596679688
0.1819443851286786 139.41650390625
0.1829440795524626 140.4609222412109
0.1839437739762465 141.5120697021484
0.1849434684000305 142.5673065185547
0.1859431628238144 143.6233673095703
0.1869428572475984 144.6869049072266
0.1879425516713823 145.7509918212891
0.1889422460951662 146.8192596435547
0.1899419405189502 147.8273010253906
0.1909416349427341 148.9982147216797
0.1919413293665181 150.0298614501953
0.192941023790302 151.1349029541016
0.193940718214086 152.2235412597656
0.1949404126378699 153.3157653808594
0.1959401070616539 154.4118499755859
0.1969398014854378 155.5115966796875
0.1979394959092218 156.6185607910156
0.1989391903330057 157.7263946533203
0.1999388847567897 158.8436126708984
0.2009385791805736 159.9585723876953
0.2019382736043576 161.0783081054688
0.2029379680281415 162.2025756835938
0.2039376624519255 163.3327484130859
0.2049373568757094 164.3809204101563
0.2059370512994934 165.6338348388672
0.2069367457232773 166.7182159423828
0.2079364401470613 167.8832397460938
0.2089361345708452 169.0328826904297
0.2099358289946292 170.1855316162109
0.2109355234184131 171.3422698974609
0.211935217842197 172.5034332275391
0.212934912265981 173.6685943603516
0.2139346066897649 174.8378448486328
0.2149343011135489 176.0111999511719
0.2159339955373328 177.1886901855469
0.2169336899611168 178.3700256347656
0.2179333843849007 179.5554504394531
0.2189330788086847 180.6363372802734
0.2199327732324686 181.9843902587891
0.2209324676562526 183.1000518798828
0.2219321620800365 184.3377685546875
0.2229318565038205 185.5438690185547
0.2239315509276044 186.7531433105469
0.2249312453513884 187.9670715332031
0.2259309397751723 189.1848449707031
0.2269306341989563 190.4068908691406
0.2279303286227402 191.6329040527344
0.2289300230465242 192.8633270263672
0.2299297174703081 194.03662109375
0.2309294118940921 195.2712860107422
0.231929106317876 196.5934753417969
0.23292880074166 197.7944030761719
0.2339284951654439 199.0767974853516
0.2349281895892278 200.3319091796875
0.2359278840130118 201.5903015136719
0.2369275784367957 202.7782745361328
0.2379272728605797 204.1491546630859
0.2389269672843636 205.35986328125
0.2399266617081476 206.6611633300781
0.2409263561319315 207.9396057128906
0.2419260505557155 209.2221221923828
0.2429257449794994 210.5084228515625
0.2439254394032834 211.7989654541016
0.2449251338270673 213.0932159423828
0.2459248282508513 214.3918762207031
0.2469245226746352 215.6945190429688
0.2479242170984192 217.0011596679688
0.2489239115222031 218.311767578125
0.2499236059459871 219.6263122558594
0.250923300369771 220.9450531005859
0.251922994793555 222.2677612304688
0.2529226892173389 223.5946044921875
0.2539223836411229 224.9253540039063
0.2549220780649068 226.2601013183594
0.2559217724886908 227.5989837646484
0.2569214669124747 228.9419860839844
0.2579211613362586 230.2890319824219
0.2589208557600426 231.6398468017578
0.2599205501838265 232.9946136474609
0.2609202446076105 234.3534393310547
0.2619199390313944 235.7166290283203
0.2629196334551784 237.0838470458984
0.2639193278789623 238.454833984375
0.2649190223027463 239.8296203613281
0.2659187167265302 241.2085418701172
0.2669184111503142 242.5918884277344
0.2679181055740981 243.9792785644531
0.2689177999978821 245.3705596923828
0.269917494421666 246.7655639648438
0.27091718884545 248.1647796630859
0.2719168832692339 249.5683441162109
0.2729165776930179 250.9759674072266
0.2739162721168018 252.3875122070313
0.2749159665405858 253.7645568847656
0.2759156609643697 255.2396545410156
0.2769153553881537 256.6281127929688
0.2779150498119376 258.0761413574219
0.2789147442357216 259.5074462890625
0.2799144386595055 260.9434814453125
0.2809141330832894 262.3836059570313
0.2819138275070734 263.8276062011719
0.2829135219308573 265.2755126953125
0.2839132163546413 266.7276000976563
0.2849129107784252 268.1835632324219
0.2859126052022092 269.6437072753906
0.2869122996259931 271.1076354980469
0.2879119940497771 272.5757446289063
0.288911688473561 274.0480041503906
0.289911382897345 275.4703369140625
0.2909110773211289 277.0256042480469
0.2919107717449129 278.4542236328125
0.2929104661686968 279.9725646972656
0.2939101605924808 281.4623413085938
0.2949098550162647 282.9595031738281
0.2959095494400487 284.4609375
0.2969092438638326 285.96533203125
0.2979089382876166 287.4737854003906
0.2989086327114005 288.9859924316406
0.2999083271351845 290.5022583007813
0.3009080215589684 292.0221252441406
0.3019077159827523 293.5468444824219
0.3029074104065363 295.0765686035156
0.3039071048303202 296.5577392578125
0.3049067992541042 298.1700744628906
0.3059064936778881 299.6613159179688
0.3069061881016721 301.1903381347656
0.307905882525456 302.7347717285156
0.30890557694924 304.3307800292969
0.3099052713730239 305.8573303222656
0.3109049657968079 307.443603515625
0.3119046602205918 309.008056640625
0.3129043546443758 311.2302551269531
0.3139040490681597 311.633544921875
0.3149037434919437 313.850830078125
0.3159034379157276 315.3111267089844
0.3169031323395116 316.8999328613281
0.3179028267632955 318.4873657226563
0.3189025211870795 320.0787658691406
0.3199022156108634 321.6744689941406
0.3209019100346474 323.2759704589844
0.3219016044584313 324.8814697265625
0.3229012988822153 326.4712524414063
0.3239009933059992 328.1088562011719
0.3249006877297831 329.5137939453125
0.3259003821535671 331.4041137695313
0.326900076577351 332.9136962890625
0.327899771001135 334.59375
0.3288994654249189 336.2316589355469
0.3298991598487029 337.8673400878906
0.3308988542724868 339.506591796875
0.3318985486962708 341.1515808105469
0.3328982431200547 342.80029296875
0.3338979375438387 344.4534301757813
0.3348976319676226 346.1112670898438
0.3358973263914066 347.77294921875
0.3368970208151905 349.43896484375
0.3378967152389745 351.1082458496094
0.3388964096627584 352.7809143066406
0.3398961040865424 354.4578247070313
0.3408957985103263 356.1390380859375
0.3418954929341103 357.8244323730469
0.3428951873578942 359.5146179199219
0.3438948817816782 361.208251953125
0.3448945762054621 362.9057312011719
0.3458942706292461 364.8835754394531
0.34689396505303 366.0761413574219
0.3478936594768139 368.0621032714844
0.3488933539005979 369.7388305664063
0.3498930483243818 371.4584045410156
0.3508927427481658 373.1805419921875
0.3518924371719497 374.9060363769531
0.3528921315957337 376.5771484375
0.3538918260195176 378.3879089355469
0.3548915204433016 380.067138671875
0.3558912148670855 381.841796875
0.3568909092908695 383.5853881835938
0.3578906037146534 385.3362121582031
0.3588902981384374 387.0914001464844
0.3598899925622213 388.8493041992188
0.3608896869860053 390.5240478515625
0.3618893814097892 392.404052734375
0.3628890758335732 394.0850219726563
0.3638887702573571 395.9059143066406
0.3648884646811411 397.6799926757813
0.365888159104925 399.3343505859375
0.366887853528709 401.28369140625
0.3678875479524929 402.9979858398438
0.3688872423762769 404.7861633300781
0.3698869368000608 406.5284423828125
0.3708866312238447 408.4281921386719
0.3718863256476287 410.1751708984375
0.3728860200714126 412.0250854492188
0.3738857144951966 413.8412780761719
0.3748854089189805 415.6585998535156
0.3758851033427645 417.4797973632813
0.3768847977665484 419.30615234375
0.3778844921903324 421.1365356445313
0.3788841866141163 422.9705200195313
0.3798838810379003 424.8078918457031
0.3808835754616842 426.6490783691406
0.3818832698854682 428.4944763183594
0.3828829643092521 430.3444519042969
0.3838826587330361 432.1990051269531
0.38488235315682 433.9963073730469
0.385882047580604 435.9457702636719
0.3868817420043879 437.7506408691406
0.3878814364281719 439.6605529785156
0.3888811308519558 441.5318908691406
0.3898808252757398 443.4104309082031
0.3908805196995237 445.292724609375
0.3918802141233077 447.1297607421875
0.3928799085470916 449.0838623046875
0.3938796029708755 450.7608947753906
0.3948792973946595 452.93701171875
0.3958789918184434 454.6331481933594
0.3968786862422274 456.5885620117188
0.3978783806660113 458.5692443847656
0.3988780750897953 460.3139038085938
0.3998777695135792 462.3770751953125
0.4008774639373632 464.1593322753906
0.4018771583611471 466.2196350097656
0.4028768527849311 468.1096801757813
0.403876547208715 470.0077819824219
0.404876241632499 472.01416015625
0.4058759360562829 473.9012756347656
0.4068756304800669 475.8769836425781
0.4078753249038508 477.7560424804688
0.4088750193276348 479.7459411621094
0.4098747137514187 481.7130737304688
0.4108744081752027 483.537841796875
0.4118741025989866 485.7079162597656
0.4128737970227706 487.5435791015625
0.4138734914465545 489.5050048828125
0.4148731858703385 491.6164245605469
0.4158728802941224 493.5159912109375
0.4168725747179063 495.55712890625
0.4178722691416903 497.6482238769531
0.4188719635654742 499.5076904296875
0.4198716579892582 501.583984375
0.4208713524130421 503.5417785644531
0.4218710468368261 505.4857177734375
0.42287074126061 507.583984375
0.423870435684394 509.52880859375
0.4248701301081779 511.4723205566406
0.4258698245319619 513.665771484375
0.4268695189557458 515.5701904296875
0.4278692133795298 517.6747436523438
0.4288689078033137 519.7053833007813
0.4298686022270977 521.6295166015625
0.4308682966508816 523.7496337890625
0.4318679910746656 525.8046875
0.4328676854984495 527.84423828125
0.4338673799222335 529.9432983398438
0.4348670743460174 531.9995727539063
0.4358667687698014 534.0619506835938
0.4368664631935853 536.1267700195313
0.4378661576173692 538.105712890625
0.4388658520411532 540.1158447265625
0.4398655464649371 542.36083984375
0.4408652408887211 544.3214111328125
0.441864935312505 546.408447265625
0.442864629736289 548.6463012695313
0.4438643241600729 550.6531372070313
0.4448640185838569 552.8118896484375
0.4458637130076408 555.2393798828125
0.4468634074314248 556.39111328125
0.4478631018552087 559.1092529296875
0.4488627962789927 561.1597290039063
0.4498624907027766 563.3602905273438
0.4508621851265606 565.4186401367188
0.4518618795503445 567.5701904296875
0.4528615739741285 569.6995239257813
0.4538612683979124 571.8639526367188
0.4548609628216964 574.0028686523438
0.4558606572454803 576.1533203125
0.4568603516692643 578.2223510742188
0.4578600460930482 580.4603271484375
0.4588597405168322 582.556640625
0.4598594349406161 584.737060546875
0.4608591293644 586.7418823242188
0.461858823788184 589.0951538085938
0.4628585182119679 591.1686401367188
0.4638582126357519 593.3471069335938
0.4648579070595358 595.3904418945313
0.4658576014833198 597.6324462890625
0.4668572959071037 599.9032592773438
0.4678569903308877 602.0560913085938
0.4688566847546716 604.3197021484375
0.4698563791784556 606.520751953125
0.4708560736022395 608.5147705078125
0.4718557680260235 610.9771728515625
0.4728554624498074 612.916259765625
0.4738551568735914 615.1196899414063
0.4748548512973753 617.2887573242188
0.4758545457211593 619.7772216796875
0.4768542401449432 621.8988037109375
0.4778539345687272 624.2573852539063
0.4788536289925111 626.4300537109375
0.4798533234162951 628.512939453125
0.480853017840079 630.9850463867188
0.481852712263863 633.0255737304688
0.4828524066876469 635.2650146484375
0.4838521011114308 637.6636352539063
0.4848517955352148 639.8497924804688
0.4858514899589987 642.1030883789063
0.4868511843827827 644.4320678710938
0.4878508788065666 646.7086791992188
0.4888505732303506 648.8765869140625
0.4898502676541345 651.3046264648438
0.4908499620779185 653.4984741210938
0.4918496565017024 655.6512451171875
0.4928493509254864 658.072998046875
0.4938490453492703 660.280517578125
0.4948487397730543 662.52294921875
0.4958484341968382 665.3492431640625
0.4968481286206222 666.9981079101563
0.4978478230444061 669.7179565429688
0.4988475174681901 671.1730346679688
0.499847211891974 674.8388671875
0.500846906315758 676.3761596679688
0.501846600739542 678.7291259765625
0.502846295163326 681.3179321289063
0.50384598958711 683.3630981445313
0.504845684010894 685.9103393554688
0.505845378434678 688.2307739257813
0.506845072858462 690.6284790039063
0.507844767282246 693.4553833007813
0.50884446170603 694.49755859375
0.509844156129814 697.5200805664063
0.510843850553598 699.7662963867188
0.5118435449773821 702.0264892578125
0.5128432394011661 704.68896484375
0.5138429338249501 706.913818359375
0.5148426282487341 709.4192504882813
0.5158423226725181 711.7679443359375
0.5168420170963021 714.0736083984375
0.5178417115200861 716.1151733398438
0.5188414059438701 719.2025756835938
0.5198411003676541 720.855712890625
0.5208407947914381 723.9867553710938
0.5218404892152221 726.063232421875
0.5228401836390061 728.586669921875
0.5238398780627901 730.835205078125
0.5248395724865741 733.4989624023438
0.5258392669103581 735.7783813476563
0.5268389613341421 738.06298828125
0.5278386557579261 740.7294311523438
0.5288383501817101 742.7178955078125
0.5298380446054941 745.5584716796875
0.5308377390292781 747.8211669921875
0.5318374334530621 750.3689575195313
0.5328371278768461 752.8087158203125
0.5338368223006301 755.1718139648438
0.5348365167244141 757.7342529296875
0.5358362111481981 759.6824951171875
0.5368359055719821 762.6895751953125
0.5378355999957661 765.095458984375
0.5388352944195501 767.1871337890625
0.5398349888433341 770.07080078125
0.5408346832671181 772.18505859375
0.5418343776909022 775.0191040039063
0.5428340721146862 777.1466064453125
0.5438337665384702 779.9034423828125
0.5448334609622542 781.7796630859375
0.5458331553860382 784.680419921875
0.5468328498098222 787.24755859375
0.5478325442336062 788.9722290039063
0.5488322386573902 793.1980590820313
0.5498319330811742 794.2119140625
0.5508316275049582 797.20849609375
0.5518313219287422 799.4935302734375
0.5528310163525262 801.9014892578125
0.5538307107763102 804.0331420898438
0.5548304052000942 807.1272583007813
0.5558300996238782 809.5534057617188
0.5568297940476622 812.2063598632813
0.5578294884714462 813.7244873046875
0.5588291828952302 817.2346801757813
0.5598288773190142 818.9589233398438
0.5608285717427982 823.1765747070313
0.5618282661665822 824.0473022460938
0.5628279605903662 828.0498046875
0.5638276550141502 829.3244018554688
0.5648273494379342 832.1710815429688
0.5658270438617182 836.0254516601563
0.5668267382855022 835.1976928710938
0.5678264327092862 840.6577758789063
0.5688261271330702 841.0620727539063
0.5698258215568542 843.9681396484375
0.5708255159806382 846.7408447265625
0.5718252104044223 849.2088623046875
0.5728249048282063 850.25244140625
0.5738245992519903 857.4132690429688
0.5748242936757743 856.6395874023438
0.5758239880995583 859.329833984375
0.5768236825233423 857.2334594726563
0.5778233769471263 863.5845947265625
0.5788230713709103 863.9215698242188
0.5798227657946943 868.885986328125
0.5808224602184783 866.8390502929688
0.5818221546422623 873.175048828125
0.5828218490660463 874.1458129882813
0.5838215434898303 874.2360229492188
0.5848212379136143 878.16259765625
0.5858209323373983 880.1422729492188
0.5868206267611823 884.252197265625
0.5878203211849663 882.1327514648438
0.5888200156087503 885.8592529296875
0.5898197100325343 884.4580688476563
0.5908194044563183 892.599853515625
0.5918190988801023 892.8296508789063
0.5928187933038863 885.3685302734375
0.5938184877276703 897.8342895507813
0.5948181821514543 897.0352783203125
0.5958178765752383 899.0926513671875
0.5968175709990223 899.3630981445313
0.5978172654228063 898.8165893554688
0.5988169598465903 905.7839965820313
0.5998166542703743 912.1826171875
0.6008163486941583 909.0623779296875
0.6018160431179424 906.1786499023438
0.6028157375417264 913.756591796875
0.6038154319655104 903.6400146484375
0.6048151263892944 910.63330078125
0.6058148208130784 911.666748046875
0.6068145152368624 916.6515502929688
0.6078142096606464 912.9014282226563
0.6088139040844304 922.3643188476563
0.6098135985082144 917.3836059570313
0.6108132929319984 918.7523193359375
0.6118129873557824 920.5484008789063
0.6128126817795664 918.6485595703125
0.6138123762033504 921.8519897460938
0.6148120706271344 922.722412109375
0.6158117650509184 927.5350341796875
0.6168114594747024 931.099853515625
0.6178111538984864 931.1535034179688
0.6188108483222704 927.9003295898438
0.6198105427460544 938.5057983398438
0.6208102371698384 931.3616333007813
0.6218099315936224 925.282958984375
0.6228096260174064 937.3233642578125
0.6238093204411904 929.952392578125
0.6248090148649744 941.1675415039063
0.6258087092887584 943.7763671875
0.6268084037125424 942.8361206054688
0.6278080981363264 937.0194091796875
0.6288077925601104 939.6582641601563
0.6298074869838944 948.8736572265625
0.6308071814076784 943.756103515625
0.6318068758314624 950.8687133789063
0.6328065702552465 943.4697265625
0.6338062646790305 949.88330078125
0.6348059591028145 943.528076171875
0.6358056535265985 963.506591796875
0.6368053479503825 937.7946166992188
0.6378050423741665 965.05859375
0.6388047367979505 947.783203125
0.6398044312217345 962.1317749023438
0.6408041256455185 949.4033813476563
0.6418038200693025 966.181640625
0.6428035144930865 955.3637084960938
0.6438032089168705 972.488037109375
0.6448029033406545 949.8529052734375
0.6458025977644385 954.1112060546875
0.6468022921882225 967.091796875
0.6478019866120065 968.5673217773438
0.6488016810357905 973.0631713867188
0.6498013754595745 963.7759399414063
0.6508010698833585 977.162109375
0.6518007643071425 972.0262451171875
0.6528004587309265 976.9578247070313
0.6538001531547105 980.9053955078125
0.6547998475784945 965.3056030273438
0.6557995420022785 983.3840942382813
0.6567992364260625 966.8067016601563
0.6577989308498465 976.3527221679688
0.6587986252736305 979.876953125
0.6597983196974145 970.7807006835938
0.6607980141211985 980.352294921875
0.6617977085449825 969.5338745117188
0.6627974029687666 978.9547119140625
0.6637970973925506 969.3718872070313
0.6647967918163346 975.3330688476563
0.6657964862401186 985.5045776367188
0.6667961806639026 974.4896240234375
0.6677958750876866 983.1398315429688
0.6687955695114706 973.9989624023438
0.6697952639352546 987.8267211914063
0.6707949583590386 988.4788818359375
0.6717946527828226 987.0107421875
0.6727943472066066 980.3236083984375
0.6737940416303906 992.8887939453125
0.6747937360541746 994.7510375976563
0.6757934304779586 982.1446533203125
0.6767931249017426 992.1920776367188
0.6777928193255266 986.3748168945313
0.6787925137493106 985.4495849609375
0.6797922081730946 988.313232421875
0.6807919025968786 991.7987060546875
0.6817915970206626 1004.950866699219
0.6827912914444466 997.4544067382813
0.6837909858682306 999.4083862304688
0.6847906802920146 1000.867248535156
0.6857903747157986 1004.528442382813
0.6867900691395826 998.2132568359375
0.6877897635633666 988.6763305664063
0.6887894579871506 1004.194458007813
0.6897891524109346 999.28662109375
0.6907888468347186 985.066650390625
0.6917885412585026 997.3322143554688
0.6927882356822867 1010.856689453125
0.6937879301060707 991.6729125976563
0.6947876245298547 1006.808288574219
0.6957873189536387 996.2745971679688
0.6967870133774227 1010.70263671875
0.6977867078012067 992.4708251953125
0.6987864022249907 1005.893432617188
0.6997860966487747 1012.862365722656
0.7007857910725587 1007.592102050781
0.7017854854963427 999.0033569335938
0.7027851799201267 1015.358520507813
0.7037848743439107 1008.4072265625
0.7047845687676947 1003.649230957031
0.7057842631914787 1002.479736328125
0.7067839576152627 1016.818237304688
0.7077836520390467 1006.446105957031
0.7087833464628307 999.76611328125
0.7097830408866147 1015.815490722656
0.7107827353103987 1006.174072265625
0.7117824297341827 1000.419982910156
0.7127821241579667 1007.625793457031
0.7137818185817507 1015.574340820313
0.7147815130055347 1000.449645996094
0.7157812074293187 1017.925170898438
0.7167809018531027 1010.906677246094
0.7177805962768867 998.3552856445313
0.7187802907006707 1020.290344238281
0.7197799851244547 1004.294982910156
0.7207796795482387 1022.085571289063
0.7217793739720227 1008.563171386719
0.7227790683958068 1015.439208984375
0.7237787628195908 1004.219055175781
0.7247784572433748 1004.416809082031
0.7257781516671588 1009.232604980469
0.7267778460909428 994.47021484375
0.7277775405147268 1003.742492675781
0.7287772349385108 997.3716430664063
0.7297769293622948 1013.449096679688
0.7307766237860788 996.8201293945313
0.7317763182098628 1002.595947265625
0.7327760126336468 1002.009033203125
0.7337757070574308 1002.437866210938
0.7347754014812148 1002.1162109375
0.7357750959049988 992.2411499023438
0.7367747903287828 996.7062377929688
0.7377744847525668 997.3671264648438
0.7387741791763508 992.9511108398438
0.7397738736001348 1001.630187988281
0.7407735680239188 998.1332397460938
0.7417732624477028 996.6483154296875
0.7427729568714868 982.60546875
0.7437726512952708 986.5379028320313
0.7447723457190548 971.2279663085938
0.7457720401428388 983.5512084960938
0.7467717345666228 964.6366577148438
0.7477714289904068 982.1851806640625
0.7487711234141908 990.9293212890625
0.7497708178379748 978.9838256835938
0.7507705122617588 977.6489868164063
0.7517702066855428 984.5487060546875
0.7527699011093268 966.498046875
0.7537695955331109 978.6953125
0.7547692899568949 966.7199096679688
0.7557689843806789 968.6715087890625
0.7567686788044629 970.4505004882813
0.7577683732282469 967.6129760742188
0.7587680676520309 970.1755981445313
0.7597677620758149 978.6357421875
0.7607674564995989 952.6099243164063
0.7617671509233829 977.3089599609375
0.7627668453471669 950.4572143554688
0.7637665397709509 969.7764282226563
0.7647662341947349 965.8576049804688
0.7657659286185189 960.3017578125
0.7667656230423029 979.9894409179688
0.7677653174660869 951.6959838867188
0.7687650118898709 970.0899047851563
0.7697647063136549 949.34033203125
0.7707644007374389 954.56884765625
0.7717640951612229 954.1614379882813
0.7727637895850069 960.6940307617188
0.7737634840087909 940.7185668945313
0.7747631784325749 947.4486083984375
0.7757628728563589 954.5101928710938
0.7767625672801429 933.716064453125
0.7777622617039269 944.5057373046875
0.7787619561277109 926.5220947265625
0.7797616505514949 930.1605834960938
0.7807613449752789 921.9639892578125
0.7817610393990629 915.7332763671875
0.7827607338228469 912.7694091796875
0.783760428246631 904.397216796875
0.784760122670415 910.4201049804688
0.785759817094199 910.1951293945313
0.786759511517983 900.00390625
0.787759205941767 908.5767822265625
0.788758900365551 900.2471313476563
0.789758594789335 881.739990234375
0.790758289213119 893.258056640625
0.791757983636903 884.208984375
0.792757678060687 881.3140258789063
0.793757372484471 871.1423950195313
0.794757066908255 891.341796875
0.795756761332039 884.2045288085938
0.796756455755823 865.57421875
0.797756150179607 883.4362182617188
0.798755844603391 892.8411254882813
0.799755539027175 866.1195678710938
0.800755233450959 879.5635375976563
0.801754927874743 875.255859375
0.802754622298527 852.3484497070313
0.803754316722311 888.9512329101563
0.804754011146095 868.5933837890625
0.805753705569879 885.012939453125
0.806753399993663 851.7383422851563
0.807753094417447 887.099365234375
0.808752788841231 866.2136840820313
0.809752483265015 867.5465087890625
0.810752177688799 859.5614013671875
0.811751872112583 876.4395751953125
0.812751566536367 855.4837036132813
0.8137512609601511 857.8576049804688
0.8147509553839351 865.6061401367188
0.8157506498077191 864.0697631835938
0.8167503442315031 846.3306274414063
0.8177500386552871 859.9169921875
0.8187497330790711 852.9432373046875
0.8197494275028551 853.7123413085938
0.8207491219266391 843.5964965820313
0.8217488163504231 842.2675170898438
0.8227485107742071 861.845458984375
0.8237482051979911 851.3532104492188
0.8247478996217751 848.9986572265625
0.8257475940455591 841.044189453125
0.8267472884693431 856.9258422851563
0.8277469828931271 845.1292114257813
0.8287466773169111 843.1137084960938
0.8297463717406951 824.6065673828125
0.8307460661644791 855.436279296875
0.8317457605882631 817.6099853515625
0.8327454550120471 835.4329223632813
0.8337451494358311 834.2335205078125
0.8347448438596151 825.9784545898438
0.8357445382833991 823.3480834960938
0.8367442327071831 835.9578857421875
0.8377439271309671 820.8613891601563
0.8387436215547511 824.1558227539063
0.8397433159785351 836.3421020507813
0.8407430104023191 825.7880859375
0.8417427048261031 802.210693359375
0.8427423992498871 834.8316650390625
0.8437420936736712 807.0123291015625
0.8447417880974552 827.07373046875
0.8457414825212392 802.8631591796875
0.8467411769450232 818.0830078125
0.8477408713688072 815.593017578125
0.8487405657925912 816.4300537109375
0.8497402602163752 819.6582641601563
0.8507399546401592 786.2723999023438
0.8517396490639432 819.505126953125
0.8527393434877272 796.3162841796875
0.8537390379115112 791.5227661132813
0.8547387323352952 802.6854248046875
0.8557384267590792 826.7286376953125
0.8567381211828632 799.0075073242188
0.8577378156066472 801.98095703125
0.8587375100304312 817.1009521484375
0.8597372044542152 805.7542114257813
0.8607368988779992 813.6364135742188
0.8617365933017832 816.6463623046875
0.8627362877255672 815.4544677734375
0.8637359821493512 831.7483520507813
0.8647356765731352 820.9198608398438
0.8657353709969192 842.2033081054688
0.8667350654207032 837.06640625
0.8677347598444872 825.5149536132813
0.8687344542682712 841.35302734375
0.8697341486920552 827.6121826171875
0.8707338431158392 860.053466796875
0.8717335375396232 835.2423095703125
0.8727332319634072 852.3388061523438
0.8737329263871912 857.25537109375
0.8747326208109753 858.7449340820313
0.8757323152347593 840.1939086914063
0.8767320096585433 847.70458984375
0.8777317040823273 846.4088134765625
0.8787313985061113 862.4568481445313
0.8797310929298953 830.1185913085938
0.8807307873536793 857.617919921875
0.8817304817774633 833.9363403320313
0.8827301762012473 848.7460327148438
0.8837298706250313 826.007568359375
0.8847295650488153 843.7428588867188
0.8857292594725993 840.5513916015625
0.8867289538963833 830.9276123046875
0.8877286483201673 846.1619262695313
0.8887283427439513 837.03759765625
0.8897280371677353 845.097412109375
0.8907277315915193 844.237548828125
0.8917274260153033 860.0221557617188
0.8927271204390873 863.7186889648438
0.8937268148628713 842.5540771484375
0.8947265092866553 880.344482421875
0.8957262037104393 857.2608032226563
0.8967258981342233 866.8522338867188
0.8977255925580073 884.3248901367188
0.8987252869817913 863.3168334960938
0.8997249814055753 871.2757568359375
0.9007246758293593 877.735107421875
0.9017243702531433 864.9675903320313
0.9027240646769273 889.3695068359375
0.9037237591007113 861.6815795898438
0.9047234535244954 878.62158203125
0.9057231479482794 879.4707641601563
0.9067228423720634 885.7981567382813
0.9077225367958474 860.140625
0.9087222312196314 889.3668212890625
0.9097219256434154 863.8385620117188
0.9107216200671994 884.1962890625
0.9117213144909834 875.8560791015625
0.9127210089147674 888.7545166015625
0.9137207033385514 887.8970947265625
0.9147203977623354 909.70947265625
0.9157200921861194 891.3121948242188
0.9167197866099034 920.7122192382813
0.9177194810336874 899.9818725585938
0.9187191754574714 921.995849609375
0.9197188698812554 927.1864624023438
0.9207185643050394 901.54931640625
0.9217182587288234 936.9703369140625
0.9227179531526074 933.6812133789063
0.9237176475763914 914.7970581054688
0.9247173420001754 945.26953125
0.9257170364239594 923.5863037109375
0.9267167308477434 922.4573364257813
0.9277164252715274 927.9099731445313
0.9287161196953114 924.1934814453125
0.9297158141190954 941.9378662109375
0.9307155085428794 929.8447265625
0.9317152029666634 932.9761352539063
0.9327148973904474 951.6704711914063
0.9337145918142314 924.805419921875
0.9347142862380155 942.8351440429688
0.9357139806617995 946.3790283203125
0.9367136750855835 943.8868408203125
0.9377133695093675 942.4179077148438
0.9387130639331515 964.0119018554688
0.9397127583569355 946.4994506835938
