"pressure_point1-rset"
"Time Step" "flow-time etc.."
("Time Step" "flow-time" "pressure_point1")
1 0.0009996974941078813 15.69638442993164
2 0.001999394988215763 17.49504661560059
3 0.002999092482323644 16.1507453918457
4 0.003998789976431525 14.79679584503174
5 0.004998487470539406 16.51459312438965
6 0.005998184964647288 17.08359718322754
7 0.006997882458755169 15.88798713684082
8 0.00799757995286305 16.88548088073731
9 0.008997277446970931 16.85988807678223
10 0.009996974941078811 16.74198150634766
11 0.01099667243518669 17.18408393859863
12 0.01199636992929457 17.05453681945801
13 0.01299606742340245 17.35373687744141
14 0.01399576491751033 17.34737205505371
15 0.01499546241161821 17.57463264465332
16 0.01599515990572609 17.71076774597168
17 0.01699485739983397 17.73942184448242
18 0.01799455489394185 18.00813293457031
19 0.01899425238804973 18.00498771667481
20 0.01999394988215762 18.27765655517578
21 0.0209936473762655 18.27545166015625
22 0.02199334487037338 18.55072593688965
23 0.02299304236448126 18.55072784423828
24 0.02399273985858914 18.82795906066895
25 0.02499243735269702 18.83039093017578
26 0.0259921348468049 19.07231140136719
27 0.02699183234091278 19.18066787719727
28 0.02799152983502066 19.32638168334961
29 0.02899122732912854 19.47052764892578
30 0.02999092482323642 19.61558723449707
31 0.0309906223173443 19.76333999633789
32 0.03199031981145218 19.9095401763916
33 0.03299001730556006 20.09689903259277
34 0.03398971479966794 20.14135932922363
35 0.03498941229377582 20.39229202270508
36 0.0359891097878837 20.50941848754883
37 0.03698880728199158 20.66567993164063
38 0.03798850477609946 20.81820869445801
39 0.03898820227020734 20.97433471679688
40 0.03998789976431522 21.1302661895752
41 0.0409875972584231 21.28715705871582
42 0.04198729475253098 21.44630432128906
43 0.04298699224663886 21.6045093536377
44 0.04398668974074674 21.76663208007813
45 0.04498638723485463 21.92620086669922
46 0.04598608472896251 22.09073257446289
47 0.04698578222307039 22.25244331359863
48 0.04798547971717827 22.41867637634277
49 0.04898517721128615 22.58339309692383
50 0.04998487470539403 22.75074768066406
51 0.05098457219950191 22.91858863830566
52 0.05198426969360979 23.08709144592285
53 0.05298396718771767 23.25791931152344
54 0.05398366468182555 23.42768096923828
55 0.05498336217593343 23.60127639770508
56 0.05598305967004131 23.77275276184082
57 0.05698275716414919 23.94845390319824
58 0.05798245465825707 24.12247276306152
59 0.05898215215236495 24.29978179931641
60 0.05998184964647283 24.47661018371582
61 0.06098154714058071 24.6550464630127
62 0.06198124463468859 24.83489227294922
63 0.06298094212879647 25.01456451416016
64 0.06398063962290436 25.19732475280762
65 0.06498033711701225 25.37864112854004
66 0.06598003461112013 25.56370544433594
67 0.06697973210522802 25.74706840515137
68 0.06797942959933591 25.93401145935059
69 0.0689791270934438 26.1199951171875
70 0.06997882458755168 26.308349609375
71 0.07097852208165957 26.49729156494141
72 0.07197821957576746 26.68688583374023
73 0.07297791706987535 26.87863159179688
74 0.07397761456398323 27.06974601745606
75 0.07497731205809112 27.26401901245117
76 0.07597700955219901 27.45698547363281
77 0.07697670704630689 27.65344429016113
78 0.07797640454041478 27.84867858886719
79 0.07897610203452267 28.04672622680664
80 0.07997579952863056 28.24478149414063
81 0.08097549702273844 28.44409370422363
82 0.08197519451684633 28.64491653442383
83 0.08297489201095422 28.84592056274414
84 0.08397458950506211 29.04947090148926
85 0.08497428699916999 29.25190734863281
86 0.08597398449327788 29.45771598815918
87 0.08697368198738577 29.6624870300293
88 0.08797337948149366 29.86995315551758
89 0.08897307697560154 30.07728385925293
90 0.08997277446970943 30.28638076782227
91 0.09097247196381732 30.49637603759766
92 0.0919721694579252 30.70692253112793
93 0.09297186695203309 30.91954040527344
94 0.09397156444614098 31.13181686401367
95 0.09497126194024887 31.34677505493164
96 0.09597095943435675 31.56101799011231
97 0.09697065692846464 31.77809906005859
98 0.09797035442257253 31.9946403503418
99 0.09897005191668042 32.21330261230469
100 0.0999697494107883 32.43255233764648
101 0.1009694469048962 32.65267181396484
102 0.1019691443990041 32.87447357177734
103 0.102968841893112 33.09636306762695
104 0.1039685393872199 33.32052993774414
105 0.1049682368813277 33.54433059692383
106 0.1059679343754356 33.77074813842773
107 0.1069676318695435 33.99678421020508
108 0.1079673293636514 34.22488403320313
109 0.1089670268577593 34.45336532592773
110 0.1099667243518672 34.68290328979492
111 0.1109664218459751 34.91407775878906
112 0.111966119340083 35.14541625976563
113 0.1129658168341908 35.37899398803711
114 0.1139655143282987 35.61212921142578
115 0.1149652118224066 35.84787368774414
116 0.1159649093165145 36.08330154418945
117 0.1169646068106224 36.32073211669922
118 0.1179643043047303 36.5586051940918
119 0.1189640017988382 36.79779052734375
120 0.1199636992929461 37.03814315795898
121 0.1209633967870539 37.27886962890625
122 0.1219630942811618 37.5217399597168
123 0.1229627917752697 37.76447296142578
124 0.1239624892693776 38.00935745239258
125 0.1249621867634855 38.25408172607422
126 0.1259618842575934 38.50126647949219
127 0.1269615817517013 38.74807357788086
128 0.1279612792458091 38.99679565429688
129 0.128960976739917 39.24644470214844
130 0.1299606742340249 39.4967041015625
131 0.1309603717281328 39.74889373779297
132 0.1319600692222407 40.00091552734375
133 0.1329597667163486 40.25532150268555
134 0.1339594642104565 40.50936889648438
135 0.1349591617045644 40.7659912109375
136 0.1359588591986722 41.02215957641602
137 0.1369585566927801 41.2802619934082
138 0.137958254186888 41.53908538818359
139 0.1389579516809959 41.79881286621094
140 0.1399576491751038 42.06021118164063
141 0.1409573466692117 42.32160568237305
142 0.1419570441633196 42.5853385925293
143 0.1429567416574274 42.84870529174805
144 0.1439564391515353 43.11453247070313
145 0.1449561366456432 43.38014984130859
146 0.1459558341397511 43.64768600463867
147 0.146955531633859 43.915771484375
148 0.1479552291279669 44.18508911132813
149 0.1489549266220748 44.45553970336914
150 0.1499546241161827 44.72658157348633
151 0.1509543216102905 44.99942779541016
152 0.1519540191043984 45.27228164672852
153 0.1529537165985063 45.54740524291992
154 0.1539534140926142 45.82236480712891
155 0.1549531115867221 46.09928131103516
156 0.15595280908083 46.37654113769531
157 0.1569525065749379 46.65530014038086
158 0.1579522040690458 46.93506240844727
159 0.1589519015631536 47.21547698974609
160 0.1599515990572615 47.4976692199707
161 0.1609512965513694 47.77985382080078
162 0.1619509940454773 48.06427764892578
163 0.1629506915395852 48.34856414794922
164 0.1639503890336931 48.63490295410156
165 0.164950086527801 48.9215202331543
166 0.1659497840219089 49.20970153808594
167 0.1669494815160167 49.49871444702148
168 0.1679491790101246 49.78853225708008
169 0.1689488765042325 50.07989883422852
170 0.1699485739983404 50.37163543701172
171 0.1709482714924483 50.66522598266602
172 0.1719479689865562 50.95903015136719
173 0.1729476664806641 51.25518798828125
174 0.173947363974772 51.55096435546875
175 0.1749470614688798 51.8490104675293
176 0.1759467589629877 52.1473503112793
177 0.1769464564570956 52.4469108581543
178 0.1779461539512035 52.74807357788086
179 0.1789458514453114 53.04938125610352
180 0.1799455489394193 53.35227966308594
181 0.1809452464335272 53.65567398071289
182 0.1819449439276351 53.96062088012695
183 0.1829446414217429 54.26610946655273
184 0.1839443389158508 54.57285308837891
185 0.1849440364099587 54.88077926635742
186 0.1859437339040666 55.18971633911133
187 0.1869434313981745 55.49942779541016
188 0.1879431288922824 55.8104248046875
189 0.1889428263863903 56.12258529663086
190 0.1899425238804982 56.43521499633789
191 0.190942221374606 56.74942779541016
192 0.1919419188687139 57.06415557861328
193 0.1929416163628218 57.3802604675293
194 0.1939413138569297 57.69748687744141
195 0.1949410113510376 58.01575469970703
196 0.1959407088451455 58.33644104003906
197 0.1969404063392534 58.65658187866211
198 0.1979401038333613 58.97896194458008
199 0.1989398013274691 59.3011474609375
200 0.199939498821577 59.62479400634766
201 0.2009391963156849 59.94867324829102
202 0.2019388938097928 60.27407073974609
203 0.2029385913039007 60.60005187988281
204 0.2039382887980086 60.927490234375
205 0.2049379862921165 61.25682830810547
206 0.2059376837862244 61.58601760864258
207 0.2069373812803322 61.91701507568359
208 0.2079370787744401 62.24858856201172
209 0.208936776268548 62.58195877075195
210 0.2099364737626559 62.91557312011719
211 0.2109361712567638 63.25057983398438
212 0.2119358687508717 63.58645248413086
213 0.2129355662449796 63.92394638061523
214 0.2139352637390874 64.26305389404297
215 0.2149349612331953 64.60227203369141
216 0.2159346587273032 64.94319152832031
217 0.2169343562214111 65.28507995605469
218 0.217934053715519 65.62779235839844
219 0.2189337512096269 65.97074127197266
220 0.2199334487037348 66.31565856933594
221 0.2209331461978427 66.66094207763672
222 0.2219328436919505 67.00769805908203
223 0.2229325411860584 67.35515594482422
224 0.2239322386801663 67.70361328125
225 0.2249319361742742 68.05307769775391
226 0.2259316336683821 68.40331268310547
227 0.22693133116249 68.75437164306641
228 0.2279310286565979 69.10665130615234
229 0.2289307261507058 69.46023559570313
230 0.2299304236448136 69.81466674804688
231 0.2309301211389215 70.16998291015625
232 0.2319298186330294 70.52674102783203
233 0.2329295161271373 70.88420867919922
234 0.2339292136212452 71.24295806884766
235 0.2349289111153531 71.60330963134766
236 0.235928608609461 71.96479797363281
237 0.2369283061035689 72.32774353027344
238 0.2379280035976767 72.69141387939453
239 0.2389277010917846 73.05606842041016
240 0.2399273985858925 73.42223358154297
241 0.2409270960800004 73.78843688964844
242 0.2419267935741083 74.15719604492188
243 0.2429264910682162 74.52500915527344
244 0.2439261885623241 74.89413452148438
245 0.244925886056432 75.2662353515625
246 0.2459255835505398 75.63672637939453
247 0.2469252810446477 76.009033203125
248 0.2479249785387556 76.38344573974609
249 0.2489246760328635 76.7576904296875
250 0.2499243735269714 77.13304901123047
251 0.2509240710210793 77.50924682617188
252 0.2519237685151872 77.88621520996094
253 0.2529234660092951 78.26567840576172
254 0.2539231635034029 78.64656066894531
255 0.2549228609975108 79.02650451660156
256 0.2559225584916187 79.4075927734375
257 0.2569222559857266 79.78983306884766
258 0.2579219534798345 80.17323303222656
259 0.2589216509739424 80.55770874023438
260 0.2599213484680503 80.90554809570313
261 0.2609210459621582 81.27009582519531
262 0.261920743456266 81.75516510009766
263 0.2629204409503739 82.09286499023438
264 0.2639201384444818 82.49658203125
265 0.2649198359385897 82.88805389404297
266 0.2659195334326976 83.27976989746094
267 0.2669192309268055 83.67259216308594
268 0.2679189284209134 84.06682586669922
269 0.2689186259150213 84.46159362792969
270 0.2699183234091291 84.85745239257813
271 0.270918020903237 85.25420379638672
272 0.2719177183973449 85.65214538574219
273 0.2729174158914528 86.05074310302734
274 0.2739171133855607 86.45085144042969
275 0.2749168108796686 86.85157012939453
276 0.2759165083737765 87.25398254394531
277 0.2769162058678844 87.6568603515625
278 0.2779159033619922 88.06083679199219
279 0.2789156008561001 88.46591186523438
280 0.279915298350208 88.87208557128906
281 0.2809149958443159 89.27878570556641
282 0.2819146933384238 89.68739318847656
283 0.2829143908325317 90.09661865234375
284 0.2839140883266396 90.50677490234375
285 0.2849137858207474 90.91758728027344
286 0.2859134833148553 91.33011627197266
287 0.2869131808089632 91.74313354492188
288 0.2879128783030711 92.15766906738281
289 0.288912575797179 92.57314300537109
290 0.2899122732912869 92.98942565917969
291 0.2909119707853948 93.40672302246094
292 0.2919116682795027 93.82533264160156
293 0.2929113657736105 94.24502563476563
294 0.2939110632677184 94.66585540771484
295 0.2949107607618263 95.08789825439453
296 0.2959104582559342 95.51085662841797
297 0.2969101557500421 95.93490600585938
298 0.29790985324415 96.35986328125
299 0.2989095507382579 96.78610992431641
300 0.2999092482323658 97.21328735351563
301 0.3009089457264736 97.64154815673828
302 0.3019086432205815 98.07065582275391
303 0.3029083407146894 98.50089263916016
304 0.3039080382087973 98.93199157714844
305 0.3049077357029052 99.36451721191406
306 0.3059074331970131 99.79767608642578
307 0.306907130691121 100.2320404052734
308 0.3079068281852289 100.6673431396484
309 0.3089065256793367 101.1037063598633
310 0.3099062231734446 101.5408554077148
311 0.3109059206675525 101.9795913696289
312 0.3119056181616604 102.4188766479492
313 0.3129053156557683 102.8593978881836
314 0.3139050131498762 103.3009643554688
315 0.3149047106439841 103.7433929443359
316 0.315904408138092 104.1869277954102
317 0.3169041056321998 104.6316223144531
318 0.3179038031263077 105.0774765014648
319 0.3189035006204156 105.4461059570313
320 0.3199031981145235 106.0302886962891
321 0.3209028956086314 106.4172286987305
322 0.3219025931027393 106.8806381225586
323 0.3229022905968472 107.3318710327148
324 0.3239019880909551 107.7836685180664
325 0.3249016855850629 108.2363967895508
326 0.3259013830791708 108.6907577514648
327 0.3269010805732787 109.1458435058594
328 0.3279007780673866 109.6021499633789
329 0.3289004755614945 110.0593719482422
330 0.3299001730556024 110.5178298950195
331 0.3308998705497103 110.9766998291016
332 0.3318995680438182 111.4372863769531
333 0.332899265537926 111.8988647460938
334 0.3338989630320339 112.361213684082
335 0.3348986605261418 112.8215255737305
336 0.3358983580202497 113.2917327880859
337 0.3368980555143576 113.7538757324219
338 0.3378977530084655 114.2222366333008
339 0.3388974505025734 114.6896514892578
340 0.3398971479966813 115.1401443481445
341 0.3408968454907891 115.6394271850586
342 0.341896542984897 116.0920257568359
343 0.3428962404790049 116.5709838867188
344 0.3438959379731128 117.0435409545898
345 0.3448956354672207 117.5177764892578
346 0.3458953329613286 117.9926147460938
347 0.3468950304554365 118.4687271118164
348 0.3478947279495444 118.9458923339844
349 0.3488944254436522 119.4237594604492
350 0.3498941229377601 119.9029159545898
351 0.350893820431868 120.3829650878906
352 0.3518935179259759 120.8641052246094
353 0.3528932154200838 121.3463439941406
354 0.3538929129141917 121.8296432495117
355 0.3548926104082996 122.313850402832
356 0.3558923079024075 122.7991409301758
357 0.3568920053965153 123.2854232788086
358 0.3578917028906232 123.77294921875
359 0.3588914003847311 124.2613220214844
360 0.359891097878839 124.7508087158203
361 0.3608907953729469 125.2412490844727
362 0.3618904928670548 125.7329406738281
363 0.3628901903611627 126.2254638671875
364 0.3638898878552705 126.7190628051758
365 0.3648895853493784 127.2137451171875
366 0.3658892828434863 127.7091064453125
367 0.3668889803375942 128.2058410644531
368 0.3678886778317021 128.7035369873047
369 0.36888837532581 129.2023468017578
370 0.3698880728199179 129.7021179199219
371 0.3708877703140258 130.2029724121094
372 0.3718874678081336 130.7048645019531
373 0.3728871653022415 131.2077789306641
374 0.3738868627963494 131.7117919921875
375 0.3748865602904573 132.2165832519531
376 0.3758862577845652 132.7226867675781
377 0.3768859552786731 133.2298126220703
378 0.377885652772781 133.7380523681641
379 0.3788853502668889 134.2471771240234
380 0.3798850477609967 134.7574005126953
381 0.3808847452551046 135.2686309814453
382 0.3818844427492125 135.7807769775391
383 0.3828841402433204 136.2944946289063
384 0.3838838377374283 136.8087768554688
385 0.3848835352315362 137.3242797851563
386 0.3858832327256441 137.8406677246094
387 0.386882930219752 138.3582916259766
388 0.3878826277138598 138.8768310546875
389 0.3888823252079677 139.3964233398438
390 0.3898820227020756 139.9171600341797
391 0.3908817201961835 140.4386291503906
392 0.3918814176902914 140.9617919921875
393 0.3928811151843993 141.4853668212891
394 0.3938808126785072 142.0102233886719
395 0.3948805101726151 142.5359649658203
396 0.3958802076667229 143.0629272460938
397 0.3968799051608308 143.5907897949219
398 0.3978796026549387 144.1195983886719
399 0.3988793001490466 144.6495056152344
400 0.3998789976431545 145.1805572509766
401 0.4008786951372624 145.7126007080078
402 0.4018783926313703 146.2455291748047
403 0.4028780901254782 146.7797698974609
404 0.403877787619586 147.3148498535156
405 0.4048774851136939 147.8510131835938
406 0.4058771826078018 148.3881683349609
407 0.4068768801019097 148.9263916015625
408 0.4078765775960176 149.4655456542969
409 0.4088762750901255 150.0058746337891
410 0.4098759725842334 150.5470581054688
411 0.4108756700783413 151.0892639160156
412 0.4118753675724491 151.6324157714844
413 0.412875065066557 152.1771545410156
414 0.4138747625606649 152.722412109375
415 0.4148744600547728 153.2687835693359
416 0.4158741575488807 153.8163146972656
417 0.4168738550429886 154.3648681640625
418 0.4178735525370965 154.9142608642578
419 0.4188732500312044 155.4648895263672
420 0.4198729475253122 156.0165100097656
421 0.4208726450194201 156.5691223144531
422 0.421872342513528 157.1227111816406
423 0.4228720400076359 157.6773986816406
424 0.4238717375017438 158.2330780029297
425 0.4248714349958517 158.7898254394531
426 0.4258711324899596 159.3475799560547
427 0.4268708299840675 159.9063415527344
428 0.4278705274781753 160.4661102294922
429 0.4288702249722832 161.0269622802734
430 0.4298699224663911 161.5888214111328
431 0.430869619960499 162.1516723632813
432 0.4318693174546069 162.715576171875
433 0.4328690149487148 163.2805023193359
434 0.4338687124428227 163.84619140625
435 0.4348684099369305 164.4133758544922
436 0.4358681074310384 164.9814605712891
437 0.4368678049251463 165.5505065917969
438 0.4378675024192542 166.1205139160156
439 0.4388671999133621 166.6916351318359
440 0.43986689740747 167.2635650634766
441 0.4408665949015779 167.8369598388672
442 0.4418662923956858 168.4108123779297
443 0.4428659898897936 168.9862670898438
444 0.4438656873839015 169.5623474121094
445 0.4448653848780094 170.1396026611328
446 0.4458650823721173 170.7178344726563
447 0.4468647798662252 171.297119140625
448 0.4478644773603331 171.8774108886719
449 0.448864174854441 172.458740234375
450 0.4498638723485489 173.0410614013672
451 0.4508635698426567 173.6243743896484
452 0.4518632673367646 174.2089385986328
453 0.4528629648308725 174.7943115234375
454 0.4538626623249804 175.3805999755859
455 0.4548623598190883 175.9682464599609
456 0.4558620573131962 176.5564727783203
457 0.4568617548073041 177.1462860107422
458 0.457861452301412 177.7358245849609
459 0.4588611497955198 178.3280792236328
460 0.4598608472896277 178.9206695556641
461 0.4608605447837356 179.5680084228516
462 0.4618602422778435 180.0831451416016
463 0.4628599397719514 180.7113952636719
464 0.4638596372660593 181.3020782470703
465 0.4648593347601672 181.8978729248047
466 0.4658590322542751 182.4972076416016
467 0.4668587297483829 183.0973510742188
468 0.4678584272424908 183.6982727050781
469 0.4688581247365987 184.3002471923828
470 0.4698578222307066 184.9030456542969
471 0.4708575197248145 185.5068664550781
472 0.4718572172189224 186.1117553710938
473 0.4728569147130303 186.7175598144531
474 0.4738566122071382 187.3245239257813
475 0.474856309701246 187.9324951171875
476 0.4758560071953539 188.54150390625
477 0.4768557046894618 189.1515350341797
478 0.4778554021835697 189.7625885009766
479 0.4788550996776776 190.3745880126953
480 0.4798547971717855 190.9876251220703
481 0.4808544946658934 191.6017456054688
482 0.4818541921600013 192.2168579101563
483 0.4828538896541091 192.8331756591797
484 0.483853587148217 193.4502563476563
485 0.4848532846423249 194.0685577392578
486 0.4858529821364328 194.6878204345703
487 0.4868526796305407 195.3080444335938
488 0.4878523771246486 195.929443359375
489 0.4888520746187565 196.5517883300781
490 0.4898517721128644 197.1750946044922
491 0.4908514696069722 197.7995147705078
492 0.4918511671010801 198.4247283935547
493 0.492850864595188 199.05126953125
494 0.4938505620892959 199.6788177490234
495 0.4948502595834038 200.3070526123047
496 0.4958499570775117 200.9369506835938
497 0.4968496545716196 201.5673675537109
498 0.4978493520657275 202.1989898681641
499 0.4988490495598353 202.8313293457031
500 0.4998487470539432 203.4654541015625
501 0.5008484445480511 204.0999298095703
502 0.501848142042159 204.7356872558594
503 0.5028478395362669 205.3724365234375
504 0.5038475370303748 206.0099334716797
505 0.5048472345244827 206.6494140625
506 0.5058469320185905 207.2886505126953
507 0.5068466295126984 207.9297790527344
508 0.5078463270068063 208.5731658935547
509 0.5088460245009142 209.2162628173828
510 0.5098457219950221 209.8591918945313
511 0.51084541948913 210.5042419433594
512 0.5118451169832379 211.1503753662109
513 0.5128448144773458 211.7971801757813
514 0.5138445119714536 212.4452514648438
515 0.5148442094655615 213.0947570800781
516 0.5158439069596694 213.7445983886719
517 0.5168436044537773 214.3970336914063
518 0.5178433019478852 215.0480499267578
519 0.5188429994419931 215.7024688720703
520 0.519842696936101 216.3563232421875
521 0.5208423944302089 217.0111541748047
522 0.5218420919243167 217.6676483154297
523 0.5228417894184246 218.3252563476563
524 0.5238414869125325 218.9836120605469
525 0.5248411844066404 219.6426544189453
526 0.5258408819007483 220.3027801513672
527 0.5268405793948562 220.9648132324219
528 0.5278402768889641 221.627685546875
529 0.528839974383072 222.2920837402344
530 0.5298396718771798 222.9570465087891
531 0.5308393693712877 223.6215667724609
532 0.5318390668653956 224.2880401611328
533 0.5328387643595035 224.9556427001953
534 0.5338384618536114 225.6243286132813
535 0.5348381593477193 226.2942657470703
536 0.5358378568418272 226.9651794433594
537 0.5368375543359351 227.6341857910156
538 0.5378372518300429 228.3110961914063
539 0.5388369493241508 228.9828033447266
540 0.5398366468182587 229.6577301025391
541 0.5408363443123666 230.3336181640625
542 0.5418360418064745 231.0106353759766
543 0.5428357393005824 231.6890411376953
544 0.5438354367946903 232.3684387207031
545 0.5448351342887982 233.0482635498047
546 0.545834831782906 233.7293090820313
547 0.5468345292770139 234.4104156494141
548 0.5478342267711218 235.0934143066406
549 0.5488339242652297 235.7777252197266
550 0.5498336217593376 236.4632415771484
551 0.5508333192534455 237.1490783691406
552 0.5518330167475534 237.8365173339844
553 0.5528327142416613 238.5243530273438
554 0.5538324117357691 239.2142333984375
555 0.554832109229877 239.9048614501953
556 0.5558318067239849 240.5962219238281
557 0.5568315042180928 241.2885894775391
558 0.5578312017122007 241.9821014404297
559 0.5588308992063086 242.6764526367188
560 0.5598305967004165 243.3719940185547
561 0.5608302941945244 244.0684967041016
562 0.5618299916886322 244.7658233642578
563 0.5628296891827401 245.4640960693359
564 0.563829386676848 246.1641845703125
565 0.5648290841709559 246.8649444580078
566 0.5658287816650638 247.5663452148438
567 0.5668284791591717 248.2024688720703
568 0.5678281766532796 249.0021514892578
569 0.5688278741473875 249.6497802734375
570 0.5698275716414953 250.3813018798828
571 0.5708272691356032 251.0882110595703
572 0.5718269666297111 251.7959594726563
573 0.572826664123819 252.5051116943359
574 0.5738263616179269 253.2147674560547
575 0.5748260591120348 253.9256439208984
576 0.5758257566061427 254.6375579833984
577 0.5768254541002506 255.3508148193359
578 0.5778251515943584 256.0651550292969
579 0.5788248490884663 256.7801208496094
580 0.5798245465825742 257.4963989257813
581 0.5808242440766821 258.2133483886719
582 0.58182394157079 258.931396484375
583 0.5828236390648979 259.6504516601563
584 0.5838233365590058 260.3711547851563
585 0.5848230340531136 261.0925598144531
586 0.5858227315472215 261.8147277832031
587 0.5868224290413294 262.5381164550781
588 0.5878221265354373 263.2629089355469
589 0.5888218240295452 263.9879760742188
590 0.5898215215236531 264.7145385742188
591 0.590821219017761 265.4420776367188
592 0.5918209165118689 266.1707153320313
593 0.5928206140059767 266.9002685546875
594 0.5938203115000846 267.6309204101563
595 0.5948200089941925 268.3626708984375
596 0.5958197064883004 269.0953674316406
597 0.5968194039824083 269.8290100097656
598 0.5978191014765162 270.5638122558594
599 0.5988187989706241 271.2999877929688
600 0.599818496464732 272.0364379882813
601 0.6008181939588398 272.7742309570313
602 0.6018178914529477 273.5132141113281
603 0.6028175889470556 274.2531127929688
604 0.6038172864411635 274.9940795898438
605 0.6048169839352714 275.7360534667969
606 0.6058166814293793 276.4801330566406
607 0.6068163789234872 277.2242431640625
608 0.6078160764175951 277.96875
609 0.6088157739117029 278.71484375
610 0.6098154714058108 279.4618835449219
611 0.6108151688999187 280.2100524902344
612 0.6118148663940266 280.95947265625
613 0.6128145638881345 281.7095642089844
614 0.6138142613822424 282.4608459472656
615 0.6148139588763503 283.2134704589844
616 0.6158136563704582 283.9664306640625
617 0.616813353864566 284.7209167480469
618 0.6178130513586739 285.4763793945313
619 0.6188127488527818 286.2328796386719
620 0.6198124463468897 286.990234375
621 0.6208121438409976 287.748779296875
622 0.6218118413351055 288.5084228515625
623 0.6228115388292134 289.2689819335938
624 0.6238112363233213 290.030517578125
625 0.6248109338174291 290.7933959960938
626 0.625810631311537 291.5570373535156
627 0.6268103288056449 292.3217468261719
628 0.6278100262997528 293.0875244140625
629 0.6288097237938607 293.8540649414063
630 0.6298094212879686 294.6233520507813
631 0.6308091187820765 295.3925476074219
632 0.6318088162761844 296.1616516113281
633 0.6328085137702922 296.9227905273438
634 0.6338082112644001 297.7103271484375
635 0.634807908758508 298.4750061035156
636 0.6358076062526159 299.2527160644531
637 0.6368073037467238 300.0281982421875
638 0.6378070012408317 300.8038024902344
639 0.6388066987349396 301.5907592773438
640 0.6398063962290475 302.3530578613281
641 0.6408060937231553 303.1402893066406
642 0.6418057912172632 303.9164733886719
643 0.6428054887113711 304.6972961425781
644 0.643805186205479 305.4799194335938
645 0.6448048836995869 306.2632446289063
646 0.6458045811936948 307.0476379394531
647 0.6468042786878027 307.8330688476563
648 0.6478039761819106 308.619384765625
649 0.6488036736760184 309.4067687988281
650 0.6498033711701263 310.1951904296875
651 0.6508030686642342 310.9754028320313
652 0.6518027661583421 311.7817993164063
653 0.65280246365245 312.5745544433594
654 0.6538021611465579 313.35546875
655 0.6548018586406658 314.1572570800781
656 0.6558015561347736 314.9477844238281
657 0.6568012536288815 315.7430725097656
658 0.6578009511229894 316.5071716308594
659 0.6588006486170973 317.3427124023438
660 0.6598003461112052 318.1324462890625
661 0.6608000436053131 318.9276733398438
662 0.661799741099421 319.7052307128906
663 0.6627994385935289 320.5549011230469
664 0.6637991360876367 321.3118286132813
665 0.6647988335817446 322.1627807617188
666 0.6657985310758525 322.9417419433594
667 0.6667982285699604 323.7609558105469
668 0.6677979260640683 324.5641784667969
669 0.6687976235581762 325.3618774414063
670 0.6697973210522841 326.197265625
671 0.670797018546392 326.9731750488281
672 0.6717967160404998 327.8226623535156
673 0.6727964135346077 328.5969848632813
674 0.6737961110287156 329.4477844238281
675 0.6747958085228235 330.2340087890625
676 0.6757955060169314 331.06103515625
677 0.6767952035110393 331.8642272949219
678 0.6777949010051472 332.6966857910156
679 0.6787945984992551 333.5166320800781
680 0.6797942959933629 334.3243713378906
681 0.6807939934874708 335.1537780761719
682 0.6817936909815787 335.9609375
683 0.6827933884756866 336.8085632324219
684 0.6837930859697945 337.5237731933594
685 0.6847927834639024 338.4858703613281
686 0.6857924809580103 339.234130859375
687 0.6867921784521182 339.9634399414063
688 0.687791875946226 340.9705810546875
689 0.6887915734403339 341.7046508789063
690 0.6897912709344418 342.5850830078125
691 0.6907909684285497 343.4024658203125
692 0.6917906659226576 344.2320251464844
693 0.6927903634167655 345.0851440429688
694 0.6937900609108734 345.8935546875
695 0.6947897584049813 346.7415161132813
696 0.6957894558990891 347.5638122558594
697 0.696789153393197 348.4263916015625
698 0.6977888508873049 349.2300109863281
699 0.6987885483814128 350.1081848144531
700 0.6997882458755207 350.9097900390625
701 0.7007879433696286 351.7886352539063
702 0.7017876408637365 352.5931396484375
703 0.7027873383578444 353.4739990234375
704 0.7037870358519522 354.2896728515625
705 0.7047867333460601 355.1470031738281
706 0.705786430840168 355.9798278808594
707 0.7067861283342759 356.8522033691406
708 0.7077858258283838 357.6662292480469
709 0.7087855233224917 358.5545043945313
710 0.7097852208165996 359.3667907714844
711 0.7107849183107075 360.2460632324219
712 0.7117846158048153 361.09619140625
713 0.7127843132989232 361.9369506835938
714 0.7137840107930311 362.8007507324219
715 0.714783708287139 363.6417846679688
716 0.7157834057812469 364.5140380859375
717 0.7167831032753548 365.36328125
718 0.7177828007694627 366.2361450195313
719 0.7187824982635706 367.0798950195313
720 0.7197821957576784 367.9389953613281
721 0.7207818932517863 368.8125610351563
722 0.7217815907458942 369.6759948730469
723 0.7227812882400021 370.5183715820313
724 0.72378098573411 371.4187622070313
725 0.7247806832282179 372.2550048828125
726 0.7257803807223258 373.1339111328125
727 0.7267800782164336 373.9981079101563
728 0.7277797757105415 374.8664245605469
729 0.7287794732046494 375.7367553710938
730 0.7297791706987573 376.5978698730469
731 0.7307788681928652 377.4858703613281
732 0.7317785656869731 378.3601989746094
733 0.732778263181081 379.2223205566406
734 0.7337779606751889 380.0974731445313
735 0.7347776581692967 380.9886169433594
736 0.7357773556634046 381.8585205078125
737 0.7367770531575125 382.7239685058594
738 0.7377767506516204 383.6078491210938
739 0.7387764481457283 384.5101013183594
740 0.7397761456398362 385.3549194335938
741 0.7407758431339441 386.1430053710938
742 0.741775540628052 387.1833190917969
743 0.7427752381221598 387.9971618652344
744 0.7437749356162677 388.9139099121094
745 0.7447746331103756 389.7945861816406
746 0.7457743306044835 390.6960754394531
747 0.7467740280985914 391.5571594238281
748 0.7477737255926993 392.4809265136719
749 0.7487734230868072 393.3418273925781
750 0.7497731205809151 394.2365417480469
751 0.7507728180750229 395.1514892578125
752 0.7517725155691308 396.0190734863281
753 0.7527722130632387 396.9174194335938
754 0.7537719105573466 397.8357238769531
755 0.7547716080514545 398.6112060546875
756 0.7557713055455624 399.6379699707031
757 0.7567710030396703 400.4765625
758 0.7577707005337782 401.40185546875
759 0.758770398027886 402.3192138671875
760 0.7597700955219939 403.2042846679688
761 0.7607697930161018 404.10546875
762 0.7617694905102097 405.0301818847656
763 0.7627691880043176 405.8963317871094
764 0.7637688854984255 406.7421875
765 0.7647685829925334 407.760498046875
766 0.7657682804866413 408.5940551757813
767 0.7667679779807491 409.5421447753906
768 0.767767675474857 410.4533386230469
769 0.7687673729689649 411.3739013671875
770 0.7697670704630728 412.2688598632813
771 0.7707667679571807 413.1905517578125
772 0.7717664654512886 414.0895690917969
773 0.7727661629453965 415.0317077636719
774 0.7737658604395044 415.91357421875
775 0.7747655579336122 416.8616638183594
776 0.7757652554277201 417.7665710449219
777 0.776764952921828 418.6991271972656
778 0.7777646504159359 419.5945739746094
779 0.7787643479100438 420.5416259765625
780 0.7797640454041517 421.4500732421875
781 0.7807637428982596 422.376708984375
782 0.7817634403923675 423.3025512695313
783 0.7827631378864753 424.2384643554688
784 0.7837628353805832 425.070068359375
785 0.7847625328746911 426.1204223632813
786 0.785762230368799 426.9833984375
787 0.7867619278629069 427.9249572753906
788 0.7877616253570148 428.8920593261719
789 0.7887613228511227 429.7830505371094
790 0.7897610203452306 430.7575378417969
791 0.7907607178393384 431.6553344726563
792 0.7917604153334463 432.5999755859375
793 0.7927601128275542 433.5252990722656
794 0.7937598103216621 434.4884643554688
795 0.79475950781577 435.390869140625
796 0.7957592053098779 436.3605651855469
797 0.7967589028039858 437.2874450683594
798 0.7977586002980937 438.2424621582031
799 0.7987582977922015 439.1581420898438
800 0.7997579952863094 440.1265563964844
801 0.8007576927804173 441.067626953125
802 0.8017573902745252 441.990478515625
803 0.8027570877686331 442.9632568359375
804 0.803756785262741 443.895751953125
805 0.8047564827568489 444.8482971191406
806 0.8057561802509567 445.7988586425781
807 0.8067558777450646 446.7487182617188
808 0.8077555752391725 447.6997985839844
809 0.8087552727332804 448.6522216796875
810 0.8097549702273883 449.6059875488281
811 0.8107546677214962 450.5708312988281
812 0.8117543652156041 451.4989013671875
813 0.812754062709712 452.4813232421875
814 0.8137537602038198 453.3494262695313
815 0.8147534576979277 454.357666015625
816 0.8157531551920356 455.35205078125
817 0.8167528526861435 456.4556274414063
818 0.8177525501802514 457.1188659667969
819 0.8187522476743593 458.2516174316406
820 0.8197519451684672 459.1265258789063
821 0.8207516426625751 460.1266479492188
822 0.8217513401566829 461.0556945800781
823 0.8227510376507908 462.0546875
824 0.8237507351448987 463.0094909667969
825 0.8247504326390066 463.9921569824219
826 0.8257501301331145 464.751953125
827 0.8267498276272224 466.0919189453125
828 0.8277495251213303 466.8731994628906
829 0.8287492226154382 467.8868408203125
830 0.829748920109546 468.9001159667969
831 0.8307486176036539 469.8527526855469
832 0.8317483150977618 470.81591796875
833 0.8327480125918697 471.8213500976563
834 0.8337477100859776 472.7857360839844
835 0.8347474075800855 473.770263671875
836 0.8357471050741934 474.7523803710938
837 0.8367468025683013 475.6944580078125
838 0.8377465000624091 476.7494506835938
839 0.838746197556517 477.6539916992188
840 0.8397458950506249 478.6948852539063
841 0.8407455925447328 479.6646728515625
842 0.8417452900388407 480.8453674316406
843 0.8427449875329486 481.5069885253906
844 0.8437446850270565 482.5033569335938
845 0.8447443825211644 483.5725402832031
846 0.8457440800152722 484.4880981445313
847 0.8467437775093801 485.5119018554688
848 0.847743475003488 486.5159606933594
849 0.8487431724975959 487.5083923339844
850 0.8497428699917038 488.4684448242188
851 0.8507425674858117 489.6181335449219
852 0.8517422649799196 490.4587097167969
853 0.8527419624740275 491.5554809570313
854 0.8537416599681353 492.210693359375
855 0.8547413574622432 493.81005859375
856 0.8557410549563511 494.4371643066406
857 0.856740752450459 495.4683227539063
858 0.8577404499445669 496.7144470214844
859 0.8587401474386748 497.3985290527344
860 0.8597398449327827 498.6175537109375
861 0.8607395424268906 499.6760864257813
862 0.8617392399209984 500.43212890625
863 0.8627389374151063 501.8499145507813
864 0.8637386349092142 502.302001953125
865 0.8647383324033221 503.6089172363281
866 0.86573802989743 504.4224243164063
867 0.8667377273915379 505.6032104492188
868 0.8677374248856458 506.5269470214844
869 0.8687371223797537 507.5791015625
870 0.8697368198738615 508.6085205078125
871 0.8707365173679694 509.6136779785156
872 0.8717362148620773 510.5987854003906
873 0.8727359123561852 511.6588134765625
874 0.8737356098502931 512.471435546875
875 0.874735307344401 513.78173828125
876 0.8757350048385089 514.5684814453125
877 0.8767347023326167 515.8413696289063
878 0.8777343998267246 516.7522583007813
879 0.8787340973208325 518.0379638671875
880 0.8797337948149404 518.830078125
881 0.8807334923090483 519.9619750976563
882 0.8817331898031562 520.7597045898438
883 0.8827328872972641 521.968994140625
884 0.883732584791372 522.838134765625
885 0.8847322822854798 523.9275512695313
886 0.8857319797795877 524.9529418945313
887 0.8867316772736956 526.0404052734375
888 0.8877313747678035 527.0364379882813
889 0.8887310722619114 528.1286010742188
890 0.8897307697560193 528.945068359375
891 0.8907304672501272 530.3065185546875
892 0.8917301647442351 531.194091796875
893 0.8927298622383429 532.4868774414063
894 0.8937295597324508 533.1898803710938
895 0.8947292572265587 534.3361206054688
896 0.8957289547206666 535.344970703125
897 0.8967286522147745 536.3621826171875
898 0.8977283497088824 537.4615478515625
899 0.8987280472029903 538.4588623046875
900 0.8997277446970982 539.35693359375
901 0.900727442191206 540.583251953125
902 0.9017271396853139 541.4511108398438
903 0.9027268371794218 542.6963500976563
904 0.9037265346735297 543.8322143554688
905 0.9047262321676376 544.5897216796875
906 0.9057259296617455 545.8706665039063
907 0.9067256271558534 546.6464233398438
908 0.9077253246499613 548.027587890625
909 0.9087250221440691 548.7369384765625
910 0.909724719638177 549.8702392578125
911 0.9107244171322849 550.7188720703125
912 0.9117241146263928 552.2474975585938
913 0.9127238121205007 553.3084716796875
914 0.9137235096146086 554.13134765625
915 0.9147232071087165 555.3893432617188
916 0.9157229046028244 556.3170776367188
917 0.9167226020969322 557.42919921875
918 0.9177222995910401 558.4547729492188
919 0.918721997085148 559.5951538085938
920 0.9197216945792559 560.6283569335938
921 0.9207213920733638 561.5235595703125
922 0.9217210895674717 562.713134765625
923 0.9227207870615796 563.3709716796875
924 0.9237204845556875 565.2838134765625
925 0.9247201820497953 565.7803955078125
926 0.9257198795439032 567.0661010742188
927 0.9267195770380111 568.101318359375
928 0.927719274532119 569.1640014648438
929 0.9287189720262269 570.112548828125
930 0.9297186695203348 571.2887573242188
931 0.9307183670144427 572.1895141601563
932 0.9317180645085506 573.951416015625
933 0.9327177620026584 574.5919799804688
934 0.9337174594967663 575.6370849609375
935 0.9347171569908742 576.7017211914063
936 0.9357168544849821 577.5645751953125
937 0.93671655197909 578.976318359375
938 0.9377162494731979 579.945068359375
939 0.9387159469673058 581.0545043945313
940 0.9397156444614137 582.243408203125
941 0.9407153419555215 583.2110595703125
942 0.9417150394496294 584.2249755859375
943 0.9427147369437373 585.4561767578125
944 0.9437144344378452 586.3323364257813
945 0.9447141319319531 587.4647827148438
946 0.945713829426061 588.48046875
947 0.9467135269201689 589.7385864257813
948 0.9477132244142767 590.6290283203125
949 0.9487129219083846 591.9953002929688
950 0.9497126194024925 593.1109619140625
951 0.9507123168966004 594.0938110351563
952 0.9517120143907083 595.4180297851563
953 0.9527117118848162 596.3696899414063
954 0.9537114093789241 597.5894165039063
955 0.954711106873032 598.6682739257813
956 0.9557108043671398 599.7049560546875
957 0.9567105018612477 600.927978515625
958 0.9577101993553556 601.8360595703125
959 0.9587098968494635 603.0828857421875
960 0.9597095943435714 604.1991577148438
961 0.9607092918376793 605.1452026367188
962 0.9617089893317872 606.4281616210938
963 0.9627086868258951 607.5040893554688
964 0.9637083843200029 608.6055908203125
965 0.9647080818141108 609.6281127929688
966 0.9657077793082187 610.7413330078125
967 0.9667074768023266 612.0389404296875
968 0.9677071742964345 613.0230712890625
969 0.9687068717905424 614.1470947265625
970 0.9697065692846503 614.9632568359375
971 0.9707062667787582 616.4492797851563
972 0.971705964272866 617.4664916992188
973 0.9727056617669739 618.6033935546875
974 0.9737053592610818 619.8313598632813
975 0.9747050567551897 620.5145263671875
976 0.9757047542492976 622.0485229492188
977 0.9767044517434055 623.1695556640625
978 0.9777041492375134 624.3038330078125
979 0.9787038467316213 625.4329223632813
980 0.9797035442257291 626.5869140625
981 0.980703241719837 627.689453125
982 0.9817029392139449 628.8275146484375
983 0.9827026367080528 629.941650390625
984 0.9837023342021607 630.9552612304688
985 0.9847020316962686 632.0853881835938
986 0.9857017291903765 633.36865234375
987 0.9867014266844844 634.350341796875
988 0.9877011241785922 635.4597778320313
989 0.9887008216727001 636.81298828125
990 0.989700519166808 637.6841430664063
991 0.9907002166609159 639.1199951171875
992 0.9916999141550238 640.0250244140625
993 0.9926996116491317 641.25
994 0.9936993091432396 642.4471435546875
995 0.9946990066373475 643.61181640625
996 0.9956987041314553 644.7530517578125
997 0.9966984016255632 645.980712890625
998 0.9976980991196711 646.7792358398438
999 0.998697796613779 648.3310546875
1000 0.9996974941078869 649.0631713867188
1001 1.000697191601995 650.2897338867188
1002 1.001696889096102 651.2464599609375
1003 1.00269658659021 652.5923461914063
1004 1.003696284084318 653.5748291015625
1005 1.004695981578426 655.067626953125
1006 1.005695679072534 656.1790161132813
1007 1.006695376566641 656.9986572265625
1008 1.007695074060749 658.5489501953125
1009 1.008694771554857 659.0452880859375
1010 1.009694469048965 660.5714111328125
1011 1.010694166543072 661.6473999023438
1012 1.01169386403718 662.6517333984375
1013 1.012693561531288 663.7647094726563
1014 1.013693259025396 664.8999633789063
1015 1.014692956519504 666.0067138671875
1016 1.015692654013611 666.9364624023438
1017 1.016692351507719 667.9886474609375
1018 1.017692049001827 669.035888671875
1019 1.018691746495935 669.9638061523438
1020 1.019691443990042 671.7786254882813
1021 1.02069114148415 672.2630615234375
1022 1.021690838978258 673.821044921875
1023 1.022690536472366 673.78271484375
1024 1.023690233966474 674.26708984375
1025 1.024689931460581 677.3977661132813
1026 1.025689628954689 676.3743896484375
1027 1.026689326448797 678.907470703125
1028 1.027689023942905 679.9949340820313
1029 1.028688721437012 680.5576171875
1030 1.02968841893112 680.8614501953125
1031 1.030688116425228 682.2841186523438
1032 1.031687813919336 683.6634521484375
1033 1.032687511413444 683.4669799804688
1034 1.033687208907551 684.2155151367188
1035 1.034686906401659 685.9859619140625
1036 1.035686603895767 686.0301513671875
1037 1.036686301389875 686.547119140625
1038 1.037685998883982 688.5015258789063
1039 1.03868569637809 688.8683471679688
1040 1.039685393872198 689.6094970703125
1041 1.040685091366306 691.3086547851563
1042 1.041684788860414 691.9890747070313
1043 1.042684486354521 693.7625122070313
1044 1.043684183848629 694.0845947265625
1045 1.044683881342737 694.3387451171875
1046 1.045683578836845 695.80419921875
1047 1.046683276330952 696.4031372070313
1048 1.04768297382506 697.6569213867188
1049 1.048682671319168 698.2591552734375
1050 1.049682368813276 698.2513427734375
1051 1.050682066307384 699.885009765625
1052 1.051681763801491 699.8926391601563
1053 1.052681461295599 700.6363525390625
1054 1.053681158789707 700.4231567382813
1055 1.054680856283815 702.0223388671875
1056 1.055680553777922 704.6017456054688
1057 1.05668025127203 703.2980346679688
1058 1.057679948766138 704.5125732421875
1059 1.058679646260246 705.8803100585938
1060 1.059679343754354 705.19482421875
1061 1.060679041248461 707.3729248046875
1062 1.061678738742569 708.1056518554688
1063 1.062678436236677 708.5277709960938
1064 1.063678133730785 709.062744140625
1065 1.064677831224892 710.0670166015625
1066 1.065677528719 709.520263671875
1067 1.066677226213108 711.916259765625
1068 1.067676923707216 711.9417114257813
1069 1.068676621201324 714.5694580078125
1070 1.069676318695431 712.4630737304688
1071 1.070676016189539 716.9371948242188
1072 1.071675713683647 715.41259765625
1073 1.072675411177755 715.9944458007813
1074 1.073675108671862 717.4755249023438
1075 1.07467480616597 719.4681396484375
1076 1.075674503660078 718.2217407226563
1077 1.076674201154186 721.2718505859375
1078 1.077673898648293 718.16943359375
1079 1.078673596142401 720.570556640625
1080 1.079673293636509 719.4901123046875
1081 1.080672991130617 722.554443359375
1082 1.081672688624725 721.373291015625
1083 1.082672386118832 725.2553100585938
1084 1.08367208361294 722.5216674804688
1085 1.084671781107048 725.1297607421875
1086 1.085671478601156 724.4041748046875
1087 1.086671176095263 728.3845825195313
1088 1.087670873589371 727.6670532226563
1089 1.088670571083479 727.4833984375
1090 1.089670268577587 726.9584350585938
1091 1.090669966071695 730.265380859375
1092 1.091669663565802 729.84619140625
1093 1.09266936105991 731.839599609375
1094 1.093669058554018 734.977294921875
1095 1.094668756048126 730.9796142578125
1096 1.095668453542233 738.1322021484375
1097 1.096668151036341 732.5592041015625
1098 1.097667848530449 737.046875
1099 1.098667546024557 733.84765625
1100 1.099667243518665 735.3228759765625
1101 1.100666941012772 736.342041015625
1102 1.10166663850688 737.1331787109375
1103 1.102666336000988 735.993896484375
1104 1.103666033495096 741.767333984375
1105 1.104665730989203 738.1840209960938
1106 1.105665428483311 743.9959716796875
1107 1.106665125977419 741.4681396484375
1108 1.107664823471527 744.4517822265625
1109 1.108664520965635 742.5003662109375
1110 1.109664218459742 741.616455078125
1111 1.11066391595385 744.3107299804688
1112 1.111663613447958 743.6698608398438
1113 1.112663310942066 742.713623046875
1114 1.113663008436173 744.0443725585938
1115 1.114662705930281 745.649658203125
1116 1.115662403424389 741.774169921875
1117 1.116662100918497 749.7704467773438
1118 1.117661798412605 744.1204223632813
1119 1.118661495906712 749.2191772460938
1120 1.11966119340082 750.7158813476563
1121 1.120660890894928 745.392578125
1122 1.121660588389036 752.9935302734375
1123 1.122660285883143 749.6910400390625
1124 1.123659983377251 752.7733764648438
1125 1.124659680871359 752.6925659179688
1126 1.125659378365467 754.1293334960938
1127 1.126659075859575 752.8489990234375
1128 1.127658773353682 754.0297241210938
1129 1.12865847084779 759.1564331054688
1130 1.129658168341898 757.2421875
1131 1.130657865836006 756.07421875
1132 1.131657563330113 762.0361938476563
1133 1.132657260824221 754.5235595703125
1134 1.133656958318329 763.34716796875
1135 1.134656655812437 764.2227172851563
1136 1.135656353306545 763.112548828125
1137 1.136656050800652 766.261962890625
1138 1.13765574829476 762.4127807617188
1139 1.138655445788868 766.3701782226563
1140 1.139655143282976 766.8340454101563
1141 1.140654840777083 764.4066162109375
1142 1.141654538271191 768.4723510742188
1143 1.142654235765299 767.7972412109375
1144 1.143653933259407 770.2951049804688
1145 1.144653630753515 768.2406616210938
1146 1.145653328247622 773.4607543945313
1147 1.14665302574173 769.4652099609375
1148 1.147652723235838 772.15625
1149 1.148652420729946 774.6668701171875
1150 1.149652118224053 768.7425537109375
1151 1.150651815718161 774.152099609375
1152 1.151651513212269 775.0916137695313
1153 1.152651210706377 776.3426513671875
1154 1.153650908200484 777.5545654296875
1155 1.154650605694592 781.478759765625
1156 1.1556503031887 776.0609741210938
1157 1.156650000682808 780.6921997070313
1158 1.157649698176916 782.685302734375
1159 1.158649395671023 781.2960815429688
1160 1.159649093165131 783.9798583984375
1161 1.160648790659239 782.50537109375
1162 1.161648488153347 782.5643920898438
1163 1.162648185647454 782.2191162109375
1164 1.163647883141562 783.296630859375
1165 1.16464758063567 782.683837890625
1166 1.165647278129778 785.04833984375
1167 1.166646975623886 781.9994506835938
1168 1.167646673117993 788.4515991210938
1169 1.168646370612101 785.0745239257813
1170 1.169646068106209 791.4483032226563
1171 1.170645765600317 786.832763671875
1172 1.171645463094424 788.4174194335938
1173 1.172645160588532 790.2183837890625
1174 1.17364485808264 792.3513793945313
1175 1.174644555576748 788.49658203125
1176 1.175644253070856 794.091064453125
1177 1.176643950564963 787.6475830078125
1178 1.177643648059071 798.4200439453125
1179 1.178643345553179 794.4906616210938
1180 1.179643043047287 786.610595703125
1181 1.180642740541394 805.2175903320313
1182 1.181642438035502 791.21142578125
1183 1.18264213552961 798.94384765625
1184 1.183641833023718 799.5027465820313
1185 1.184641530517826 789.4600830078125
1186 1.185641228011933 799.86181640625
1187 1.186640925506041 789.2684326171875
1188 1.187640623000149 794.60107421875
1189 1.188640320494257 795.6165771484375
1190 1.189640017988364 798.1138305664063
1191 1.190639715482472 796.8512573242188
1192 1.19163941297658 804.8008422851563
1193 1.192639110470688 793.7545166015625
1194 1.193638807964796 805.332763671875
1195 1.194638505458903 798.691162109375
1196 1.195638202953011 800.42529296875
1197 1.196637900447119 797.5730590820313
1198 1.197637597941227 798.4111328125
1199 1.198637295435334 798.259033203125
1200 1.199636992929442 804.413818359375
1201 1.20063669042355 797.7330932617188
1202 1.201636387917658 800.09228515625
1203 1.202636085411766 804.3338012695313
1204 1.203635782905873 801.24169921875
1205 1.204635480399981 798.7184448242188
1206 1.205635177894089 799.2528686523438
1207 1.206634875388197 795.1963500976563
1208 1.207634572882304 794.34326171875
1209 1.208634270376412 799.0791625976563
1210 1.20963396787052 797.0059204101563
1211 1.210633665364628 801.060791015625
1212 1.211633362858736 794.5341796875
1213 1.212633060352843 800.1544189453125
1214 1.213632757846951 796.7805786132813
1215 1.214632455341059 804.4351196289063
1216 1.215632152835167 798.3240966796875
1217 1.216631850329274 796.164306640625
1218 1.217631547823382 793.5996704101563
1219 1.21863124531749 793.31787109375
1220 1.219630942811598 792.4524536132813
1221 1.220630640305705 791.2498779296875
1222 1.221630337799813 794.14013671875
1223 1.222630035293921 793.5438232421875
1224 1.223629732788029 791.7372436523438
1225 1.224629430282137 792.519775390625
1226 1.225629127776244 785.1116333007813
1227 1.226628825270352 794.5667114257813
1228 1.22762852276446 780.9295654296875
1229 1.228628220258568 787.6062622070313
1230 1.229627917752675 785.5851440429688
1231 1.230627615246783 786.7965087890625
1232 1.231627312740891 785.9571533203125
1233 1.232627010234999 787.2283935546875
1234 1.233626707729107 781.8049926757813
1235 1.234626405223214 791.1539306640625
1236 1.235626102717322 780.1945190429688
1237 1.23662580021143 781.999755859375
1238 1.237625497705538 784.2168579101563
1239 1.238625195199645 775.5810546875
1240 1.239624892693753 778.8562622070313
1241 1.240624590187861 779.1172485351563
1242 1.241624287681969 774.6397705078125
1243 1.242623985176077 777.598876953125
1244 1.243623682670184 773.0194091796875
1245 1.244623380164292 778.2161865234375
1246 1.2456230776584 771.8828735351563
1247 1.246622775152508 768.9712524414063
1248 1.247622472646615 775.3675537109375
1249 1.248622170140723 765.8521118164063
1250 1.249621867634831 767.2003173828125
1251 1.250621565128939 768.0753173828125
1252 1.251621262623047 764.1373901367188
1253 1.252620960117154 765.735595703125
1254 1.253620657611262 765.5968017578125
1255 1.25462035510537 763.743408203125
1256 1.255620052599478 760.3848876953125
1257 1.256619750093585 757.9010620117188
1258 1.257619447587693 755.87548828125
1259 1.258619145081801 754.6776733398438
1260 1.259618842575909 751.4781494140625
1261 1.260618540070017 745.8778686523438
1262 1.261618237564124 759.0929565429688
1263 1.262617935058232 743.598388671875
1264 1.26361763255234 756.8209228515625
1265 1.264617330046448 742.5255737304688
1266 1.265617027540555 749.2886352539063
1267 1.266616725034663 742.8175659179688
1268 1.267616422528771 741.8035888671875
1269 1.268616120022879 742.407958984375
1270 1.269615817516987 740.770751953125
1271 1.270615515011094 734.36474609375
1272 1.271615212505202 741.6387939453125
1273 1.27261490999931 733.8482666015625
1274 1.273614607493418 739.0646362304688
1275 1.274614304987525 727.77734375
1276 1.275614002481633 734.635498046875
1277 1.276613699975741 723.564453125
1278 1.277613397469849 726.0601196289063
1279 1.278613094963957 727.2754516601563
1280 1.279612792458064 727.0697631835938
1281 1.280612489952172 724.252685546875
1282 1.28161218744628 720.208740234375
1283 1.282611884940388 720.078369140625
1284 1.283611582434495 714.696533203125
1285 1.284611279928603 717.3303833007813
1286 1.285610977422711 716.0777587890625
1287 1.286610674916819 716.9749755859375
1288 1.287610372410927 717.4216918945313
1289 1.288610069905034 717.0599975585938
1290 1.289609767399142 714.4899291992188
1291 1.29060946489325 707.6625366210938
1292 1.291609162387358 708.36083984375
1293 1.292608859881465 703.54931640625
1294 1.293608557375573 702.6006469726563
1295 1.294608254869681 703.5366821289063
1296 1.295607952363789 701.8262939453125
1297 1.296607649857896 701.6936645507813
1298 1.297607347352004 696.0665893554688
1299 1.298607044846112 701.6669921875
1300 1.29960674234022 694.4981689453125
1301 1.300606439834328 701.7669677734375
1302 1.301606137328435 693.7081909179688
1303 1.302605834822543 692.9786987304688
1304 1.303605532316651 694.3753051757813
1305 1.304605229810759 686.9950561523438
1306 1.305604927304866 688.3472900390625
1307 1.306604624798974 693.1011962890625
1308 1.307604322293082 679.8300170898438
1309 1.30860401978719 690.6079711914063
1310 1.309603717281298 682.12744140625
1311 1.310603414775405 680.103271484375
1312 1.311603112269513 685.4174194335938
1313 1.312602809763621 685.6176147460938
1314 1.313602507257729 676.85107421875
1315 1.314602204751836 680.2255249023438
1316 1.315601902245944 671.9627685546875
1317 1.316601599740052 683.16845703125
1318 1.31760129723416 675.0220336914063
1319 1.318600994728268 674.6992797851563
1320 1.319600692222375 672.3214721679688
1321 1.320600389716483 669.658447265625
1322 1.321600087210591 670.68212890625
1323 1.322599784704699 670.1396484375
1324 1.323599482198806 667.2205200195313
1325 1.324599179692914 669.0172119140625
1326 1.325598877187022 674.98876953125
1327 1.32659857468113 667.3744506835938
1328 1.327598272175238 669.1094970703125
1329 1.328597969669345 666.2681274414063
1330 1.329597667163453 666.4537963867188
1331 1.330597364657561 668.6737670898438
1332 1.331597062151669 664.7282104492188
1333 1.332596759645776 673.0260009765625
1334 1.333596457139884 665.4086303710938
1335 1.334596154633992 669.7528686523438
1336 1.3355958521281 666.0523681640625
1337 1.336595549622208 676.37744140625
1338 1.337595247116315 667.8148193359375
1339 1.338594944610423 672.8264770507813
1340 1.339594642104531 668.23193359375
1341 1.340594339598639 669.38134765625
1342 1.341594037092746 666.7529296875
1343 1.342593734586854 668.7557373046875
1344 1.343593432080962 668.9131469726563
1345 1.34459312957507 666.3411865234375
1346 1.345592827069178 668.772216796875
1347 1.346592524563285 666.5980224609375
1348 1.347592222057393 667.2628784179688
1349 1.348591919551501 667.677490234375
1350 1.349591617045609 665.1931762695313
1351 1.350591314539716 666.4166259765625
1352 1.351591012033824 667.0488891601563
1353 1.352590709527932 661.7092895507813
1354 1.35359040702204 670.3494262695313
1355 1.354590104516148 661.7438354492188
1356 1.355589802010255 667.9287109375
1357 1.356589499504363 667.1390991210938
1358 1.357589196998471 667.1151733398438
1359 1.358588894492579 661.5179443359375
1360 1.359588591986686 664.765380859375
1361 1.360588289480794 668.9075317382813
1362 1.361587986974902 667.4569702148438
1363 1.36258768446901 665.5411987304688
1364 1.363587381963118 668.4486694335938
1365 1.364587079457225 666.6741943359375
1366 1.365586776951333 669.7244262695313
1367 1.366586474445441 664.1983032226563
1368 1.367586171939549 672.131103515625
1369 1.368585869433656 674.5400390625
1370 1.369585566927764 672.37890625
1371 1.370585264421872 676.8904418945313
1372 1.37158496191598 673.5231323242188
1373 1.372584659410087 670.1895751953125
1374 1.373584356904195 677.2650756835938
1375 1.374584054398303 672.2152099609375
1376 1.375583751892411 681.2015991210938
1377 1.376583449386519 682.34765625
1378 1.377583146880626 679.9505004882813
1379 1.378582844374734 680.5048217773438
1380 1.379582541868842 680.2556762695313
1381 1.38058223936295 681.3570556640625
1382 1.381581936857057 681.505859375
1383 1.382581634351165 680.5575561523438
1384 1.383581331845273 677.99072265625
1385 1.384581029339381 682.3693237304688
1386 1.385580726833489 685.3414306640625
1387 1.386580424327596 676.7960205078125
1388 1.387580121821704 684.5153198242188
1389 1.388579819315812 679.7056274414063
1390 1.38957951680992 691.1408081054688
1391 1.390579214304027 681.6473999023438
1392 1.391578911798135 683.5376586914063
1393 1.392578609292243 683.6685791015625
1394 1.393578306786351 685.8017578125
1395 1.394578004280459 682.9166870117188
1396 1.395577701774566 685.6884155273438
1397 1.396577399268674 692.128662109375
1398 1.397577096762782 684.1211547851563
1399 1.39857679425689 690.537109375
1400 1.399576491750997 684.19384765625
1401 1.400576189245105 691.349365234375
1402 1.401575886739213 687.7207641601563
1403 1.402575584233321 690.6381225585938
1404 1.403575281727429 689.33740234375
1405 1.404574979221536 693.7980346679688
1406 1.405574676715644 694.936279296875
1407 1.406574374209752 697.90087890625
1408 1.40757407170386 691.765625
1409 1.408573769197967 700.3682250976563
1410 1.409573466692075 698.8908081054688
1411 1.410573164186183 705.6831665039063
1412 1.411572861680291 703.013671875
1413 1.412572559174399 712.6371459960938
1414 1.413572256668506 705.9339599609375
1415 1.414571954162614 711.756591796875
1416 1.415571651656722 710.3372192382813
1417 1.41657134915083 708.392333984375
1418 1.417571046644937 710.71875
1419 1.418570744139045 708.7432250976563
1420 1.419570441633153 707.95361328125
1421 1.420570139127261 711.6767578125
1422 1.421569836621369 712.3009643554688
1423 1.422569534115476 708.4683227539063
1424 1.423569231609584 710.058837890625
1425 1.424568929103692 708.5211791992188
1426 1.4255686265978 702.157470703125
1427 1.426568324091907 713.5093994140625
1428 1.427568021586015 703.6561279296875
1429 1.428567719080123 711.0531005859375
1430 1.429567416574231 709.6846923828125
1431 1.430567114068339 708.828369140625
1432 1.431566811562446 706.9268798828125
1433 1.432566509056554 711.2975463867188
1434 1.433566206550662 711.5172119140625
1435 1.43456590404477 711.9608764648438
1436 1.435565601538877 712.46142578125
1437 1.436565299032985 715.5966796875
1438 1.437564996527093 720.5130004882813
1439 1.438564694021201 718.0531616210938
1440 1.439564391515309 726.3007202148438
1441 1.440564089009416 721.5382080078125
1442 1.441563786503524 724.1967163085938
1443 1.442563483997632 725.1010131835938
1444 1.44356318149174 730.8333740234375
1445 1.444562878985847 727.110107421875
1446 1.445562576479955 728.4788818359375
1447 1.446562273974063 732.19921875
1448 1.447561971468171 731.3258666992188
1449 1.448561668962278 725.087158203125
1450 1.449561366456386 728.5870971679688
1451 1.450561063950494 726.6359252929688
1452 1.451560761444602 726.171630859375
1453 1.45256045893871 729.3800048828125
1454 1.453560156432817 724.5489501953125
1455 1.454559853926925 730.4056396484375
1456 1.455559551421033 718.2532958984375
1457 1.456559248915141 728.153076171875
1458 1.457558946409248 728.2455444335938
1459 1.458558643903356 728.7569580078125
1460 1.459558341397464 727.2750244140625
1461 1.460558038891572 725.4452514648438
1462 1.46155773638568 722.4024658203125
1463 1.462557433879787 732.6044921875
1464 1.463557131373895 732.2559204101563
1465 1.464556828868003 728.589599609375
1466 1.465556526362111 734.5171508789063
1467 1.466556223856218 730.3560791015625
1468 1.467555921350326 739.828369140625
1469 1.468555618844434 734.2645874023438
1470 1.469555316338542 743.362060546875
1471 1.47055501383265 743.8013916015625
1472 1.471554711326757 741.6627807617188
1473 1.472554408820865 746.2162475585938
1474 1.473554106314973 744.910888671875
1475 1.474553803809081 744.2135009765625
1476 1.475553501303188 749.5999145507813
1477 1.476553198797296 744.4193725585938
1478 1.477552896291404 740.3128051757813
1479 1.478552593785512 745.1741943359375
1480 1.47955229127962 739.6751708984375
1481 1.480551988773727 744.0213012695313
1482 1.481551686267835 745.3490600585938
1483 1.482551383761943 738.9348754882813
1484 1.483551081256051 743.29296875
1485 1.484550778750158 738.5875244140625
1486 1.485550476244266 737.9708251953125
1487 1.486550173738374 740.9464111328125
1488 1.487549871232482 740.5735473632813
1489 1.48854956872659 734.405517578125
1490 1.489549266220697 745.1412353515625
1491 1.490548963714805 742.8545532226563
1492 1.491548661208913 737.9225463867188
1493 1.492548358703021 745.0722045898438
1494 1.493548056197128 743.8374633789063
1495 1.494547753691236 749.8101806640625
1496 1.495547451185344 741.578125
1497 1.496547148679452 749.037353515625
1498 1.49754684617356 749.077392578125
1499 1.498546543667667 748.0610961914063
1500 1.499546241161775 751.5814819335938
1501 1.500545938655883 755.989990234375
1502 1.501545636149991 745.5077514648438
1503 1.502545333644098 752.9275512695313
1504 1.503545031138206 741.9196166992188
1505 1.504544728632314 747.4274291992188
1506 1.505544426126422 743.1950073242188
1507 1.50654412362053 749.371337890625
1508 1.507543821114637 737.121337890625
1509 1.508543518608745 749.55322265625
