"pressure_point-2-rset"
"Time Step" "flow-time etc.."
("Time Step" "flow-time" "pressure_point-2")
1 0.0009996974941078813 11.48653316497803
2 0.001999394988215763 11.48350238800049
3 0.002999092482323644 11.48611068725586
4 0.003998789976431525 11.49526786804199
5 0.004998487470539406 11.48510932922363
6 0.005998184964647288 11.48261451721191
7 0.006997882458755169 11.49197864532471
8 0.00799757995286305 11.48559188842773
9 0.008997277446970931 11.48767185211182
10 0.009996974941078811 11.48849201202393
11 0.01099667243518669 11.48787975311279
12 0.01199636992929457 11.48862743377686
13 0.01299606742340245 11.48751640319824
14 0.01399576491751033 11.48919773101807
15 0.01499546241161821 11.48816299438477
16 0.01599515990572609 11.48822021484375
17 0.01699485739983397 11.48953056335449
18 0.01799455489394185 11.4882173538208
19 0.01899425238804973 11.48989486694336
20 0.01999394988215762 11.48859214782715
21 0.0209936473762655 11.49008369445801
22 0.02199334487037338 11.48886871337891
23 0.02299304236448126 11.49038124084473
24 0.02399273985858914 11.48913097381592
25 0.02499243735269702 11.49065494537354
26 0.0259921348468049 11.48972511291504
27 0.02699183234091278 11.49006271362305
28 0.02799152983502066 11.49028205871582
29 0.02899122732912854 11.4904146194458
30 0.02999092482323642 11.49051380157471
31 0.0309906223173443 11.49060726165772
32 0.03199031981145218 11.49094390869141
33 0.03299001730556006 11.49056053161621
34 0.03398971479966794 11.49171829223633
35 0.03498941229377582 11.49101829528809
36 0.0359891097878837 11.49129104614258
37 0.03698880728199158 11.49145698547363
38 0.03798850477609946 11.49164390563965
39 0.03898820227020734 11.4917459487915
40 0.03998789976431522 11.49193859100342
41 0.0409875972584231 11.49196338653565
42 0.04198729475253098 11.49209213256836
43 0.04298699224663886 11.49229049682617
44 0.04398668974074674 11.49255275726318
45 0.04498638723485463 11.49251556396484
46 0.04598608472896251 11.49274826049805
47 0.04698578222307039 11.49275398254395
48 0.04798547971717827 11.49293899536133
49 0.04898517721128615 11.49310970306397
50 0.04998487470539403 11.49327373504639
51 0.05098457219950191 11.49337768554688
52 0.05198426969360979 11.49356746673584
53 0.05298396718771767 11.4936695098877
54 0.05398366468182555 11.49378204345703
55 0.05498336217593343 11.49394607543945
56 0.05598305967004131 11.49405384063721
57 0.05698275716414919 11.49412059783936
58 0.05798245465825707 11.49433708190918
59 0.05898215215236495 11.49449729919434
60 0.05998184964647283 11.49464416503906
61 0.06098154714058071 11.49472618103027
62 0.06198124463468859 11.49488735198975
63 0.06298094212879647 11.49493503570557
64 0.06398063962290436 11.49515628814697
65 0.06498033711701225 11.49527931213379
66 0.06598003461112013 11.4954080581665
67 0.06697973210522802 11.49553489685059
68 0.06797942959933591 11.49567127227783
69 0.0689791270934438 11.49580383300781
70 0.06997882458755168 11.49595260620117
71 0.07097852208165957 11.49610805511475
72 0.07197821957576746 11.4962158203125
73 0.07297791706987535 11.49637222290039
74 0.07397761456398323 11.49649333953857
75 0.07497731205809112 11.49661636352539
76 0.07597700955219901 11.49675846099854
77 0.07697670704630689 11.49690628051758
78 0.07797640454041478 11.49699687957764
79 0.07897610203452267 11.49715614318848
80 0.07997579952863056 11.49728965759277
81 0.08097549702273844 11.49732780456543
82 0.08197519451684633 11.49747276306152
83 0.08297489201095422 11.49767971038818
84 0.08397458950506211 11.49793148040772
85 0.08497428699916999 11.49790000915527
86 0.08597398449327788 11.49809837341309
87 0.08697368198738577 11.49827575683594
88 0.08797337948149366 11.49828338623047
89 0.08897307697560154 11.49847412109375
90 0.08997277446970943 11.49860572814941
91 0.09097247196381732 11.49876213073731
92 0.0919721694579252 11.49885272979736
93 0.09297186695203309 11.49899005889893
94 0.09397156444614098 11.49914455413818
95 0.09497126194024887 11.49922752380371
96 0.09597095943435675 11.4993953704834
97 0.09697065692846464 11.49958515167236
98 0.09797035442257253 11.49969387054443
99 0.09897005191668042 11.49980735778809
100 0.0999697494107883 11.49998950958252
101 0.1009694469048962 11.50004959106445
102 0.1019691443990041 11.50015068054199
103 0.102968841893112 11.50034141540527
104 0.1039685393872199 11.50039863586426
105 0.1049682368813277 11.50061702728272
106 0.1059679343754356 11.5007438659668
107 0.1069676318695435 11.50102710723877
108 0.1079673293636514 11.50106620788574
109 0.1089670268577593 11.50121593475342
110 0.1099667243518672 11.5011796951294
111 0.1109664218459751 11.5014009475708
112 0.111966119340083 11.50152969360352
113 0.1129658168341908 11.50168418884277
114 0.1139655143282987 11.50180625915527
115 0.1149652118224066 11.5019121170044
116 0.1159649093165145 11.50222873687744
117 0.1169646068106224 11.50214099884033
118 0.1179643043047303 11.50240230560303
119 0.1189640017988382 11.50251388549805
120 0.1199636992929461 11.50263404846191
121 0.1209633967870539 11.50271701812744
122 0.1219630942811618 11.50285720825195
123 0.1229627917752697 11.50316524505615
124 0.1239624892693776 11.50304889678955
125 0.1249621867634855 11.50327301025391
126 0.1259618842575934 11.50356960296631
127 0.1269615817517013 11.50345230102539
128 0.1279612792458091 11.50365447998047
129 0.128960976739917 11.50379180908203
130 0.1299606742340249 11.50393962860107
131 0.1309603717281328 11.50407218933106
132 0.1319600692222407 11.50421237945557
133 0.1329597667163486 11.50430583953857
134 0.1339594642104565 11.50444602966309
135 0.1349591617045644 11.50478172302246
136 0.1359588591986722 11.50468635559082
137 0.1369585566927801 11.5048828125
138 0.137958254186888 11.50504112243652
139 0.1389579516809959 11.50515174865723
140 0.1399576491751038 11.50530338287354
141 0.1409573466692117 11.5054292678833
142 0.1419570441633196 11.50558090209961
143 0.1429567416574274 11.50565338134766
144 0.1439564391515353 11.50582599639893
145 0.1449561366456432 11.50603485107422
146 0.1459558341397511 11.50603008270264
147 0.146955531633859 11.50621795654297
148 0.1479552291279669 11.50642681121826
149 0.1489549266220748 11.50645256042481
150 0.1499546241161827 11.50664710998535
151 0.1509543216102905 11.50673484802246
152 0.1519540191043984 11.50687789916992
153 0.1529537165985063 11.50703620910645
154 0.1539534140926142 11.50719547271729
155 0.1549531115867221 11.50726318359375
156 0.15595280908083 11.5073299407959
157 0.1569525065749379 11.50755214691162
158 0.1579522040690458 11.50769233703613
159 0.1589519015631536 11.50782489776611
160 0.1599515990572615 11.50797080993652
161 0.1609512965513694 11.50808334350586
162 0.1619509940454773 11.50824069976807
163 0.1629506915395852 11.50835037231445
164 0.1639503890336931 11.50846576690674
165 0.164950086527801 11.50862979888916
166 0.1659497840219089 11.50874042510986
167 0.1669494815160167 11.50893306732178
168 0.1679491790101246 11.50901889801025
169 0.1689488765042325 11.50907421112061
170 0.1699485739983404 11.50930595397949
171 0.1709482714924483 11.5094165802002
172 0.1719479689865562 11.509596824646
173 0.1729476664806641 11.50967311859131
174 0.173947363974772 11.50977802276611
175 0.1749470614688798 11.50999069213867
176 0.1759467589629877 11.51002025604248
177 0.1769464564570956 11.5102596282959
178 0.1779461539512035 11.51032257080078
179 0.1789458514453114 11.51057147979736
180 0.1799455489394193 11.51052284240723
181 0.1809452464335272 11.51074504852295
182 0.1819449439276351 11.51084232330322
183 0.1829446414217429 11.51109313964844
184 0.1839443389158508 11.51105403900147
185 0.1849440364099587 11.5114221572876
186 0.1859437339040666 11.51143741607666
187 0.1869434313981745 11.51153182983398
188 0.1879431288922824 11.51171493530273
189 0.1889428263863903 11.51184272766113
190 0.1899425238804982 11.51198387145996
191 0.190942221374606 11.51209449768066
192 0.1919419188687139 11.51224136352539
193 0.1929416163628218 11.51235675811768
194 0.1939413138569297 11.51249980926514
195 0.1949410113510376 11.51263332366943
196 0.1959407088451455 11.51260566711426
197 0.1969404063392534 11.51289081573486
198 0.1979401038333613 11.51315116882324
199 0.1989398013274691 11.51321601867676
200 0.199939498821577 11.5133638381958
201 0.2009391963156849 11.51340770721436
202 0.2019388938097928 11.51361751556397
203 0.2029385913039007 11.51361846923828
204 0.2039382887980086 11.51383781433106
205 0.2049379862921165 11.51399517059326
206 0.2059376837862244 11.5140380859375
207 0.2069373812803322 11.51422309875488
208 0.2079370787744401 11.51430702209473
209 0.208936776268548 11.51449298858643
210 0.2099364737626559 11.51460647583008
211 0.2109361712567638 11.51475048065186
212 0.2119358687508717 11.51490306854248
213 0.2129355662449796 11.51516532897949
214 0.2139352637390874 11.51511383056641
215 0.2149349612331953 11.51514053344727
216 0.2159346587273032 11.51541519165039
217 0.2169343562214111 11.51557731628418
218 0.217934053715519 11.51567077636719
219 0.2189337512096269 11.51573181152344
220 0.2199334487037348 11.51598072052002
221 0.2209331461978427 11.51601028442383
222 0.2219328436919505 11.51619720458984
223 0.2229325411860584 11.51630115509033
224 0.2239322386801663 11.51648712158203
225 0.2249319361742742 11.51663684844971
226 0.2259316336683821 11.5168924331665
227 0.22693133116249 11.51686668395996
228 0.2279310286565979 11.51706504821777
229 0.2289307261507058 11.51720428466797
230 0.2299304236448136 11.51730728149414
231 0.2309301211389215 11.51744174957275
232 0.2319298186330294 11.51759719848633
233 0.2329295161271373 11.5177116394043
234 0.2339292136212452 11.51785755157471
235 0.2349289111153531 11.51800918579102
236 0.235928608609461 11.517991065979
237 0.2369283061035689 11.51823902130127
238 0.2379280035976767 11.51853942871094
239 0.2389277010917846 11.51840686798096
240 0.2399273985858925 11.51857566833496
241 0.2409270960800004 11.5186882019043
242 0.2419267935741083 11.51892852783203
243 0.2429264910682162 11.51895618438721
244 0.2439261885623241 11.51929187774658
245 0.244925886056432 11.51937198638916
246 0.2459255835505398 11.51927280426025
247 0.2469252810446477 11.51963996887207
248 0.2479249785387556 11.51973533630371
249 0.2489246760328635 11.51963710784912
250 0.2499243735269714 11.52002429962158
251 0.2509240710210793 11.52015972137451
252 0.2519237685151872 11.52029705047607
253 0.2529234660092951 11.520432472229
254 0.2539231635034029 11.52055358886719
255 0.2549228609975108 11.52068710327148
256 0.2559225584916187 11.5208215713501
257 0.2569222559857266 11.52091598510742
258 0.2579219534798345 11.52106666564941
259 0.2589216509739424 11.52118396759033
260 0.2599213484680503 11.52124309539795
261 0.2609210459621582 11.52279472351074
262 0.261920743456266 11.52089309692383
263 0.2629204409503739 11.52185821533203
264 0.2639201384444818 11.52168655395508
265 0.2649198359385897 11.52195644378662
266 0.2659195334326976 11.52210426330566
267 0.2669192309268055 11.522216796875
268 0.2679189284209134 11.52248096466065
269 0.2689186259150213 11.52255630493164
270 0.2699183234091291 11.52271842956543
271 0.270918020903237 11.52284908294678
272 0.2719177183973449 11.52297592163086
273 0.2729174158914528 11.52305030822754
274 0.2739171133855607 11.52317047119141
275 0.2749168108796686 11.52325439453125
276 0.2759165083737765 11.5233907699585
277 0.2769162058678844 11.52363872528076
278 0.2779159033619922 11.52368259429932
279 0.2789156008561001 11.52375602722168
280 0.279915298350208 11.52399635314941
281 0.2809149958443159 11.52413272857666
282 0.2819146933384238 11.52425289154053
283 0.2829143908325317 11.52439022064209
284 0.2839140883266396 11.52453327178955
285 0.2849137858207474 11.52466678619385
286 0.2859134833148553 11.52480411529541
287 0.2869131808089632 11.52495384216309
288 0.2879128783030711 11.52507305145264
289 0.288912575797179 11.52519798278809
290 0.2899122732912869 11.52536106109619
291 0.2909119707853948 11.52548122406006
292 0.2919116682795027 11.52560710906982
293 0.2929113657736105 11.52573966979981
294 0.2939110632677184 11.52586650848389
295 0.2949107607618263 11.52602672576904
296 0.2959104582559342 11.52615451812744
297 0.2969101557500421 11.52627372741699
298 0.29790985324415 11.52622985839844
299 0.2989095507382579 11.5264253616333
300 0.2999092482323658 11.526611328125
301 0.3009089457264736 11.52682781219482
302 0.3019086432205815 11.52688121795654
303 0.3029083407146894 11.52704238891602
304 0.3039080382087973 11.52704524993897
305 0.3049077357029052 11.52740955352783
306 0.3059074331970131 11.52745056152344
307 0.306907130691121 11.52761363983154
308 0.3079068281852289 11.52771949768066
309 0.3089065256793367 11.52784633636475
310 0.3099062231734446 11.52780532836914
311 0.3109059206675525 11.52817535400391
312 0.3119056181616604 11.52821445465088
313 0.3129053156557683 11.52836418151856
314 0.3139050131498762 11.52854633331299
315 0.3149047106439841 11.52856540679932
316 0.315904408138092 11.52861785888672
317 0.3169041056321998 11.52881336212158
318 0.3179038031263077 11.52913188934326
319 0.3189035006204156 11.52944278717041
320 0.3199031981145235 11.52904319763184
321 0.3209028956086314 11.52940177917481
322 0.3219025931027393 11.52942085266113
323 0.3229022905968472 11.52961254119873
324 0.3239019880909551 11.52978992462158
325 0.3249016855850629 11.52981472015381
326 0.3259013830791708 11.53018951416016
327 0.3269010805732787 11.53025245666504
328 0.3279007780673866 11.53041362762451
329 0.3289004755614945 11.53048706054688
330 0.3299001730556024 11.53079319000244
331 0.3308998705497103 11.53063201904297
332 0.3318995680438182 11.53081703186035
333 0.332899265537926 11.53102207183838
334 0.3338989630320339 11.53121471405029
335 0.3348986605261418 11.53135108947754
336 0.3358983580202497 11.53155040740967
337 0.3368980555143576 11.53163623809815
338 0.3378977530084655 11.53177928924561
339 0.3388974505025734 11.53185844421387
340 0.3398971479966813 11.53177356719971
341 0.3408968454907891 11.53250598907471
342 0.341896542984897 11.53235054016113
343 0.3428962404790049 11.53234100341797
344 0.3438959379731128 11.53248882293701
345 0.3448956354672207 11.53275775909424
346 0.3458953329613286 11.53274726867676
347 0.3468950304554365 11.53286838531494
348 0.3478947279495444 11.53305625915527
349 0.3488944254436522 11.53312587738037
350 0.3498941229377601 11.53332328796387
351 0.350893820431868 11.53342533111572
352 0.3518935179259759 11.53356552124023
353 0.3528932154200838 11.53370475769043
354 0.3538929129141917 11.53386878967285
355 0.3548926104082996 11.5339822769165
356 0.3558923079024075 11.53411293029785
357 0.3568920053965153 11.53425407409668
358 0.3578917028906232 11.53438568115234
359 0.3588914003847311 11.53450012207031
360 0.359891097878839 11.53466129302979
361 0.3608907953729469 11.53471565246582
362 0.3618904928670548 11.53497409820557
363 0.3628901903611627 11.53504467010498
364 0.3638898878552705 11.53520107269287
365 0.3648895853493784 11.53540802001953
366 0.3658892828434863 11.53545570373535
367 0.3668889803375942 11.53564739227295
368 0.3678886778317021 11.53575325012207
369 0.36888837532581 11.53589820861816
370 0.3698880728199179 11.53602504730225
371 0.3708877703140258 11.5361852645874
372 0.3718874678081336 11.5363245010376
373 0.3728871653022415 11.53646659851074
374 0.3738868627963494 11.53662109375
375 0.3748865602904573 11.53681659698486
376 0.3758862577845652 11.53690338134766
377 0.3768859552786731 11.53705406188965
378 0.377885652772781 11.53722476959229
379 0.3788853502668889 11.53729820251465
380 0.3798850477609967 11.53744602203369
381 0.3808847452551046 11.53754043579102
382 0.3818844427492125 11.53753566741943
383 0.3828841402433204 11.53799915313721
384 0.3838838377374283 11.53801822662354
385 0.3848835352315362 11.53816795349121
386 0.3858832327256441 11.5382137298584
387 0.386882930219752 11.53841018676758
388 0.3878826277138598 11.53850555419922
389 0.3888823252079677 11.53863143920898
390 0.3898820227020756 11.5388355255127
391 0.3908817201961835 11.53878879547119
392 0.3918814176902914 11.53931331634522
393 0.3928811151843993 11.53927326202393
394 0.3938808126785072 11.53949165344238
395 0.3948805101726151 11.53958892822266
396 0.3958802076667229 11.53972911834717
397 0.3968799051608308 11.53985214233398
398 0.3978796026549387 11.53998756408691
399 0.3988793001490466 11.54005718231201
400 0.3998789976431545 11.54017448425293
401 0.4008786951372624 11.54030227661133
402 0.4018783926313703 11.54033088684082
403 0.4028780901254782 11.54057312011719
404 0.403877787619586 11.54069232940674
405 0.4048774851136939 11.5408353805542
406 0.4058771826078018 11.54095077514648
407 0.4068768801019097 11.54108142852783
408 0.4078765775960176 11.54114723205566
409 0.4088762750901255 11.5413122177124
410 0.4098759725842334 11.54135513305664
411 0.4108756700783413 11.54157543182373
412 0.4118753675724491 11.54148674011231
413 0.412875065066557 11.54185104370117
414 0.4138747625606649 11.54183959960938
415 0.4148744600547728 11.54186248779297
416 0.4158741575488807 11.54203128814697
417 0.4168738550429886 11.54219341278076
418 0.4178735525370965 11.54219341278076
419 0.4188732500312044 11.54235649108887
420 0.4198729475253122 11.54249095916748
421 0.4208726450194201 11.54256343841553
422 0.421872342513528 11.54264545440674
423 0.4228720400076359 11.54275321960449
424 0.4238717375017438 11.54283905029297
425 0.4248714349958517 11.54295539855957
426 0.4258711324899596 11.54305267333984
427 0.4268708299840675 11.54314708709717
428 0.4278705274781753 11.54323101043701
429 0.4288702249722832 11.54332637786865
430 0.4298699224663911 11.54341506958008
431 0.430869619960499 11.54349613189697
432 0.4318693174546069 11.54358386993408
433 0.4328690149487148 11.54365921020508
434 0.4338687124428227 11.54350471496582
435 0.4348684099369305 11.54376125335693
436 0.4358681074310384 11.54390239715576
437 0.4368678049251463 11.54399967193604
438 0.4378675024192542 11.54404258728027
439 0.4388671999133621 11.54418754577637
440 0.43986689740747 11.54410362243652
441 0.4408665949015779 11.54438972473145
442 0.4418662923956858 11.54422950744629
443 0.4428659898897936 11.54452419281006
444 0.4438656873839015 11.54453563690186
445 0.4448653848780094 11.54463005065918
446 0.4458650823721173 11.54470634460449
447 0.4468647798662252 11.54477977752686
448 0.4478644773603331 11.54485130310059
449 0.448864174854441 11.54494667053223
450 0.4498638723485489 11.54500389099121
451 0.4508635698426567 11.54502296447754
452 0.4518632673367646 11.54524326324463
453 0.4528629648308725 11.54526138305664
454 0.4538626623249804 11.5451831817627
455 0.4548623598190883 11.54543495178223
456 0.4558620573131962 11.54526901245117
457 0.4568617548073041 11.54559993743897
458 0.457861452301412 11.54545497894287
459 0.4588611497955198 11.54571723937988
460 0.4598608472896277 11.54572200775147
461 0.4608605447837356 11.54611015319824
462 0.4618602422778435 11.54568481445313
463 0.4628599397719514 11.54575157165527
464 0.4638596372660593 11.54597282409668
465 0.4648593347601672 11.54592895507813
466 0.4658590322542751 11.54617118835449
467 0.4668587297483829 11.54611873626709
468 0.4678584272424908 11.54614734649658
469 0.4688581247365987 11.54629230499268
470 0.4698578222307066 11.54637718200684
471 0.4708575197248145 11.54642677307129
472 0.4718572172189224 11.54647922515869
473 0.4728569147130303 11.54653263092041
474 0.4738566122071382 11.54653167724609
475 0.474856309701246 11.54659461975098
476 0.4758560071953539 11.54671955108643
477 0.4768557046894618 11.54679107666016
478 0.4778554021835697 11.54685401916504
479 0.4788550996776776 11.54685306549072
480 0.4798547971717855 11.546875
481 0.4808544946658934 11.54703712463379
482 0.4818541921600013 11.54708480834961
483 0.4828538896541091 11.54716873168945
484 0.483853587148217 11.54728889465332
485 0.4848532846423249 11.54735374450684
486 0.4858529821364328 11.54751014709473
487 0.4868526796305407 11.54663753509522
488 0.4878523771246486 11.54706954956055
489 0.4888520746187565 11.54644393920898
490 0.4898517721128644 11.5451192855835
491 0.4908514696069722 11.54582786560059
492 0.4918511671010801 11.54489326477051
493 0.492850864595188 11.54516696929932
494 0.4938505620892959 11.54542064666748
495 0.4948502595834038 11.5460147857666
496 0.4958499570775117 11.54698371887207
497 0.4968496545716196 11.54735088348389
498 0.4978493520657275 11.54774379730225
499 0.4988490495598353 11.54780292510986
500 0.4998487470539432 11.54844474792481
501 0.5008484445480511 11.54850196838379
502 0.501848142042159 11.54874134063721
503 0.5028478395362669 11.5489501953125
504 0.5038475370303748 11.54895305633545
505 0.5048472345244827 11.54962730407715
506 0.5058469320185905 11.5493335723877
507 0.5068466295126984 11.54968929290772
508 0.5078463270068063 11.54990673065186
509 0.5088460245009142 11.55008697509766
510 0.5098457219950221 11.54997825622559
511 0.51084541948913 11.55048751831055
512 0.5118451169832379 11.55068778991699
513 0.5128448144773458 11.55073261260986
514 0.5138445119714536 11.55088520050049
515 0.5148442094655615 11.55120944976807
516 0.5158439069596694 11.55120277404785
517 0.5168436044537773 11.5513916015625
518 0.5178433019478852 11.55167865753174
519 0.5188429994419931 11.5517463684082
520 0.519842696936101 11.55195808410645
521 0.5208423944302089 11.55172348022461
522 0.5218420919243167 11.55194473266602
523 0.5228417894184246 11.5522346496582
524 0.5238414869125325 11.55243301391602
525 0.5248411844066404 11.55234527587891
526 0.5258408819007483 11.55232238769531
527 0.5268405793948562 11.55266666412354
528 0.5278402768889641 11.55297088623047
529 0.528839974383072 11.55284214019775
530 0.5298396718771798 11.55317878723145
531 0.5308393693712877 11.55306053161621
532 0.5318390668653956 11.55330944061279
533 0.5328387643595035 11.55336761474609
534 0.5338384618536114 11.55345058441162
535 0.5348381593477193 11.55360984802246
536 0.5358378568418272 11.55392551422119
537 0.5368375543359351 11.55353832244873
538 0.5378372518300429 11.55457592010498
539 0.5388369493241508 11.55416202545166
540 0.5398366468182587 11.55423164367676
541 0.5408363443123666 11.55429553985596
542 0.5418360418064745 11.55433464050293
543 0.5428357393005824 11.55465412139893
544 0.5438354367946903 11.55481910705566
545 0.5448351342887982 11.55479049682617
546 0.545834831782906 11.55505180358887
547 0.5468345292770139 11.55520248413086
548 0.5478342267711218 11.55528926849365
549 0.5488339242652297 11.55520629882813
550 0.5498336217593376 11.55533123016357
551 0.5508333192534455 11.55556583404541
552 0.5518330167475534 11.55576515197754
553 0.5528327142416613 11.55565071105957
554 0.5538324117357691 11.55567264556885
555 0.554832109229877 11.55607986450195
556 0.5558318067239849 11.55617618560791
557 0.5568315042180928 11.55622482299805
558 0.5578312017122007 11.55643653869629
559 0.5588308992063086 11.55646800994873
560 0.5598305967004165 11.55656242370606
561 0.5608302941945244 11.55667877197266
562 0.5618299916886322 11.55675411224365
563 0.5628296891827401 11.55673122406006
564 0.563829386676848 11.55698585510254
565 0.5648290841709559 11.55705833435059
566 0.5658287816650638 11.55715465545654
567 0.5668284791591717 11.55755996704102
568 0.5678281766532796 11.55717086791992
569 0.5688278741473875 11.55748653411865
570 0.5698275716414953 11.55753135681152
571 0.5708272691356032 11.55754661560059
572 0.5718269666297111 11.55764389038086
573 0.572826664123819 11.55789756774902
574 0.5738263616179269 11.55784130096436
575 0.5748260591120348 11.55808162689209
576 0.5758257566061427 11.55820083618164
577 0.5768254541002506 11.55828475952148
578 0.5778251515943584 11.55840301513672
579 0.5788248490884663 11.55835437774658
580 0.5798245465825742 11.5586051940918
581 0.5808242440766821 11.55871105194092
582 0.58182394157079 11.55878829956055
583 0.5828236390648979 11.55877685546875
584 0.5838233365590058 11.559006690979
585 0.5848230340531136 11.55909442901611
586 0.5858227315472215 11.55910301208496
587 0.5868224290413294 11.55914306640625
588 0.5878221265354373 11.55945491790772
589 0.5888218240295452 11.55943584442139
590 0.5898215215236531 11.55947494506836
591 0.590821219017761 11.55960655212402
592 0.5918209165118689 11.55967712402344
593 0.5928206140059767 11.55976486206055
594 0.5938203115000846 11.55988311767578
595 0.5948200089941925 11.55999374389648
596 0.5958197064883004 11.56008911132813
597 0.5968194039824083 11.56017112731934
598 0.5978191014765162 11.56026458740234
599 0.5988187989706241 11.56048202514648
600 0.599818496464732 11.56048011779785
601 0.6008181939588398 11.56052875518799
602 0.6018178914529477 11.56063747406006
603 0.6028175889470556 11.56072616577148
604 0.6038172864411635 11.56079769134522
605 0.6048169839352714 11.56092166900635
606 0.6058166814293793 11.56106376647949
607 0.6068163789234872 11.56116104125977
608 0.6078160764175951 11.56113910675049
609 0.6088157739117029 11.56136417388916
610 0.6098154714058108 11.56133651733398
611 0.6108151688999187 11.56148433685303
612 0.6118148663940266 11.56166458129883
613 0.6128145638881345 11.56159400939941
614 0.6138142613822424 11.56181621551514
615 0.6148139588763503 11.56201553344727
616 0.6158136563704582 11.56195640563965
617 0.616813353864566 11.56209564208984
618 0.6178130513586739 11.56219673156738
619 0.6188127488527818 11.5622730255127
620 0.6198124463468897 11.56236076354981
621 0.6208121438409976 11.56261539459229
622 0.6218118413351055 11.56261253356934
623 0.6228115388292134 11.56267642974854
624 0.6238112363233213 11.56273460388184
625 0.6248109338174291 11.56287670135498
626 0.625810631311537 11.5629415512085
627 0.6268103288056449 11.56309986114502
628 0.6278100262997528 11.56327629089356
629 0.6288097237938607 11.56326389312744
630 0.6298094212879686 11.56334209442139
631 0.6308091187820765 11.56351089477539
632 0.6318088162761844 11.563551902771
633 0.6328085137702922 11.56366062164307
634 0.6338082112644001 11.56380271911621
635 0.634807908758508 11.56397819519043
636 0.6358076062526159 11.56389141082764
637 0.6368073037467238 11.56393814086914
638 0.6378070012408317 11.56403732299805
639 0.6388066987349396 11.56430435180664
640 0.6398063962290475 11.56442451477051
641 0.6408060937231553 11.56443500518799
642 0.6418057912172632 11.56450939178467
643 0.6428054887113711 11.56459617614746
644 0.643805186205479 11.56471157073975
645 0.6448048836995869 11.56476879119873
646 0.6458045811936948 11.5648889541626
647 0.6468042786878027 11.56498432159424
648 0.6478039761819106 11.56506061553955
649 0.6488036736760184 11.56518840789795
650 0.6498033711701263 11.56524848937988
651 0.6508030686642342 11.56548500061035
652 0.6518027661583421 11.56555652618408
653 0.65280246365245 11.5655632019043
654 0.6538021611465579 11.56577301025391
655 0.6548018586406658 11.56576633453369
656 0.6558015561347736 11.56584358215332
657 0.6568012536288815 11.56594657897949
658 0.6578009511229894 11.56559562683106
659 0.6588006486170973 11.56668472290039
660 0.6598003461112052 11.56628036499023
661 0.6608000436053131 11.56645202636719
662 0.661799741099421 11.56616687774658
663 0.6627994385935289 11.56703472137451
664 0.6637991360876367 11.5666561126709
665 0.6647988335817446 11.56687736511231
666 0.6657985310758525 11.56689357757568
667 0.6667982285699604 11.56702136993408
668 0.6677979260640683 11.56695747375488
669 0.6687976235581762 11.56719398498535
670 0.6697973210522841 11.56729698181152
671 0.670797018546392 11.56741046905518
672 0.6717967160404998 11.567458152771
673 0.6727964135346077 11.56760787963867
674 0.6737961110287156 11.56766605377197
675 0.6747958085228235 11.56774711608887
676 0.6757955060169314 11.56783390045166
677 0.6767952035110393 11.56794166564941
678 0.6777949010051472 11.56801986694336
679 0.6787945984992551 11.56808757781982
680 0.6797942959933629 11.56824016571045
681 0.6807939934874708 11.56831932067871
682 0.6817936909815787 11.56840229034424
683 0.6827933884756866 11.56843757629395
684 0.6837930859697945 11.56906890869141
685 0.6847927834639024 11.56814861297607
686 0.6857924809580103 11.56888198852539
687 0.6867921784521182 11.56972980499268
688 0.687791875946226 11.56819152832031
689 0.6887915734403339 11.5692081451416
690 0.6897912709344418 11.56908130645752
691 0.6907909684285497 11.56916236877441
692 0.6917906659226576 11.5693883895874
693 0.6927903634167655 11.56935787200928
694 0.6937900609108734 11.56955242156982
695 0.6947897584049813 11.56960678100586
696 0.6957894558990891 11.56970405578613
697 0.696789153393197 11.56978511810303
698 0.6977888508873049 11.56990909576416
699 0.6987885483814128 11.5700569152832
700 0.6997882458755207 11.57012176513672
701 0.7007879433696286 11.57012557983398
702 0.7017876408637365 11.57037830352783
703 0.7027873383578444 11.57036304473877
704 0.7037870358519522 11.57046127319336
705 0.7047867333460601 11.57056140899658
706 0.705786430840168 11.57061386108398
707 0.7067861283342759 11.57069396972656
708 0.7077858258283838 11.57091999053955
709 0.7087855233224917 11.57080364227295
710 0.7097852208165996 11.57114315032959
711 0.7107849183107075 11.57106781005859
712 0.7117846158048153 11.571213722229
713 0.7127843132989232 11.57125759124756
714 0.7137840107930311 11.57139587402344
715 0.714783708287139 11.57145500183106
716 0.7157834057812469 11.57157039642334
717 0.7167831032753548 11.57160758972168
718 0.7177828007694627 11.57176208496094
719 0.7187824982635706 11.5718584060669
720 0.7197821957576784 11.5719518661499
721 0.7207818932517863 11.5720100402832
722 0.7217815907458942 11.57214546203613
723 0.7227812882400021 11.57221221923828
724 0.72378098573411 11.5722188949585
725 0.7247806832282179 11.57245349884033
726 0.7257803807223258 11.57252216339111
727 0.7267800782164336 11.57247257232666
728 0.7277797757105415 11.57256889343262
729 0.7287794732046494 11.57266139984131
730 0.7297791706987573 11.5728759765625
731 0.7307788681928652 11.57296562194824
732 0.7317785656869731 11.57298278808594
733 0.732778263181081 11.57317161560059
734 0.7337779606751889 11.57325553894043
735 0.7347776581692967 11.57392692565918
736 0.7357773556634046 11.57294082641602
737 0.7367770531575125 11.57356452941895
738 0.7377767506516204 11.57362079620361
739 0.7387764481457283 11.57365703582764
740 0.7397761456398362 11.57391738891602
741 0.7407758431339441 11.57363414764404
742 0.741775540628052 11.57430648803711
743 0.7427752381221598 11.57419776916504
744 0.7437749356162677 11.57421493530273
745 0.7447746331103756 11.5742359161377
746 0.7457743306044835 11.57435035705566
747 0.7467740280985914 11.57448673248291
748 0.7477737255926993 11.57459831237793
749 0.7487734230868072 11.57474136352539
750 0.7497731205809151 11.57482719421387
751 0.7507728180750229 11.57485771179199
752 0.7517725155691308 11.57500839233398
753 0.7527722130632387 11.57511806488037
754 0.7537719105573466 11.57516384124756
755 0.7547716080514545 11.57605743408203
756 0.7557713055455624 11.57476043701172
757 0.7567710030396703 11.57560729980469
758 0.7577707005337782 11.57541084289551
759 0.758770398027886 11.57564926147461
760 0.7597700955219939 11.57577228546143
761 0.7607697930161018 11.57593727111816
762 0.7617694905102097 11.57600021362305
763 0.7627691880043176 11.5758752822876
764 0.7637688854984255 11.57675075531006
765 0.7647685829925334 11.57606220245361
766 0.7657682804866413 11.57652473449707
767 0.7667679779807491 11.5764217376709
768 0.767767675474857 11.57651901245117
769 0.7687673729689649 11.57675743103027
770 0.7697670704630728 11.5768985748291
771 0.7707667679571807 11.57700634002686
772 0.7717664654512886 11.57710075378418
773 0.7727661629453965 11.5771656036377
774 0.7737658604395044 11.57732200622559
775 0.7747655579336122 11.57743549346924
776 0.7757652554277201 11.57753753662109
777 0.776764952921828 11.57759189605713
778 0.7777646504159359 11.57771682739258
779 0.7787643479100438 11.57784843444824
780 0.7797640454041517 11.57801151275635
781 0.7807637428982596 11.57798480987549
782 0.7817634403923675 11.57820701599121
783 0.7827631378864753 11.57825660705566
784 0.7837628353805832 11.57859802246094
785 0.7847625328746911 11.57830047607422
786 0.785762230368799 11.57863426208496
787 0.7867619278629069 11.57866477966309
788 0.7877616253570148 11.57877635955811
789 0.7887613228511227 11.57901954650879
790 0.7897610203452306 11.57948970794678
791 0.7907607178393384 11.57883358001709
792 0.7917604153334463 11.57932281494141
793 0.7927601128275542 11.57936859130859
794 0.7937598103216621 11.57943248748779
795 0.79475950781577 11.5795955657959
796 0.7957592053098779 11.57976150512695
797 0.7967589028039858 11.57984352111816
798 0.7977586002980937 11.57991218566895
799 0.7987582977922015 11.58004379272461
800 0.7997579952863094 11.58019351959229
801 0.8007576927804173 11.58024120330811
802 0.8017573902745252 11.58034324645996
803 0.8027570877686331 11.58049297332764
804 0.803756785262741 11.58052158355713
805 0.8047564827568489 11.58067417144775
806 0.8057561802509567 11.58079147338867
807 0.8067558777450646 11.58089065551758
808 0.8077555752391725 11.58102130889893
809 0.8087552727332804 11.58112049102783
810 0.8097549702273883 11.58124828338623
811 0.8107546677214962 11.58132553100586
812 0.8117543652156041 11.58147048950195
813 0.812754062709712 11.58161354064941
814 0.8137537602038198 11.58201122283936
815 0.8147534576979277 11.58156585693359
816 0.8157531551920356 11.58188247680664
817 0.8167528526861435 11.58205127716065
818 0.8177525501802514 11.58197498321533
819 0.8187522476743593 11.58212947845459
820 0.8197519451684672 11.58241748809815
821 0.8207516426625751 11.58235263824463
822 0.8217513401566829 11.58259296417236
823 0.8227510376507908 11.58271408081055
824 0.8237507351448987 11.58278465270996
825 0.8247504326390066 11.5828800201416
826 0.8257501301331145 11.58299732208252
827 0.8267498276272224 11.58323669433594
828 0.8277495251213303 11.58328437805176
829 0.8287492226154382 11.58210468292236
830 0.829748920109546 11.58438205718994
831 0.8307486176036539 11.58318996429443
832 0.8317483150977618 11.58380317687988
833 0.8327480125918697 11.5839147567749
834 0.8337477100859776 11.58399105072022
835 0.8347474075800855 11.5839204788208
836 0.8357471050741934 11.58397483825684
837 0.8367468025683013 11.58320236206055
838 0.8377465000624091 11.58522319793701
839 0.838746197556517 11.58431243896484
840 0.8397458950506249 11.58470058441162
841 0.8407455925447328 11.58489322662354
842 0.8417452900388407 11.58488273620606
843 0.8427449875329486 11.58478832244873
844 0.8437446850270565 11.58639049530029
845 0.8447443825211644 11.58421421051025
846 0.8457440800152722 11.58564758300781
847 0.8467437775093801 11.58515739440918
848 0.847743475003488 11.58516883850098
849 0.8487431724975959 11.58543205261231
850 0.8497428699917038 11.58499050140381
851 0.8507425674858117 11.58498382568359
852 0.8517422649799196 11.58684730529785
853 0.8527419624740275 11.58566951751709
854 0.8537416599681353 11.58765697479248
855 0.8547413574622432 11.58429527282715
856 0.8557410549563511 11.58771133422852
857 0.856740752450459 11.58668994903565
858 0.8577404499445669 11.58501720428467
859 0.8587401474386748 11.58953475952148
860 0.8597398449327827 11.58542060852051
861 0.8607395424268906 11.58601379394531
862 0.8617392399209984 11.58941745758057
863 0.8627389374151063 11.58584499359131
864 0.8637386349092142 11.58809471130371
865 0.8647383324033221 11.58647632598877
866 0.86573802989743 11.58890151977539
867 0.8667377273915379 11.58631324768066
868 0.8677374248856458 11.58811283111572
869 0.8687371223797537 11.5877571105957
870 0.8697368198738615 11.58785629272461
871 0.8707365173679694 11.58804130554199
872 0.8717362148620773 11.58706665039063
873 0.8727359123561852 11.58944416046143
874 0.8737356098502931 11.58762168884277
875 0.874735307344401 11.58840274810791
876 0.8757350048385089 11.5899133682251
877 0.8767347023326167 11.58784675598145
878 0.8777343998267246 11.58936977386475
879 0.8787340973208325 11.5888786315918
880 0.8797337948149404 11.58916282653809
881 0.8807334923090483 11.58858871459961
882 0.8817331898031562 11.58859539031982
883 0.8827328872972641 11.59093856811523
884 0.883732584791372 11.58907318115234
885 0.8847322822854798 11.59000778198242
886 0.8857319797795877 11.58947658538818
887 0.8867316772736956 11.5916166305542
888 0.8877313747678035 11.5891284942627
889 0.8887310722619114 11.59092426300049
890 0.8897307697560193 11.58960628509522
891 0.8907304672501272 11.59039783477783
892 0.8917301647442351 11.59040451049805
893 0.8927298622383429 11.59060478210449
894 0.8937295597324508 11.58979320526123
895 0.8947292572265587 11.59165954589844
896 0.8957289547206666 11.59060955047607
897 0.8967286522147745 11.59136486053467
898 0.8977283497088824 11.59251403808594
899 0.8987280472029903 11.59056186676025
900 0.8997277446970982 11.59232711791992
901 0.900727442191206 11.59090328216553
902 0.9017271396853139 11.59167003631592
903 0.9027268371794218 11.59061908721924
904 0.9037265346735297 11.59232807159424
905 0.9047262321676376 11.59194374084473
906 0.9057259296617455 11.59349632263184
907 0.9067256271558534 11.5923376083374
908 0.9077253246499613 11.59232997894287
909 0.9087250221440691 11.59317111968994
910 0.909724719638177 11.59095573425293
911 0.9107244171322849 11.59360218048096
912 0.9117241146263928 11.59197616577148
913 0.9127238121205007 11.59446144104004
914 0.9137235096146086 11.59226608276367
915 0.9147232071087165 11.59367561340332
916 0.9157229046028244 11.59210777282715
917 0.9167226020969322 11.59419250488281
918 0.9177222995910401 11.59327411651611
919 0.918721997085148 11.59536743164063
920 0.9197216945792559 11.59329605102539
921 0.9207213920733638 11.59475135803223
922 0.9217210895674717 11.59255504608154
923 0.9227207870615796 11.59552192687988
924 0.9237204845556875 11.59365940093994
925 0.9247201820497953 11.59580421447754
926 0.9257198795439032 11.59394836425781
927 0.9267195770380111 11.59399509429932
928 0.927719274532119 11.59564018249512
929 0.9287189720262269 11.59449005126953
930 0.9297186695203348 11.59749412536621
931 0.9307183670144427 11.59276103973389
932 0.9317180645085506 11.59642124176025
933 0.9327177620026584 11.59524917602539
934 0.9337174594967663 11.59527111053467
935 0.9347171569908742 11.59507369995117
936 0.9357168544849821 11.59713268280029
937 0.93671655197909 11.59545135498047
938 0.9377162494731979 11.59640979766846
939 0.9387159469673058 11.59618282318115
940 0.9397156444614137 11.59634780883789
941 0.9407153419555215 11.59719753265381
942 0.9417150394496294 11.59572601318359
943 0.9427147369437373 11.5967903137207
944 0.9437144344378452 11.59743499755859
945 0.9447141319319531 11.59750556945801
946 0.945713829426061 11.59735679626465
947 0.9467135269201689 11.59630298614502
948 0.9477132244142767 11.59810161590576
949 0.9487129219083846 11.59665393829346
950 0.9497126194024925 11.59776115417481
951 0.9507123168966004 11.59797859191895
952 0.9517120143907083 11.5981035232544
953 0.9527117118848162 11.5977373123169
954 0.9537114093789241 11.59861564636231
955 0.954711106873032 11.59853935241699
956 0.9557108043671398 11.59819984436035
957 0.9567105018612477 11.5987138748169
958 0.9577101993553556 11.59907817840576
959 0.9587098968494635 11.59878063201904
960 0.9597095943435714 11.59896850585938
961 0.9607092918376793 11.59807777404785
962 0.9617089893317872 11.60033226013184
963 0.9627086868258951 11.59847068786621
964 0.9637083843200029 11.60070991516113
965 0.9647080818141108 11.59893035888672
966 0.9657077793082187 11.60107517242432
967 0.9667074768023266 11.5994291305542
968 0.9677071742964345 11.59944915771484
969 0.9687068717905424 11.60057830810547
970 0.9697065692846503 11.60007286071777
971 0.9707062667787582 11.59948348999023
972 0.971705964272866 11.60122013092041
973 0.9727056617669739 11.60118770599365
974 0.9737053592610818 11.60052490234375
975 0.9747050567551897 11.60358142852783
976 0.9757047542492976 11.60132789611816
977 0.9767044517434055 11.60111808776856
978 0.9777041492375134 11.60110473632813
979 0.9787038467316213 11.59903526306152
980 0.9797035442257291 11.60138702392578
981 0.980703241719837 11.60175895690918
982 0.9817029392139449 11.60128974914551
983 0.9827026367080528 11.60385417938232
984 0.9837023342021607 11.60074615478516
985 0.9847020316962686 11.60450458526611
986 0.9857017291903765 11.60130786895752
987 0.9867014266844844 11.60511779785156
988 0.9877011241785922 11.60166645050049
989 0.9887008216727001 11.60280418395996
990 0.989700519166808 11.60198879241943
991 0.9907002166609159 11.60163116455078
992 0.9916999141550238 11.60271072387695
993 0.9926996116491317 11.60826873779297
994 0.9936993091432396 11.60226249694824
995 0.9946990066373475 11.60445880889893
996 0.9956987041314553 11.60062694549561
997 0.9966984016255632 11.60738372802734
998 0.9976980991196711 11.60351276397705
999 0.998697796613779 11.60372638702393
1000 0.9996974941078869 11.6047248840332
1001 1.000697191601995 11.60498523712158
1002 1.001696889096102 11.60790824890137
1003 1.00269658659021 11.60396671295166
1004 1.003696284084318 11.60189628601074
1005 1.004695981578426 11.60689163208008
1006 1.005695679072534 11.60482406616211
1007 1.006695376566641 11.61267471313477
1008 1.007695074060749 11.60091018676758
1009 1.008694771554857 11.60546398162842
1010 1.009694469048965 11.60539245605469
1011 1.010694166543072 11.60960292816162
1012 1.01169386403718 11.60502052307129
1013 1.012693561531288 11.60626888275147
1014 1.013693259025396 11.60369300842285
1015 1.014692956519504 11.60837650299072
1016 1.015692654013611 11.60623645782471
1017 1.016692351507719 11.61250019073486
1018 1.017692049001827 11.60266590118408
1019 1.018691746495935 11.6069278717041
1020 1.019691443990042 11.60405254364014
1021 1.02069114148415 11.60373687744141
1022 1.021690838978258 11.61217403411865
1023 1.022690536472366 11.60540676116943
1024 1.023690233966474 11.61968326568604
1025 1.024689931460581 11.60067939758301
1026 1.025689628954689 11.6137580871582
1027 1.026689326448797 11.60814094543457
1028 1.027689023942905 11.61264801025391
1029 1.028688721437012 11.60382652282715
1030 1.02968841893112 11.61400985717773
1031 1.030688116425228 11.60059547424316
1032 1.031687813919336 11.61270046234131
1033 1.032687511413444 11.60066795349121
1034 1.033687208907551 11.60997200012207
1035 1.034686906401659 11.61295509338379
1036 1.035686603895767 11.60641479492188
1037 1.036686301389875 11.62049293518066
1038 1.037685998883982 11.59728717803955
1039 1.03868569637809 11.61465358734131
1040 1.039685393872198 11.60477828979492
1041 1.040685091366306 11.60184669494629
1042 1.041684788860414 11.60852527618408
1043 1.042684486354521 11.61971950531006
1044 1.043684183848629 11.61011028289795
1045 1.044683881342737 11.61692523956299
1046 1.045683578836845 11.60647487640381
1047 1.046683276330952 11.60713768005371
1048 1.04768297382506 11.61282539367676
1049 1.048682671319168 11.61034202575684
1050 1.049682368813276 11.61348628997803
1051 1.050682066307384 11.61969375610352
1052 1.051681763801491 11.61048889160156
1053 1.052681461295599 11.62192344665527
1054 1.053681158789707 11.60704803466797
1055 1.054680856283815 11.61006450653076
1056 1.055680553777922 11.61252403259277
1057 1.05668025127203 11.60215759277344
1058 1.057679948766138 11.61344909667969
1059 1.058679646260246 11.61275577545166
1060 1.059679343754354 11.61875438690186
1061 1.060679041248461 11.62117767333984
1062 1.061678738742569 11.60301303863525
1063 1.062678436236677 11.61539745330811
1064 1.063678133730785 11.60920143127441
1065 1.064677831224892 11.61347770690918
1066 1.065677528719 11.61463356018066
1067 1.066677226213108 11.60667514801025
1068 1.067676923707216 11.60450077056885
1069 1.068676621201324 11.62186717987061
1070 1.069676318695431 11.60904121398926
1071 1.070676016189539 11.61128997802734
1072 1.071675713683647 11.61259841918945
1073 1.072675411177755 11.61809730529785
1074 1.073675108671862 11.60796546936035
1075 1.07467480616597 11.60962104797363
1076 1.075674503660078 11.63432216644287
1077 1.076674201154186 11.60798168182373
1078 1.077673898648293 11.62542533874512
1079 1.078673596142401 11.63942241668701
1080 1.079673293636509 11.59517478942871
1081 1.080672991130617 11.62774276733398
1082 1.081672688624725 11.6175594329834
1083 1.082672386118832 11.59963798522949
1084 1.08367208361294 11.63137435913086
1085 1.084671781107048 11.61136150360107
1086 1.085671478601156 11.61519527435303
1087 1.086671176095263 11.61319446563721
1088 1.087670873589371 11.61765861511231
1089 1.088670571083479 11.62013912200928
1090 1.089670268577587 11.63104629516602
1091 1.090669966071695 11.62057113647461
1092 1.091669663565802 11.61222648620606
1093 1.09266936105991 11.63386344909668
1094 1.093669058554018 11.59549999237061
1095 1.094668756048126 11.63193416595459
1096 1.095668453542233 11.60523509979248
1097 1.096668151036341 11.61916255950928
1098 1.097667848530449 11.6285457611084
1099 1.098667546024557 11.62802600860596
1100 1.099667243518665 11.60644912719727
1101 1.100666941012772 11.63161182403565
1102 1.10166663850688 11.63227653503418
1103 1.102666336000988 11.62203693389893
1104 1.103666033495096 11.60821723937988
1105 1.104665730989203 11.60894584655762
1106 1.105665428483311 11.62195014953613
1107 1.106665125977419 11.62313652038574
1108 1.107664823471527 11.60165214538574
1109 1.108664520965635 11.64847660064697
1110 1.109664218459742 11.61181163787842
1111 1.11066391595385 11.64455318450928
1112 1.111663613447958 11.60478210449219
1113 1.112663310942066 11.62514877319336
1114 1.113663008436173 11.62574768066406
1115 1.114662705930281 11.62829303741455
1116 1.115662403424389 11.65517902374268
1117 1.116662100918497 11.59800624847412
1118 1.117661798412605 11.62331867218018
1119 1.118661495906712 11.62486839294434
1120 1.11966119340082 11.60806369781494
1121 1.120660890894928 11.64430713653565
1122 1.121660588389036 11.61206912994385
1123 1.122660285883143 11.64469337463379
1124 1.123659983377251 11.60313701629639
1125 1.124659680871359 11.63637924194336
1126 1.125659378365467 11.62290096282959
1127 1.126659075859575 11.61123180389404
1128 1.127658773353682 11.64585304260254
1129 1.12865847084779 11.61317729949951
1130 1.129658168341898 11.59595394134522
1131 1.130657865836006 11.67287063598633
1132 1.131657563330113 11.59969806671143
1133 1.132657260824221 11.66483116149902
1134 1.133656958318329 11.60645484924316
1135 1.134656655812437 11.61926364898682
1136 1.135656353306545 11.60408115386963
1137 1.136656050800652 11.62879657745361
1138 1.13765574829476 11.65593814849854
1139 1.138655445788868 11.6598014831543
1140 1.139655143282976 11.61325359344482
1141 1.140654840777083 11.65687942504883
1142 1.141654538271191 11.61945724487305
1143 1.142654235765299 11.6280460357666
1144 1.143653933259407 11.60346603393555
1145 1.144653630753515 11.66762733459473
1146 1.145653328247622 11.59902667999268
1147 1.14665302574173 11.66099834442139
1148 1.147652723235838 11.6101245880127
1149 1.148652420729946 11.62876796722412
1150 1.149652118224053 11.6473503112793
1151 1.150651815718161 11.61324501037598
1152 1.151651513212269 11.63540458679199
1153 1.152651210706377 11.63106727600098
1154 1.153650908200484 11.6428689956665
1155 1.154650605694592 11.62282657623291
1156 1.1556503031887 11.62210464477539
1157 1.156650000682808 11.63688850402832
1158 1.157649698176916 11.65248107910156
1159 1.158649395671023 11.58964920043945
1160 1.159649093165131 11.68102264404297
1161 1.160648790659239 11.5908145904541
1162 1.161648488153347 11.63584518432617
1163 1.162648185647454 11.65574264526367
1164 1.163647883141562 11.64692306518555
1165 1.16464758063567 11.62038040161133
1166 1.165647278129778 11.6491003036499
1167 1.166646975623886 11.63707637786865
1168 1.167646673117993 11.6447811126709
1169 1.168646370612101 11.65349864959717
1170 1.169646068106209 11.62590503692627
1171 1.170645765600317 11.64581680297852
1172 1.171645463094424 11.60821914672852
1173 1.172645160588532 11.67555999755859
1174 1.17364485808264 11.61464977264404
1175 1.174644555576748 11.67261505126953
1176 1.175644253070856 11.59795761108398
1177 1.176643950564963 11.66757202148438
1178 1.177643648059071 11.63344192504883
1179 1.178643345553179 11.61860275268555
1180 1.179643043047287 11.64751243591309
1181 1.180642740541394 11.64038181304932
1182 1.181642438035502 11.62133979797363
1183 1.18264213552961 11.64376544952393
1184 1.183641833023718 11.66302394866943
1185 1.184641530517826 11.64256095886231
1186 1.185641228011933 11.64199161529541
1187 1.186640925506041 11.64079856872559
1188 1.187640623000149 11.65380191802979
1189 1.188640320494257 11.65480518341065
1190 1.189640017988364 11.65344524383545
1191 1.190639715482472 11.59556388854981
1192 1.19163941297658 11.66661357879639
1193 1.192639110470688 11.656174659729
1194 1.193638807964796 11.59009647369385
1195 1.194638505458903 11.71520614624023
1196 1.195638202953011 11.63378715515137
1197 1.196637900447119 11.62826156616211
1198 1.197637597941227 11.68722534179688
1199 1.198637295435334 11.64057350158691
1200 1.199636992929442 11.6808385848999
1201 1.20063669042355 11.67185401916504
1202 1.201636387917658 11.63932418823242
1203 1.202636085411766 11.6418628692627
1204 1.203635782905873 11.65109157562256
1205 1.204635480399981 11.61370849609375
1206 1.205635177894089 11.65650177001953
1207 1.206634875388197 11.6626091003418
1208 1.207634572882304 11.67558574676514
1209 1.208634270376412 11.67578315734863
1210 1.20963396787052 11.65555572509766
1211 1.210633665364628 11.66010093688965
1212 1.211633362858736 11.69748497009277
1213 1.212633060352843 11.59493637084961
1214 1.213632757846951 11.69358921051025
1215 1.214632455341059 11.64312934875488
1216 1.215632152835167 11.64951896667481
1217 1.216631850329274 11.72148036956787
1218 1.217631547823382 11.65511703491211
1219 1.21863124531749 11.65667057037354
1220 1.219630942811598 11.68425941467285
1221 1.220630640305705 11.66185474395752
1222 1.221630337799813 11.66254425048828
1223 1.222630035293921 11.65583896636963
1224 1.223629732788029 11.71221733093262
1225 1.224629430282137 11.69234561920166
1226 1.225629127776244 11.63072967529297
1227 1.226628825270352 11.66787528991699
1228 1.22762852276446 11.71154880523682
1229 1.228628220258568 11.67815208435059
1230 1.229627917752675 11.69909858703613
1231 1.230627615246783 11.64808464050293
1232 1.231627312740891 11.69341468811035
1233 1.232627010234999 11.67112350463867
1234 1.233626707729107 11.71949005126953
1235 1.234626405223214 11.63074207305908
1236 1.235626102717322 11.70601940155029
1237 1.23662580021143 11.66689014434815
1238 1.237625497705538 11.69565773010254
1239 1.238625195199645 11.70559310913086
1240 1.239624892693753 11.6604585647583
1241 1.240624590187861 11.71539878845215
1242 1.241624287681969 11.65846061706543
1243 1.242623985176077 11.69543933868408
1244 1.243623682670184 11.73812580108643
1245 1.244623380164292 11.6943416595459
1246 1.2456230776584 11.75099945068359
1247 1.246622775152508 11.64616012573242
1248 1.247622472646615 11.66661071777344
1249 1.248622170140723 11.75544929504395
1250 1.249621867634831 11.64699745178223
1251 1.250621565128939 11.71134662628174
1252 1.251621262623047 11.68973636627197
1253 1.252620960117154 11.66086864471436
1254 1.253620657611262 11.67876529693604
1255 1.25462035510537 11.77218532562256
1256 1.255620052599478 11.67731857299805
1257 1.256619750093585 11.6944169998169
1258 1.257619447587693 11.74310302734375
1259 1.258619145081801 11.65710639953613
1260 1.259618842575909 11.76745414733887
1261 1.260618540070017 11.72529220581055
1262 1.261618237564124 11.64146232604981
1263 1.262617935058232 11.76608943939209
1264 1.26361763255234 11.67409515380859
1265 1.264617330046448 11.6994686126709
1266 1.265617027540555 11.7303466796875
1267 1.266616725034663 11.75837326049805
1268 1.267616422528771 11.67296409606934
1269 1.268616120022879 11.6689567565918
1270 1.269615817516987 11.78907108306885
1271 1.270615515011094 11.71237373352051
1272 1.271615212505202 11.72520065307617
1273 1.27261490999931 11.70286083221436
1274 1.273614607493418 11.70272445678711
1275 1.274614304987525 11.71926116943359
1276 1.275614002481633 11.68537712097168
1277 1.276613699975741 11.75497245788574
1278 1.277613397469849 11.77513599395752
1279 1.278613094963957 11.68117427825928
1280 1.279612792458064 11.68251323699951
1281 1.280612489952172 11.79820346832275
1282 1.28161218744628 11.73030948638916
1283 1.282611884940388 11.65723609924316
1284 1.283611582434495 11.8020133972168
1285 1.284611279928603 11.70588779449463
1286 1.285610977422711 11.7528657913208
1287 1.286610674916819 11.71226119995117
1288 1.287610372410927 11.76037406921387
1289 1.288610069905034 11.6315975189209
1290 1.289609767399142 11.81041431427002
1291 1.29060946489325 11.73962879180908
1292 1.291609162387358 11.69892978668213
1293 1.292608859881465 11.70778274536133
1294 1.293608557375573 11.82689952850342
1295 1.294608254869681 11.71839809417725
1296 1.295607952363789 11.70486068725586
1297 1.296607649857896 11.78642463684082
1298 1.297607347352004 11.76067733764648
1299 1.298607044846112 11.69352149963379
1300 1.29960674234022 11.75167369842529
1301 1.300606439834328 11.7131519317627
1302 1.301606137328435 11.86740684509277
1303 1.302605834822543 11.61712455749512
1304 1.303605532316651 11.82860565185547
1305 1.304605229810759 11.78353214263916
1306 1.305604927304866 11.7143669128418
1307 1.306604624798974 11.69991302490234
1308 1.307604322293082 11.78364753723145
1309 1.30860401978719 11.76663780212402
1310 1.309603717281298 11.71551036834717
1311 1.310603414775405 11.82076930999756
1312 1.311603112269513 11.68903732299805
1313 1.312602809763621 11.8409948348999
1314 1.313602507257729 11.79593753814697
1315 1.314602204751836 11.7266788482666
1316 1.315601902245944 11.81313514709473
1317 1.316601599740052 11.72650909423828
1318 1.31760129723416 11.73730850219727
1319 1.318600994728268 11.82586097717285
1320 1.319600692222375 11.68993663787842
1321 1.320600389716483 11.81949901580811
1322 1.321600087210591 11.75284290313721
1323 1.322599784704699 11.75354862213135
1324 1.323599482198806 11.80879020690918
1325 1.324599179692914 11.72392845153809
1326 1.325598877187022 11.81162643432617
1327 1.32659857468113 11.817138671875
1328 1.327598272175238 11.78033351898193
1329 1.328597969669345 11.8073616027832
1330 1.329597667163453 11.75514888763428
1331 1.330597364657561 11.76417446136475
1332 1.331597062151669 11.80846405029297
1333 1.332596759645776 11.76123428344727
1334 1.333596457139884 11.79159545898438
1335 1.334596154633992 11.73952007293701
1336 1.3355958521281 11.86092662811279
1337 1.336595549622208 11.69991683959961
1338 1.337595247116315 11.77726173400879
1339 1.338594944610423 11.92302703857422
1340 1.339594642104531 11.71693706512451
1341 1.340594339598639 11.77955150604248
1342 1.341594037092746 11.80033302307129
1343 1.342593734586854 11.80222988128662
1344 1.343593432080962 11.74782562255859
1345 1.34459312957507 11.81049251556397
1346 1.345592827069178 11.91050052642822
1347 1.346592524563285 11.76584434509277
1348 1.347592222057393 11.79674053192139
1349 1.348591919551501 11.78836441040039
1350 1.349591617045609 11.76262378692627
1351 1.350591314539716 11.82971954345703
1352 1.351591012033824 11.70488357543945
1353 1.352590709527932 11.90140342712402
1354 1.35359040702204 11.81386756896973
1355 1.354590104516148 11.82835292816162
1356 1.355589802010255 11.87344074249268
1357 1.356589499504363 11.80813407897949
1358 1.357589196998471 11.81093692779541
1359 1.358588894492579 11.81159210205078
1360 1.359588591986686 11.7112398147583
1361 1.360588289480794 11.87327671051025
1362 1.361587986974902 11.77900314331055
1363 1.36258768446901 11.77633094787598
1364 1.363587381963118 11.91127395629883
1365 1.364587079457225 11.85396575927734
1366 1.365586776951333 11.82975387573242
1367 1.366586474445441 11.87964057922363
1368 1.367586171939549 11.75775241851807
1369 1.368585869433656 11.75582027435303
1370 1.369585566927764 11.95261573791504
1371 1.370585264421872 11.7611665725708
1372 1.37158496191598 11.88087844848633
1373 1.372584659410087 11.76608180999756
1374 1.373584356904195 11.81195449829102
1375 1.374584054398303 11.8528003692627
1376 1.375583751892411 11.82219982147217
1377 1.376583449386519 11.83408260345459
1378 1.377583146880626 11.93745613098145
1379 1.378582844374734 11.70467185974121
1380 1.379582541868842 11.872878074646
1381 1.38058223936295 11.80572128295898
1382 1.381581936857057 11.94094085693359
1383 1.382581634351165 11.86517524719238
1384 1.383581331845273 11.79245567321777
1385 1.384581029339381 11.77095127105713
1386 1.385580726833489 11.90725135803223
1387 1.386580424327596 11.79197883605957
1388 1.387580121821704 11.79666709899902
1389 1.388579819315812 11.90093803405762
1390 1.38957951680992 11.9040641784668
1391 1.390579214304027 11.79240608215332
1392 1.391578911798135 11.99715900421143
1393 1.392578609292243 11.72928524017334
1394 1.393578306786351 11.91246795654297
1395 1.394578004280459 11.90993690490723
1396 1.395577701774566 11.83391380310059
1397 1.396577399268674 11.7376594543457
1398 1.397577096762782 11.89814567565918
1399 1.39857679425689 11.85692691802979
1400 1.399576491750997 11.96412372589111
1401 1.400576189245105 11.75365257263184
1402 1.401575886739213 11.94944381713867
1403 1.402575584233321 11.82024478912354
1404 1.403575281727429 11.90536975860596
1405 1.404574979221536 11.91015148162842
1406 1.405574676715644 11.73269367218018
1407 1.406574374209752 12.05722999572754
1408 1.40757407170386 11.78143215179443
1409 1.408573769197967 11.83953475952148
1410 1.409573466692075 11.76500415802002
1411 1.410573164186183 11.87170028686523
1412 1.411572861680291 11.98998832702637
1413 1.412572559174399 11.80613517761231
1414 1.413572256668506 11.91524124145508
1415 1.414571954162614 11.87525749206543
1416 1.415571651656722 11.92045497894287
1417 1.41657134915083 11.75911045074463
1418 1.417571046644937 11.90378570556641
1419 1.418570744139045 11.88521003723145
1420 1.419570441633153 11.825119972229
1421 1.420570139127261 11.90668773651123
1422 1.421569836621369 11.98470306396484
1423 1.422569534115476 11.8330192565918
1424 1.423569231609584 11.84022617340088
1425 1.424568929103692 12.0438289642334
1426 1.4255686265978 11.82008457183838
1427 1.426568324091907 11.79530715942383
1428 1.427568021586015 12.0816822052002
1429 1.428567719080123 11.7152214050293
1430 1.429567416574231 11.88809776306152
1431 1.430567114068339 11.97135925292969
1432 1.431566811562446 11.93771362304688
1433 1.432566509056554 11.73020076751709
1434 1.433566206550662 12.05233478546143
1435 1.43456590404477 11.72318649291992
1436 1.435565601538877 12.07394504547119
1437 1.436565299032985 11.92135334014893
1438 1.437564996527093 11.92390060424805
1439 1.438564694021201 11.90021705627441
1440 1.439564391515309 11.86528968811035
1441 1.440564089009416 11.69871139526367
1442 1.441563786503524 12.03979015350342
1443 1.442563483997632 11.96699142456055
1444 1.44356318149174 11.94444942474365
1445 1.444562878985847 11.80350685119629
1446 1.445562576479955 11.90145683288574
1447 1.446562273974063 11.87276649475098
1448 1.447561971468171 11.79026222229004
1449 1.448561668962278 12.1054801940918
1450 1.449561366456386 11.81247234344482
1451 1.450561063950494 11.83794212341309
1452 1.451560761444602 12.14455223083496
1453 1.45256045893871 11.83548450469971
1454 1.453560156432817 11.93984889984131
1455 1.454559853926925 11.77110290527344
1456 1.455559551421033 12.03105735778809
1457 1.456559248915141 11.82065773010254
1458 1.457558946409248 12.05913066864014
1459 1.458558643903356 11.75529766082764
1460 1.459558341397464 12.08480072021484
1461 1.460558038891572 12.07566642761231
1462 1.46155773638568 11.66438865661621
1463 1.462557433879787 12.09517574310303
1464 1.463557131373895 11.75813484191895
1465 1.464556828868003 12.00262928009033
1466 1.465556526362111 11.94500637054443
1467 1.466556223856218 12.11996364593506
1468 1.467555921350326 11.91501903533936
1469 1.468555618844434 11.8530158996582
1470 1.469555316338542 11.77685737609863
1471 1.47055501383265 12.00144958496094
1472 1.471554711326757 11.88293266296387
1473 1.472554408820865 11.9812536239624
1474 1.473554106314973 12.11632919311523
1475 1.474553803809081 11.62112522125244
1476 1.475553501303188 12.01741981506348
1477 1.476553198797296 11.75646686553955
1478 1.477552896291404 12.1588191986084
1479 1.478552593785512 11.64345359802246
1480 1.47955229127962 12.3589973449707
1481 1.480551988773727 11.79947280883789
1482 1.481551686267835 11.89586448669434
1483 1.482551383761943 11.89434146881104
1484 1.483551081256051 12.10083675384522
1485 1.484550778750158 11.84296035766602
1486 1.485550476244266 12.11385154724121
1487 1.486550173738374 11.82967662811279
1488 1.487549871232482 11.93833923339844
1489 1.48854956872659 11.91807079315186
1490 1.489549266220697 12.17284393310547
1491 1.490548963714805 11.9716854095459
1492 1.491548661208913 11.77004718780518
1493 1.492548358703021 11.95190715789795
1494 1.493548056197128 12.2283992767334
1495 1.494547753691236 11.7016773223877
1496 1.495547451185344 12.29971981048584
1497 1.496547148679452 11.58045864105225
1498 1.49754684617356 12.0718879699707
1499 1.498546543667667 12.05989837646484
1500 1.499546241161775 11.91583442687988
1501 1.500545938655883 11.92003917694092
1502 1.501545636149991 11.81440734863281
1503 1.502545333644098 12.05278205871582
1504 1.503545031138206 11.84358215332031
1505 1.504544728632314 12.00193023681641
1506 1.505544426126422 11.79396533966065
1507 1.50654412362053 12.12865734100342
1508 1.507543821114637 11.88557720184326
1509 1.508543518608745 12.12301540374756
