"velocity-inlet-rset"
"Time Step" "flow-time etc.."
("Time Step" "flow-time" "velocity-inlet")
1 0.0009996974941078813 0.001089202393613808
2 0.001999394988215763 0.002178404787227616
3 0.002999092482323644 0.003267607180841413
4 0.003998789976431525 0.004356809574455232
5 0.004998487470539406 0.005446011968069043
6 0.005998184964647288 0.006535214361682826
7 0.006997882458755169 0.00762441675529665
8 0.00799757995286305 0.008713619148910464
9 0.008997277446970931 0.009802821542524258
10 0.009996974941078811 0.01089202393613809
11 0.01099667243518669 0.01198122632975185
12 0.01199636992929457 0.01307042872336565
13 0.01299606742340245 0.01415963111697952
14 0.01399576491751033 0.0152488335105933
15 0.01499546241161821 0.0163380359042071
16 0.01599515990572609 0.01742723829782093
17 0.01699485739983397 0.01851644069143473
18 0.01799455489394185 0.01960564308504852
19 0.01899425238804973 0.02069484547866237
20 0.01999394988215762 0.02178404787227617
21 0.0209936473762655 0.02287325026588991
22 0.02199334487037338 0.02396245265950369
23 0.02299304236448126 0.02505165505311746
24 0.02399273985858914 0.02614085744673131
25 0.02499243735269702 0.02723005984034509
26 0.0259921348468049 0.02831926223395882
27 0.02699183234091278 0.02940846462757288
28 0.02799152983502066 0.03049766702118659
29 0.02899122732912854 0.03158686941480046
30 0.02999092482323642 0.03267607180841418
31 0.0309906223173443 0.03376527420202802
32 0.03199031981145218 0.03485447659564186
33 0.03299001730556006 0.03594367898925554
34 0.03398971479966794 0.03703288138286946
35 0.03498941229377582 0.03812208377648313
36 0.0359891097878837 0.03921128617009703
37 0.03698880728199158 0.04030048856371081
38 0.03798850477609946 0.04138969095732474
39 0.03898820227020734 0.04247889335093835
40 0.03998789976431522 0.04356809574455234
41 0.0409875972584231 0.04465729813816589
42 0.04198729475253098 0.04574650053177982
43 0.04298699224663886 0.04683570292539383
44 0.04398668974074674 0.04792490531900737
45 0.04498638723485463 0.04901410771262141
46 0.04598608472896251 0.05010331010623492
47 0.04698578222307039 0.05119251249984892
48 0.04798547971717827 0.05228171489346261
49 0.04898517721128615 0.05337091728707667
50 0.04998487470539403 0.05446011968069017
51 0.05098457219950191 0.05554932207430416
52 0.05198426969360979 0.05663852446791764
53 0.05298396718771767 0.05772772686153169
54 0.05398366468182555 0.05881692925514576
55 0.05498336217593343 0.05990613164875922
56 0.05598305967004131 0.06099533404237319
57 0.05698275716414919 0.06208453643598687
58 0.05798245465825707 0.06317373882960092
59 0.05898215215236495 0.06426294122321445
60 0.05998184964647283 0.06535214361682837
61 0.06098154714058071 0.06644134601044213
62 0.06198124463468859 0.06753054840405603
63 0.06298094212879647 0.0686197507976698
64 0.06398063962290436 0.06970895319128372
65 0.06498033711701225 0.0707981555848976
66 0.06598003461112013 0.07188735797851108
67 0.06697973210522802 0.07297656037212492
68 0.06797942959933591 0.07406576276573892
69 0.0689791270934438 0.07515496515935283
70 0.06997882458755168 0.0762441675529663
71 0.07097852208165957 0.07733336994658012
72 0.07197821957576746 0.07842257234019406
73 0.07297791706987535 0.07951177473380783
74 0.07397761456398323 0.08060097712742163
75 0.07497731205809112 0.0816901795210357
76 0.07597700955219901 0.08277938191464952
77 0.07697670704630689 0.08386858430826298
78 0.07797640454041478 0.0849577867018768
79 0.07897610203452267 0.08604698909549093
80 0.07997579952863056 0.08713619148910472
81 0.08097549702273844 0.0882253938827182
82 0.08197519451684633 0.08931459627633269
83 0.08297489201095422 0.09040379866994625
84 0.08397458950506211 0.09149300106355965
85 0.08497428699916999 0.09258220345717343
86 0.08597398449327788 0.0936714058507877
87 0.08697368198738577 0.0947606082444015
88 0.08797337948149366 0.09584981063801486
89 0.08897307697560154 0.09693901303162862
90 0.08997277446970943 0.09802821542524286
91 0.09097247196381732 0.09911741781885664
92 0.0919721694579252 0.1002066202124703
93 0.09297186695203309 0.1012958226060845
94 0.09397156444614098 0.1023850249996981
95 0.09497126194024887 0.1034742273933115
96 0.09597095943435675 0.1045634297869253
97 0.09697065692846464 0.1056526321805397
98 0.09797035442257253 0.1067418345741534
99 0.09897005191668042 0.1078310369677667
100 0.0999697494107883 0.1089202393613804
101 0.1009694469048962 0.1100094417549951
102 0.1019691443990041 0.1110986441486085
103 0.102968841893112 0.1121878465422221
104 0.1039685393872199 0.1132770489358365
105 0.1049682368813277 0.1143662513294501
106 0.1059679343754356 0.1154554537230636
107 0.1069676318695435 0.1165446561166773
108 0.1079673293636514 0.1176338585102917
109 0.1089670268577593 0.1187230609039053
110 0.1099667243518672 0.1198122632975187
111 0.1109664218459751 0.1209014656911332
112 0.111966119340083 0.1219906680847467
113 0.1129658168341908 0.1230798704783605
114 0.1139655143282987 0.1241690728719741
115 0.1149652118224066 0.1252582752655884
116 0.1159649093165145 0.126347477659202
117 0.1169646068106224 0.1274366800528153
118 0.1179643043047303 0.1285258824464291
119 0.1189640017988382 0.1296150848400433
120 0.1199636992929461 0.1307042872336575
121 0.1209633967870539 0.1317934896272709
122 0.1219630942811618 0.1328826920208852
123 0.1229627917752697 0.1339718944144987
124 0.1239624892693776 0.1350610968081123
125 0.1249621867634855 0.1361502992017258
126 0.1259618842575934 0.13723950159534
127 0.1269615817517013 0.1383287039889535
128 0.1279612792458091 0.1394179063825676
129 0.128960976739917 0.1405071087761822
130 0.1299606742340249 0.1415963111697956
131 0.1309603717281328 0.1426855135634091
132 0.1319600692222407 0.1437747159570225
133 0.1329597667163486 0.1448639183506368
134 0.1339594642104565 0.1459531207442502
135 0.1349591617045644 0.1470423231378646
136 0.1359588591986722 0.1481315255314781
137 0.1369585566927801 0.1492207279250921
138 0.137958254186888 0.1503099303187058
139 0.1389579516809959 0.1513991327123193
140 0.1399576491751038 0.1524883351059335
141 0.1409573466692117 0.153577537499547
142 0.1419570441633196 0.1546667398931614
143 0.1429567416574274 0.1557559422867749
144 0.1439564391515353 0.1568451446803892
145 0.1449561366456432 0.1579343470740025
146 0.1459558341397511 0.159023549467616
147 0.146955531633859 0.1601127518612295
148 0.1479552291279669 0.1612019542548436
149 0.1489549266220748 0.1622911566484583
150 0.1499546241161827 0.1633803590420718
151 0.1509543216102905 0.1644695614356861
152 0.1519540191043984 0.1655587638292994
153 0.1529537165985063 0.1666479662229129
154 0.1539534140926142 0.1677371686165262
155 0.1549531115867221 0.1688263710101405
156 0.15595280908083 0.1699155734037537
157 0.1569525065749379 0.1710047757973683
158 0.1579522040690458 0.1720939781909827
159 0.1589519015631536 0.1731831805845961
160 0.1599515990572615 0.1742723829782096
161 0.1609512965513694 0.175361585371823
162 0.1619509940454773 0.1764507877654372
163 0.1629506915395852 0.1775399901590506
164 0.1639503890336931 0.1786291925526655
165 0.164950086527801 0.1797183949462789
166 0.1659497840219089 0.1808075973398929
167 0.1669494815160167 0.1818967997335063
168 0.1679491790101246 0.1829860021271197
169 0.1689488765042325 0.1840752045207338
170 0.1699485739983404 0.1851644069143472
171 0.1709482714924483 0.1862536093079623
172 0.1719479689865562 0.1873428117015757
173 0.1729476664806641 0.1884320140951898
174 0.173947363974772 0.1895212164888032
175 0.1749470614688798 0.1906104188824167
176 0.1759467589629877 0.1916996212760301
177 0.1769464564570956 0.1927888236696438
178 0.1779461539512035 0.1938780260632591
179 0.1789458514453114 0.1949672284568724
180 0.1799455489394193 0.1960564308504865
181 0.1809452464335272 0.1971456332440998
182 0.1819449439276351 0.1982348356377134
183 0.1829446414217429 0.1993240380313268
184 0.1839443389158508 0.2004132404249409
185 0.1849440364099587 0.2015024428185542
186 0.1859437339040666 0.2025916452121693
187 0.1869434313981745 0.2036808476057835
188 0.1879431288922824 0.2047700499993965
189 0.1889428263863903 0.2058592523930101
190 0.1899425238804982 0.2069484547866235
191 0.190942221374606 0.2080376571802374
192 0.1919419188687139 0.2091268595738508
193 0.1929416163628218 0.2102160619674662
194 0.1939413138569297 0.2113052643610796
195 0.1949410113510376 0.2123944667546938
196 0.1959407088451455 0.213483669148307
197 0.1969404063392534 0.2145728715419203
198 0.1979401038333613 0.2156620739355344
199 0.1989398013274691 0.2167512763291475
200 0.199939498821577 0.217840478722763
201 0.2009391963156849 0.2189296811163762
202 0.2019388938097928 0.2200188835099903
203 0.2029385913039007 0.2211080859036036
204 0.2039382887980086 0.2221972882972172
205 0.2049379862921165 0.223286490690831
206 0.2059376837862244 0.2243756930844444
207 0.2069373812803322 0.2254648954780599
208 0.2079370787744401 0.2265540978716732
209 0.208936776268548 0.2276433002652871
210 0.2099364737626559 0.2287325026589003
211 0.2109361712567638 0.2298217050525138
212 0.2119358687508717 0.2309109074461272
213 0.2129355662449796 0.2320001098397412
214 0.2139352637390874 0.2330893122333566
215 0.2149349612331953 0.2341785146269701
216 0.2159346587273032 0.2352677170205839
217 0.2169343562214111 0.2363569194141972
218 0.217934053715519 0.2374461218078108
219 0.2189337512096269 0.2385353242014243
220 0.2199334487037348 0.2396245265950378
221 0.2209331461978427 0.2407137289886514
222 0.2219328436919505 0.2418029313822667
223 0.2229325411860584 0.2428921337758801
224 0.2239322386801663 0.2439813361694939
225 0.2249319361742742 0.2450705385631076
226 0.2259316336683821 0.2461597409567211
227 0.22693133116249 0.2472489433503347
228 0.2279310286565979 0.2483381457439483
229 0.2289307261507058 0.2494273481375634
230 0.2299304236448136 0.2505165505311773
231 0.2309301211389215 0.2516057529247904
232 0.2319298186330294 0.252694955318404
233 0.2329295161271373 0.253784157712018
234 0.2339292136212452 0.2548733601056315
235 0.2349289111153531 0.2559625624992455
236 0.235928608609461 0.25705176489286
237 0.2369283061035689 0.2581409672864738
238 0.2379280035976767 0.2592301696800871
239 0.2389277010917846 0.2603193720737012
240 0.2399273985858925 0.2614085744673151
241 0.2409270960800004 0.2624977768609279
242 0.2419267935741083 0.2635869792545421
243 0.2429264910682162 0.2646761816481562
244 0.2439261885623241 0.2657653840417709
245 0.244925886056432 0.2668545864353839
246 0.2459255835505398 0.2679437888289978
247 0.2469252810446477 0.2690329912226115
248 0.2479249785387556 0.2701221936162247
249 0.2489246760328635 0.2712113960098391
250 0.2499243735269714 0.2723005984034516
251 0.2509240710210793 0.2733898007970674
252 0.2519237685151872 0.2744790031906808
253 0.2529234660092951 0.2755682055842947
254 0.2539231635034029 0.2766574079779086
255 0.2549228609975108 0.2777466103715213
256 0.2559225584916187 0.2788358127651357
257 0.2569222559857266 0.2799250151587486
258 0.2579219534798345 0.2810142175523644
259 0.2589216509739424 0.2821034199459769
260 0.2599213484680503 0.2831926223395914
261 0.2609210459621582 0.2842818247332056
262 0.261920743456266 0.2853710271268186
263 0.2629204409503739 0.2864602295204327
264 0.2639201384444818 0.2875494319140453
265 0.2649198359385897 0.2886386343076609
266 0.2659195334326976 0.2897278367012737
267 0.2669192309268055 0.2908170390948884
268 0.2679189284209134 0.2919062414885008
269 0.2689186259150213 0.2929954438821147
270 0.2699183234091291 0.2940846462757293
271 0.270918020903237 0.2951738486693422
272 0.2719177183973449 0.2962630510629579
273 0.2729174158914528 0.2973522534565704
274 0.2739171133855607 0.298441455850185
275 0.2749168108796686 0.2995306582437974
276 0.2759165083737765 0.3006198606374117
277 0.2769162058678844 0.301709063031026
278 0.2779159033619922 0.3027982654246387
279 0.2789156008561001 0.3038874678182533
280 0.279915298350208 0.3049766702118672
281 0.2809149958443159 0.3060658726054818
282 0.2819146933384238 0.3071550749990942
283 0.2829143908325317 0.3082442773927089
284 0.2839140883266396 0.3093334797863234
285 0.2849137858207474 0.3104226821799356
286 0.2859134833148553 0.31151188457355
287 0.2869131808089632 0.3126010869671637
288 0.2879128783030711 0.3136902893607787
289 0.288912575797179 0.3147794917543911
290 0.2899122732912869 0.3158686941480052
291 0.2909119707853948 0.3169578965416197
292 0.2919116682795027 0.3180470989352325
293 0.2929113657736105 0.319136301328847
294 0.2939110632677184 0.3202255037224605
295 0.2949107607618263 0.321314706116075
296 0.2959104582559342 0.3224039085096873
297 0.2969101557500421 0.3234931109033022
298 0.29790985324415 0.3245823132969167
299 0.2989095507382579 0.3256715156905291
300 0.2999092482323658 0.3267607180841437
301 0.3009089457264736 0.3278499204777575
302 0.3019086432205815 0.3289391228713722
303 0.3029083407146894 0.3300283252649845
304 0.3039080382087973 0.3311175276585991
305 0.3049077357029052 0.3322067300522135
306 0.3059074331970131 0.3332959324458258
307 0.306907130691121 0.3343851348394408
308 0.3079068281852289 0.3354743372330529
309 0.3089065256793367 0.3365635396266689
310 0.3099062231734446 0.3376527420202815
311 0.3109059206675525 0.3387419444138962
312 0.3119056181616604 0.3398311468075101
313 0.3129053156557683 0.3409203492011222
314 0.3139050131498762 0.3420095515947376
315 0.3149047106439841 0.3430987539883494
316 0.315904408138092 0.3441879563819656
317 0.3169041056321998 0.3452771587755774
318 0.3179038031263077 0.3463663611691923
319 0.3189035006204156 0.3474555635628074
320 0.3199031981145235 0.3485447659564193
321 0.3209028956086314 0.3496339683500342
322 0.3219025931027393 0.3507231707436462
323 0.3229022905968472 0.3518123731372628
324 0.3239019880909551 0.3529015755308745
325 0.3249016855850629 0.3539907779244895
326 0.3259013830791708 0.3550799803181012
327 0.3269010805732787 0.3561691827117161
328 0.3279007780673866 0.3572583851053314
329 0.3289004755614945 0.3583475874989434
330 0.3299001730556024 0.3594367898925593
331 0.3308998705497103 0.3605259922861712
332 0.3318995680438182 0.3616151946797866
333 0.332899265537926 0.362704397073398
334 0.3338989630320339 0.3637935994670126
335 0.3348986605261418 0.3648828018606273
336 0.3358983580202497 0.3659720042542395
337 0.3368980555143576 0.3670612066478559
338 0.3378977530084655 0.368150409041468
339 0.3388974505025734 0.3692396114350827
340 0.3398971479966813 0.3703288138286945
341 0.3408968454907891 0.3714180162223097
342 0.341896542984897 0.3725072186159247
343 0.3428962404790049 0.3735964210095366
344 0.3438959379731128 0.3746856234031514
345 0.3448956354672207 0.3757748257967644
346 0.3458953329613286 0.3768640281903801
347 0.3468950304554365 0.3779532305839918
348 0.3478947279495444 0.3790424329776065
349 0.3488944254436522 0.3801316353712214
350 0.3498941229377601 0.3812208377648338
351 0.350893820431868 0.3823100401584488
352 0.3518935179259759 0.3833992425520614
353 0.3528932154200838 0.3844884449456764
354 0.3538929129141917 0.3855776473392882
355 0.3548926104082996 0.3866668497329032
356 0.3558923079024075 0.3877560521265182
357 0.3568920053965153 0.3888452545201299
358 0.3578917028906232 0.389934456913745
359 0.3588914003847311 0.3910236593073582
360 0.359891097878839 0.3921128617009731
361 0.3608907953729469 0.3932020640945848
362 0.3618904928670548 0.3942912664881998
363 0.3628901903611627 0.3953804688818154
364 0.3638898878552705 0.3964696712754269
365 0.3648895853493784 0.3975588736690422
366 0.3658892828434863 0.3986480760626547
367 0.3668889803375942 0.3997372784562698
368 0.3678886778317021 0.4008264808498821
369 0.36888837532581 0.4019156832434972
370 0.3698880728199179 0.4030048856371122
371 0.3708877703140258 0.4040940880307235
372 0.3718874678081336 0.4051832904243394
373 0.3728871653022415 0.4062724928179509
374 0.3738868627963494 0.407361695211567
375 0.3748865602904573 0.4084508976051786
376 0.3758862577845652 0.4095400999987932
377 0.3768859552786731 0.4106293023924089
378 0.377885652772781 0.4117185047860204
379 0.3788853502668889 0.4128077071796356
380 0.3798850477609967 0.4138969095732469
381 0.3808847452551046 0.4149861119668638
382 0.3818844427492125 0.4160753143604751
383 0.3828841402433204 0.4171645167540904
384 0.3838838377374283 0.4182537191477053
385 0.3848835352315362 0.4193429215413169
386 0.3858832327256441 0.4204321239349328
387 0.386882930219752 0.4215213263285442
388 0.3878826277138598 0.4226105287221604
389 0.3888823252079677 0.4236997311157717
390 0.3898820227020756 0.4247889335093877
391 0.3908817201961835 0.4258781359029992
392 0.3918814176902914 0.4269673382966142
393 0.3928811151843993 0.4280565406902293
394 0.3938808126785072 0.4291457430838408
395 0.3948805101726151 0.4302349454774576
396 0.3958802076667229 0.4313241478710689
397 0.3968799051608308 0.4324133502646844
398 0.3978796026549387 0.433502552658295
399 0.3988793001490466 0.4345917550519108
400 0.3998789976431545 0.435680957445526
401 0.4008786951372624 0.4367701598391374
402 0.4018783926313703 0.437859362232753
403 0.4028780901254782 0.4389485646263656
404 0.403877787619586 0.440037767019981
405 0.4048774851136939 0.4411269694135923
406 0.4058771826078018 0.4422161718072073
407 0.4068768801019097 0.4433053742008226
408 0.4078765775960176 0.4443945765944347
409 0.4088762750901255 0.44548377898805
410 0.4098759725842334 0.4465729813816622
411 0.4108756700783413 0.4476621837752775
412 0.4118753675724491 0.4487513861688896
413 0.412875065066557 0.4498405885625048
414 0.4138747625606649 0.4509297909561199
415 0.4148744600547728 0.4520189933497313
416 0.4158741575488807 0.4531081957433467
417 0.4168738550429886 0.4541973981369594
418 0.4178735525370965 0.4552866005305747
419 0.4188732500312044 0.4563758029241856
420 0.4198729475253122 0.4574650053178007
421 0.4208726450194201 0.4585542077114166
422 0.421872342513528 0.4596434101050277
423 0.4228720400076359 0.4607326124986433
424 0.4238717375017438 0.4618218148922557
425 0.4248714349958517 0.4629110172858705
426 0.4258711324899596 0.4640002196794826
427 0.4268708299840675 0.4650894220730979
428 0.4278705274781753 0.4661786244667133
429 0.4288702249722832 0.4672678268603248
430 0.4298699224663911 0.4683570292539402
431 0.430869619960499 0.4694462316475522
432 0.4318693174546069 0.4705354340411683
433 0.4328690149487148 0.4716246364347796
434 0.4338687124428227 0.4727138388283945
435 0.4348684099369305 0.47380304122201
436 0.4358681074310384 0.4748922436156217
437 0.4368678049251463 0.4759814460092374
438 0.4378675024192542 0.4770706484028486
439 0.4388671999133621 0.4781598507964649
440 0.43986689740747 0.4792490531900763
441 0.4408665949015779 0.4803382555836914
442 0.4418662923956858 0.4814274579773066
443 0.4428659898897936 0.4825166603709182
444 0.4438656873839015 0.4836058627645337
445 0.4448653848780094 0.4846950651581448
446 0.4458650823721173 0.4857842675517613
447 0.4468647798662252 0.486873469945373
448 0.4478644773603331 0.4879626723389879
449 0.448864174854441 0.4890518747325996
450 0.4498638723485489 0.4901410771262153
451 0.4508635698426567 0.4912302795198304
452 0.4518632673367646 0.4923194819134429
453 0.4528629648308725 0.4934086843070578
454 0.4538626623249804 0.4944978867006696
455 0.4548623598190883 0.4955870890942856
456 0.4558620573131962 0.4966762914878968
457 0.4568617548073041 0.4977654938815129
458 0.457861452301412 0.4988546962751267
459 0.4588611497955198 0.4999438986687389
460 0.4598608472896277 0.5010331010623553
461 0.4608605447837356 0.5021223034559674
462 0.4618602422778435 0.5032115058495814
463 0.4628599397719514 0.5043007082431926
464 0.4638596372660593 0.5053899106368082
465 0.4648593347601672 0.5064791130304241
466 0.4658590322542751 0.507568315424036
467 0.4668587297483829 0.5086575178176505
468 0.4678584272424908 0.509746720211263
469 0.4688581247365987 0.5108359226048785
470 0.4698578222307066 0.511925124998491
471 0.4708575197248145 0.5130143273921064
472 0.4718572172189224 0.5141035297857202
473 0.4728569147130303 0.5151927321793324
474 0.4738566122071382 0.5162819345729477
475 0.474856309701246 0.517371136966561
476 0.4758560071953539 0.5184603393601743
477 0.4768557046894618 0.5195495417537865
478 0.4778554021835697 0.5206387441474027
479 0.4788550996776776 0.521727946541018
480 0.4798547971717855 0.5228171489346305
481 0.4808544946658934 0.5239063513282443
482 0.4818541921600013 0.5249955537218567
483 0.4828538896541091 0.5260847561154725
484 0.483853587148217 0.5271739585090842
485 0.4848532846423249 0.5282631609026979
486 0.4858529821364328 0.5293523632963139
487 0.4868526796305407 0.5304415656899254
488 0.4878523771246486 0.5315307680835419
489 0.4888520746187565 0.5326199704771542
490 0.4898517721128644 0.5337091728707678
491 0.4908514696069722 0.5347983752643802
492 0.4918511671010801 0.5358875776579957
493 0.492850864595188 0.5369767800516118
494 0.4938505620892959 0.5380659824452236
495 0.4948502595834038 0.5391551848388372
496 0.4958499570775117 0.5402443872324495
497 0.4968496545716196 0.5413335896260659
498 0.4978493520657275 0.5424227920196786
499 0.4988490495598353 0.5435119944132921
500 0.4998487470539432 0.544601196806907
501 0.5008484445480511 0.54569039920052
502 0.501848142042159 0.5467796015941351
503 0.5028478395362669 0.5478688039877478
504 0.5038475370303748 0.5489580063813616
505 0.5048472345244827 0.5500472087749736
506 0.5058469320185905 0.5511364111685895
507 0.5068466295126984 0.5522256135622043
508 0.5078463270068063 0.5533148159558173
509 0.5088460245009142 0.554404018349431
510 0.5098457219950221 0.5554932207430428
511 0.51084541948913 0.5565824231366598
512 0.5118451169832379 0.5576716255302723
513 0.5128448144773458 0.5587608279238847
514 0.5138445119714536 0.5598500303174973
515 0.5148442094655615 0.5609392327111129
516 0.5158439069596694 0.5620284351047289
517 0.5168436044537773 0.5631176374983414
518 0.5178433019478852 0.5642068398919546
519 0.5188429994419931 0.5652960422855675
520 0.519842696936101 0.5663852446791832
521 0.5208423944302089 0.5674744470727956
522 0.5218420919243167 0.5685636494664119
523 0.5228417894184246 0.5696528518600236
524 0.5238414869125325 0.5707420542536371
525 0.5248411844066404 0.5718312566472525
526 0.5258408819007483 0.572920459040866
527 0.5268405793948562 0.5740096614344782
528 0.5278402768889641 0.5750988638280906
529 0.528839974383072 0.5761880662217065
530 0.5298396718771798 0.5772772686153227
531 0.5308393693712877 0.5783664710089347
532 0.5318390668653956 0.5794556734025476
533 0.5328387643595035 0.5805448757961604
534 0.5338384618536114 0.581634078189777
535 0.5348381593477193 0.5827232805833895
536 0.5358378568418272 0.5838124829770053
537 0.5368375543359351 0.5849016853706177
538 0.5378372518300429 0.5859908877642297
539 0.5388369493241508 0.5870800901578461
540 0.5398366468182587 0.5881692925514597
541 0.5408363443123666 0.5892584949450718
542 0.5418360418064745 0.5903476973386845
543 0.5428357393005824 0.5914368997323
544 0.5438354367946903 0.5925261021259158
545 0.5448351342887982 0.5936153045195293
546 0.545834831782906 0.5947045069131408
547 0.5468345292770139 0.5957937093067549
548 0.5478342267711218 0.5968829117003707
549 0.5488339242652297 0.597972114093983
550 0.5498336217593376 0.5990613164875952
551 0.5508333192534455 0.6001505188812109
552 0.5518330167475534 0.6012397212748235
553 0.5528327142416613 0.6023289236684402
554 0.5538324117357691 0.603418126062052
555 0.554832109229877 0.6045073284556654
556 0.5558318067239849 0.6055965308492776
557 0.5568315042180928 0.6066857332428939
558 0.5578312017122007 0.6077749356365099
559 0.5588308992063086 0.6088641380301223
560 0.5598305967004165 0.6099533404237346
561 0.5608302941945244 0.6110425428173471
562 0.5618299916886322 0.6121317452109636
563 0.5628296891827401 0.613220947604577
564 0.563829386676848 0.6143101499981887
565 0.5648290841709559 0.6153993523918045
566 0.5658287816650638 0.6164885547854179
567 0.5668284791591717 0.6175777571790332
568 0.5678281766532796 0.6186669595726468
569 0.5688278741473875 0.6197561619662584
570 0.5698275716414953 0.6208453643598713
571 0.5708272691356032 0.6219345667534872
572 0.5718269666297111 0.6230237691471028
573 0.572826664123819 0.6241129715407162
574 0.5738263616179269 0.6252021739343276
575 0.5748260591120348 0.6262913763279404
576 0.5758257566061427 0.6273805787215581
577 0.5768254541002506 0.6284697811151702
578 0.5778251515943584 0.6295589835087826
579 0.5788248490884663 0.6306481859023954
580 0.5798245465825742 0.6317373882960112
581 0.5808242440766821 0.632826590689627
582 0.58182394157079 0.6339157930832393
583 0.5828236390648979 0.6350049954768519
584 0.5838233365590058 0.6360941978704651
585 0.5848230340531136 0.6371834002640809
586 0.5858227315472215 0.6382726026576941
587 0.5868224290413294 0.6393618050513099
588 0.5878221265354373 0.6404510074449211
589 0.5888218240295452 0.641540209838535
590 0.5898215215236531 0.6426294122321508
591 0.590821219017761 0.6437186146257647
592 0.5918209165118689 0.6448078170193748
593 0.5928206140059767 0.6458970194129886
594 0.5938203115000846 0.6469862218066045
595 0.5948200089941925 0.6480754242002205
596 0.5958197064883004 0.6491646265938338
597 0.5968194039824083 0.6502538289874453
598 0.5978191014765162 0.6513430313810581
599 0.5988187989706241 0.6524322337746752
600 0.599818496464732 0.6535214361682875
601 0.6008181939588398 0.6546106385619019
602 0.6018178914529477 0.655699840955515
603 0.6028175889470556 0.6567890433491275
604 0.6038172864411635 0.6578782457427446
605 0.6048169839352714 0.6589674481363573
606 0.6058166814293793 0.660056650529969
607 0.6068163789234872 0.6611458529235823
608 0.6078160764175951 0.6622350553171983
609 0.6088157739117029 0.6633242577108143
610 0.6098154714058108 0.6644134601044284
611 0.6108151688999187 0.665502662498038
612 0.6118148663940266 0.6665918648916527
613 0.6128145638881345 0.6676810672852676
614 0.6138142613822424 0.6687702696788817
615 0.6148139588763503 0.6698594720724924
616 0.6158136563704582 0.6709486744661082
617 0.616813353864566 0.6720378768597217
618 0.6178130513586739 0.6731270792533377
619 0.6188127488527818 0.6742162816469509
620 0.6198124463468897 0.6753054840405631
621 0.6208121438409976 0.6763946864341752
622 0.6218118413351055 0.6774838888277924
623 0.6228115388292134 0.6785730912214073
624 0.6238112363233213 0.6796622936150204
625 0.6248109338174291 0.6807514960086322
626 0.625810631311537 0.6818406984022445
627 0.6268103288056449 0.6829299007958621
628 0.6278100262997528 0.6840191031894752
629 0.6288097237938607 0.6851083055830859
630 0.6298094212879686 0.6861975079767005
631 0.6308091187820765 0.6872867103703153
632 0.6318088162761844 0.6883759127639313
633 0.6328085137702922 0.6894651151575454
634 0.6338082112644001 0.6905543175511556
635 0.634807908758508 0.6916435199447696
636 0.6358076062526159 0.6927327223383847
637 0.6368073037467238 0.6938219247319994
638 0.6378070012408317 0.6949111271256149
639 0.6388066987349396 0.6960003295192255
640 0.6398063962290475 0.6970895319128387
641 0.6408060937231553 0.6981787343064553
642 0.6418057912172632 0.6992679367000685
643 0.6428054887113711 0.7003571390936798
644 0.643805186205479 0.7014463414872925
645 0.6448048836995869 0.702535543880909
646 0.6458045811936948 0.7036247462745255
647 0.6468042786878027 0.7047139486681379
648 0.6478039761819106 0.70580315106175
649 0.6488036736760184 0.7068923534553622
650 0.6498033711701263 0.7079815558489794
651 0.6508030686642342 0.7090707582425925
652 0.6518027661583421 0.7101599606362083
653 0.65280246365245 0.7112491630298189
654 0.6538021611465579 0.7123383654234322
655 0.6548018586406658 0.7134275678170482
656 0.6558015561347736 0.7145167702106628
657 0.6568012536288815 0.7156059726042724
658 0.6578009511229894 0.7166951749978868
659 0.6588006486170973 0.7177843773915028
660 0.6598003461112052 0.7188735797851187
661 0.6608000436053131 0.7199627821787323
662 0.661799741099421 0.7210519845723423
663 0.6627994385935289 0.7221411869659564
664 0.6637991360876367 0.7232303893595734
665 0.6647988335817446 0.7243195917531856
666 0.6657985310758525 0.7254087941467974
667 0.6667982285699604 0.7264979965404119
668 0.6677979260640683 0.7275871989340255
669 0.6687976235581762 0.7286764013276427
670 0.6697973210522841 0.7297656037212553
671 0.670797018546392 0.7308548061148669
672 0.6717967160404998 0.7319440085084792
673 0.6727964135346077 0.7330332109020962
674 0.6737961110287156 0.7341224132957123
675 0.6747958085228235 0.7352116156893259
676 0.6757955060169314 0.736300818082936
677 0.6767952035110393 0.7373900204765507
678 0.6777949010051472 0.7384792228701655
679 0.6787945984992551 0.7395684252637804
680 0.6797942959933629 0.7406576276573891
681 0.6807939934874708 0.7417468300510063
682 0.6817936909815787 0.7428360324446196
683 0.6827933884756866 0.7439252348382356
684 0.6837930859697945 0.7450144372318496
685 0.6847927834639024 0.7461036396254598
686 0.6857924809580103 0.7471928420190734
687 0.6867921784521182 0.7482820444126906
688 0.687791875946226 0.7493712468063057
689 0.6887915734403339 0.7504604491999194
690 0.6897912709344418 0.7515496515935288
691 0.6907909684285497 0.7526388539871424
692 0.6917906659226576 0.7537280563807602
693 0.6927903634167655 0.7548172587743728
694 0.6937900609108734 0.7559064611679837
695 0.6947897584049813 0.756995663561599
696 0.6957894558990891 0.7580848659552131
697 0.696789153393197 0.7591740683488296
698 0.6977888508873049 0.7602632707424433
699 0.6987885483814128 0.761352473136053
700 0.6997882458755207 0.7624416755296677
701 0.7007879433696286 0.7635308779232827
702 0.7017876408637365 0.7646200803168977
703 0.7027873383578444 0.7657092827105125
704 0.7037870358519522 0.766798485104123
705 0.7047867333460601 0.7678876874977367
706 0.705786430840168 0.7689768898913535
707 0.7067861283342759 0.7700660922849673
708 0.7077858258283838 0.7711552946785779
709 0.7087855233224917 0.7722444970721902
710 0.7097852208165996 0.7733336994658064
711 0.7107849183107075 0.7744229018594225
712 0.7117846158048153 0.7755121042530365
713 0.7127843132989232 0.7766013066466471
714 0.7137840107930311 0.7776905090402599
715 0.714783708287139 0.7787797114338775
716 0.7157834057812469 0.77986891382749
717 0.7167831032753548 0.7809581162211073
718 0.7177828007694627 0.7820473186147167
719 0.7187824982635706 0.7831365210083302
720 0.7197821957576784 0.7842257234019465
721 0.7207818932517863 0.7853149257955604
722 0.7217815907458942 0.7864041281891698
723 0.7227812882400021 0.7874933305827847
724 0.72378098573411 0.7885825329763998
725 0.7247806832282179 0.7896717353700172
726 0.7257803807223258 0.7907609377636309
727 0.7267800782164336 0.7918501401572401
728 0.7277797757105415 0.7929393425508544
729 0.7287794732046494 0.7940285449444706
730 0.7297791706987573 0.7951177473380845
731 0.7307788681928652 0.7962069497316953
732 0.7317785656869731 0.7972961521253095
733 0.732778263181081 0.7983853545189237
734 0.7337779606751889 0.7994745569125398
735 0.7347776581692967 0.8005637593061541
736 0.7357773556634046 0.8016529616997644
737 0.7367770531575125 0.8027421640933771
738 0.7377767506516204 0.8038313664869945
739 0.7387764481457283 0.8049205688806104
740 0.7397761456398362 0.8060097712742245
741 0.7407758431339441 0.8070989736678336
742 0.741775540628052 0.8081881760614478
743 0.7427752381221598 0.8092773784550639
744 0.7437749356162677 0.810366580848679
745 0.7447746331103756 0.8114557832422866
746 0.7457743306044835 0.8125449856359043
747 0.7467740280985914 0.8136341880295167
748 0.7477737255926993 0.814723390423134
749 0.7487734230868072 0.8158125928167479
750 0.7497731205809151 0.8169017952103572
751 0.7507728180750229 0.8179909976039715
752 0.7517725155691308 0.8190801999975877
753 0.7527722130632387 0.8201694023912038
754 0.7537719105573466 0.8212586047848178
755 0.7547716080514545 0.8223478071784268
756 0.7557713055455624 0.8234370095720408
757 0.7567710030396703 0.8245262119656587
758 0.7577707005337782 0.8256154143592712
759 0.758770398027886 0.8267046167528813
760 0.7597700955219939 0.8277938191464945
761 0.7607697930161018 0.8288830215401114
762 0.7617694905102097 0.8299722239337276
763 0.7627691880043176 0.8310614263273415
764 0.7637688854984255 0.8321506287209507
765 0.7647685829925334 0.8332398311145646
766 0.7657682804866413 0.834329033508181
767 0.7667679779807491 0.8354182359017961
768 0.767767675474857 0.8365074382954113
769 0.7687673729689649 0.8375966406890211
770 0.7697670704630728 0.8386858430826338
771 0.7707667679571807 0.8397750454762517
772 0.7717664654512886 0.8408642478698657
773 0.7727661629453965 0.8419534502634746
774 0.7737658604395044 0.8430426526570884
775 0.7747655579336122 0.8441318550507047
776 0.7757652554277201 0.8452210574443207
777 0.776764952921828 0.846310259837935
778 0.7777646504159359 0.8473994622315438
779 0.7787643479100438 0.8484886646251582
780 0.7797640454041517 0.8495778670187757
781 0.7807637428982596 0.8506670694123882
782 0.7817634403923675 0.8517562718060061
783 0.7827631378864753 0.8528454741996132
784 0.7837628353805832 0.8539346765932285
785 0.7847625328746911 0.8550238789868446
786 0.785762230368799 0.8561130813804592
787 0.7867619278629069 0.8572022837740675
788 0.7877616253570148 0.8582914861676823
789 0.7887613228511227 0.8593806885612978
790 0.7897610203452306 0.8604698909549153
791 0.7907607178393384 0.8615590933485282
792 0.7917604153334463 0.8626482957421379
793 0.7927601128275542 0.8637374981357526
794 0.7937598103216621 0.8648267005293687
795 0.79475950781577 0.8659159029229832
796 0.7957592053098779 0.86700510531659
797 0.7967589028039858 0.8680943077102077
798 0.7977586002980937 0.8691835101038217
799 0.7987582977922015 0.8702727124974379
800 0.7997579952863094 0.8713619148910524
801 0.8007576927804173 0.872451117284661
802 0.8017573902745252 0.8735403196782751
803 0.8027570877686331 0.8746295220718926
804 0.803756785262741 0.8757187244655076
805 0.8047564827568489 0.876807926859123
806 0.8057561802509567 0.8778971292527316
807 0.8067558777450646 0.8789863316463452
808 0.8077555752391725 0.880075534039962
809 0.8087552727332804 0.8811647364335762
810 0.8097549702273883 0.8822539388271845
811 0.8107546677214962 0.8833431412208022
812 0.8117543652156041 0.8844323436144147
813 0.812754062709712 0.8855215460080326
814 0.8137537602038198 0.8866107484016453
815 0.8147534576979277 0.8876999507952552
816 0.8157531551920356 0.8887891531888696
817 0.8167528526861435 0.8898783555824859
818 0.8177525501802514 0.8909675579761022
819 0.8187522476743593 0.8920567603697148
820 0.8197519451684672 0.8931459627633246
821 0.8207516426625751 0.8942351651569388
822 0.8217513401566829 0.8953243675505557
823 0.8227510376507908 0.8964135699441698
824 0.8237507351448987 0.8975027723377792
825 0.8247504326390066 0.898591974731392
826 0.8257501301331145 0.8996811771250098
827 0.8267498276272224 0.9007703795186248
828 0.8277495251213303 0.9018595819122401
829 0.8287492226154382 0.9029487843058481
830 0.829748920109546 0.9040379866994626
831 0.8307486176036539 0.9051271890930791
832 0.8317483150977618 0.9062163914866933
833 0.8327480125918697 0.90730559388031
834 0.8337477100859776 0.9083947962739187
835 0.8347474075800855 0.9094839986675322
836 0.8357471050741934 0.9105732010611501
837 0.8367468025683013 0.9116624034547641
838 0.8377465000624091 0.9127516058483727
839 0.838746197556517 0.9138408082419863
840 0.8397458950506249 0.9149300106356016
841 0.8407455925447328 0.9160192130292191
842 0.8417452900388407 0.9171084154228333
843 0.8427449875329486 0.9181976178164417
844 0.8437446850270565 0.919286820210056
845 0.8447443825211644 0.9203760226036722
846 0.8457440800152722 0.9214652249972867
847 0.8467437775093801 0.9225544273909044
848 0.847743475003488 0.9236436297845116
849 0.8487431724975959 0.9247328321781269
850 0.8497428699917038 0.925822034571741
851 0.8507425674858117 0.9269112369653572
852 0.8517422649799196 0.9280004393589654
853 0.8527419624740275 0.9290896417525801
854 0.8537416599681353 0.9301788441461958
855 0.8547413574622432 0.9312680465398133
856 0.8557410549563511 0.9323572489334265
857 0.856740752450459 0.9334464513270365
858 0.8577404499445669 0.9345356537206502
859 0.8587401474386748 0.9356248561142662
860 0.8597398449327827 0.9367140585078807
861 0.8607395424268906 0.9378032609014887
862 0.8617392399209984 0.9388924632951057
863 0.8627389374151063 0.9399816656887187
864 0.8637386349092142 0.9410708680823366
865 0.8647383324033221 0.9421600704759503
866 0.86573802989743 0.9432492728695595
867 0.8667377273915379 0.9443384752631741
868 0.8677374248856458 0.945427677656789
869 0.8687371223797537 0.9465168800504056
870 0.8697368198738615 0.9476060824440202
871 0.8707365173679694 0.9486952848376278
872 0.8717362148620773 0.9497844872312434
873 0.8727359123561852 0.9508736896248604
874 0.8737356098502931 0.9519628920184747
875 0.874735307344401 0.9530520944120829
876 0.8757350048385089 0.9541412968056994
877 0.8767347023326167 0.9552304991993139
878 0.8777343998267246 0.9563197015929299
879 0.8787340973208325 0.9574089039865431
880 0.8797337948149404 0.958498106380153
881 0.8807334923090483 0.9595873087737663
882 0.8817331898031562 0.960676511167383
883 0.8827328872972641 0.9617657135610001
884 0.883732584791372 0.9628549159546141
885 0.8847322822854798 0.9639441183482229
886 0.8857319797795877 0.9650333207418373
887 0.8867316772736956 0.9661225231354527
888 0.8877313747678035 0.9672117255290673
889 0.8887310722619114 0.9683009279226761
890 0.8897307697560193 0.9693901303162901
891 0.8907304672501272 0.9704793327099075
892 0.8917301647442351 0.9715685351035228
893 0.8927298622383429 0.9726577374971386
894 0.8937295597324508 0.9737469398907465
895 0.8947292572265587 0.9748361422843624
896 0.8957289547206666 0.975925344677976
897 0.8967286522147745 0.9770145470715904
898 0.8977283497088824 0.9781037494652072
899 0.8987280472029903 0.9791929518588159
900 0.8997277446970982 0.9802821542524306
901 0.900727442191206 0.9813713566460474
902 0.9017271396853139 0.9824605590396613
903 0.9027268371794218 0.983549761433271
904 0.9037265346735297 0.984638963826886
905 0.9047262321676376 0.9857281662205011
906 0.9057259296617455 0.986817368614116
907 0.9067256271558534 0.9879065710077295
908 0.9077253246499613 0.9889957734013393
909 0.9087250221440691 0.9900849757949543
910 0.909724719638177 0.9911741781885711
911 0.9107244171322849 0.9922633805821851
912 0.9117241146263928 0.9933525829758007
913 0.9127238121205007 0.9944417853694103
914 0.9137235096146086 0.9955309877630264
915 0.9147232071087165 0.9966201901566391
916 0.9157229046028244 0.997709392550254
917 0.9167226020969322 0.9987985949438618
918 0.9177222995910401 0.999887797337478
919 0.918721997085148 1.000976999731094
920 0.9197216945792559 1.002066202124711
921 0.9207213920733638 1.003155404518325
922 0.9217210895674717 1.004244606911935
923 0.9227207870615796 1.005333809305549
924 0.9237204845556875 1.006423011699164
925 0.9247201820497953 1.007512214092778
926 0.9257198795439032 1.008601416486386
927 0.9267195770380111 1.009690618880003
928 0.927719274532119 1.010779821273617
929 0.9287189720262269 1.011869023667235
930 0.9297186695203348 1.012958226060849
931 0.9307183670144427 1.014047428454459
932 0.9317180645085506 1.015136630848072
933 0.9327177620026584 1.016225833241686
934 0.9337174594967663 1.017315035635303
935 0.9347171569908742 1.018404238028918
936 0.9357168544849821 1.019493440422526
937 0.93671655197909 1.020582642816141
938 0.9377162494731979 1.021671845209758
939 0.9387159469673058 1.022761047603373
940 0.9397156444614137 1.023850249996982
941 0.9407153419555215 1.024939452390599
942 0.9417150394496294 1.026028654784213
943 0.9427147369437373 1.027117857177826
944 0.9437144344378452 1.028207059571441
945 0.9447141319319531 1.029296261965051
946 0.945713829426061 1.030385464358665
947 0.9467135269201689 1.03147466675228
948 0.9477132244142767 1.032563869145896
949 0.9487129219083846 1.033653071539512
950 0.9497126194024925 1.034742273933122
951 0.9507123168966004 1.035831476326736
952 0.9517120143907083 1.036920678720349
953 0.9527117118848162 1.038009881113964
954 0.9537114093789241 1.039099083507573
955 0.954711106873032 1.040188285901189
956 0.9557108043671398 1.041277488294806
957 0.9567105018612477 1.042366690688421
958 0.9577101993553556 1.043455893082036
959 0.9587098968494635 1.044545095475645
960 0.9597095943435714 1.045634297869261
961 0.9607092918376793 1.046723500262873
962 0.9617089893317872 1.047812702656489
963 0.9627086868258951 1.048901905050103
964 0.9637083843200029 1.049991107443714
965 0.9647080818141108 1.051080309837329
966 0.9657077793082187 1.052169512230945
967 0.9667074768023266 1.05325871462456
968 0.9677071742964345 1.054347917018169
969 0.9687068717905424 1.055437119411783
970 0.9697065692846503 1.0565263218054
971 0.9707062667787582 1.057615524199014
972 0.971705964272866 1.058704726592628
973 0.9727056617669739 1.059793928986237
974 0.9737053592610818 1.060883131379851
975 0.9747050567551897 1.061972333773469
976 0.9757047542492976 1.063061536167084
977 0.9767044517434055 1.064150738560695
978 0.9777041492375134 1.065239940954309
979 0.9787038467316213 1.066329143347924
980 0.9797035442257291 1.067418345741536
981 0.980703241719837 1.068507548135152
982 0.9817029392139449 1.069596750528761
983 0.9827026367080528 1.070685952922376
984 0.9837023342021607 1.071775155315992
985 0.9847020316962686 1.072864357709609
986 0.9857017291903765 1.073953560103224
987 0.9867014266844844 1.075042762496834
988 0.9877011241785922 1.076131964890448
989 0.9887008216727001 1.07722116728406
990 0.989700519166808 1.078310369677674
991 0.9907002166609159 1.079399572071285
992 0.9916999141550238 1.080488774464901
993 0.9926996116491317 1.081577976858516
994 0.9936993091432396 1.082667179252132
995 0.9946990066373475 1.083756381645746
996 0.9956987041314553 1.084845584039357
997 0.9966984016255632 1.085934786432972
998 0.9976980991196711 1.087023988826584
999 0.998697796613779 1.088113191220199
1000 0.9996974941078869 1.089202393613814
1001 1.000697191601995 1.090291596007424
1002 1.001696889096102 1.09138079840104
1003 1.00269658659021 1.092470000794656
1004 1.003696284084318 1.09355920318827
1005 1.004695981578426 1.094648405581879
1006 1.005695679072534 1.095737607975496
1007 1.006695376566641 1.096826810369108
1008 1.007695074060749 1.097916012762723
1009 1.008694771554857 1.099005215156337
1010 1.009694469048965 1.100094417549946
1011 1.010694166543072 1.101183619943562
1012 1.01169386403718 1.102272822337179
1013 1.012693561531288 1.103362024730795
1014 1.013693259025396 1.104451227124403
1015 1.014692956519504 1.105540429518017
1016 1.015692654013611 1.106629631911632
1017 1.016692351507719 1.107718834305247
1018 1.017692049001827 1.108808036698861
1019 1.018691746495935 1.109897239092469
1020 1.019691443990042 1.110986441486084
1021 1.02069114148415 1.112075643879702
1022 1.021690838978258 1.113164846273318
1023 1.022690536472366 1.114254048666927
1024 1.023690233966474 1.115343251060541
1025 1.024689931460581 1.116432453454158
1026 1.025689628954689 1.117521655847769
1027 1.026689326448797 1.118610858241383
1028 1.027689023942905 1.119700060634994
1029 1.028688721437012 1.120789263028608
1030 1.02968841893112 1.121878465422225
1031 1.030688116425228 1.122967667815839
1032 1.031687813919336 1.12405687020945
1033 1.032687511413444 1.125146072603066
1034 1.033687208907551 1.12623527499668
1035 1.034686906401659 1.127324477390291
1036 1.035686603895767 1.128413679783906
1037 1.036686301389875 1.129502882177517
1038 1.037685998883982 1.130592084571132
1039 1.03868569637809 1.131681286964747
1040 1.039685393872198 1.132770489358363
1041 1.040685091366306 1.133859691751973
1042 1.041684788860414 1.13494889414559
1043 1.042684486354521 1.136038096539204
1044 1.043684183848629 1.137127298932815
1045 1.044683881342737 1.138216501326429
1046 1.045683578836845 1.139305703720039
1047 1.046683276330952 1.140394906113655
1048 1.04768297382506 1.141484108507271
1049 1.048682671319168 1.142573310900886
1050 1.049682368813276 1.143662513294499
1051 1.050682066307384 1.144751715688112
1052 1.051681763801491 1.145840918081728
1053 1.052681461295599 1.146930120475337
1054 1.053681158789707 1.148019322868953
1055 1.054680856283815 1.149108525262563
1056 1.055680553777922 1.150197727656177
1057 1.05668025127203 1.151286930049794
1058 1.057679948766138 1.15237613244341
1059 1.058679646260246 1.153465334837027
1060 1.059679343754354 1.154554537230636
1061 1.060679041248461 1.155643739624251
1062 1.061678738742569 1.15673294201786
1063 1.062678436236677 1.157822144411476
1064 1.063678133730785 1.158911346805086
1065 1.064677831224892 1.1600005491987
1066 1.065677528719 1.161089751592317
1067 1.066677226213108 1.162178953985933
1068 1.067676923707216 1.163268156379549
1069 1.068676621201324 1.164357358773159
1070 1.069676318695431 1.165446561166774
1071 1.070676016189539 1.166535763560383
1072 1.071675713683647 1.167624965953998
1073 1.072675411177755 1.168714168347609
1074 1.073675108671862 1.169803370741225
1075 1.07467480616597 1.17089257313484
1076 1.075674503660078 1.171981775528456
1077 1.076674201154186 1.173070977922071
1078 1.077673898648293 1.174160180315683
1079 1.078673596142401 1.175249382709297
1080 1.079673293636509 1.176338585102905
1081 1.080672991130617 1.177427787496521
1082 1.081672688624725 1.178516989890131
1083 1.082672386118832 1.179606192283747
1084 1.08367208361294 1.180695394677363
1085 1.084671781107048 1.18178459707098
1086 1.085671478601156 1.182873799464595
1087 1.086671176095263 1.183963001858205
1088 1.087670873589371 1.18505220425182
1089 1.088670571083479 1.18614140664543
1090 1.089670268577587 1.187230609039044
1091 1.090669966071695 1.188319811432655
1092 1.091669663565802 1.189409013826269
1093 1.09266936105991 1.190498216219888
1094 1.093669058554018 1.191587418613504
1095 1.094668756048126 1.192676621007117
1096 1.095668453542233 1.193765823400728
1097 1.096668151036341 1.194855025794342
1098 1.097667848530449 1.195944228187952
1099 1.098667546024557 1.197033430581567
1100 1.099667243518665 1.198122632975179
1101 1.100666941012772 1.199211835368793
1102 1.10166663850688 1.200301037762409
1103 1.102666336000988 1.201390240156026
1104 1.103666033495096 1.202479442549642
1105 1.104665730989203 1.203568644943252
1106 1.105665428483311 1.204657847336866
1107 1.106665125977419 1.205747049730475
1108 1.107664823471527 1.206836252124091
1109 1.108664520965635 1.207925454517701
1110 1.109664218459742 1.209014656911317
1111 1.11066391595385 1.210103859304932
1112 1.111663613447958 1.211193061698549
1113 1.112663310942066 1.212282264092165
1114 1.113663008436173 1.213371466485775
1115 1.114662705930281 1.214460668879391
1116 1.115662403424389 1.215549871272998
1117 1.116662100918497 1.216639073666612
1118 1.117661798412605 1.217728276060223
1119 1.118661495906712 1.218817478453841
1120 1.11966119340082 1.219906680847456
1121 1.120660890894928 1.220995883241071
1122 1.121660588389036 1.222085085634686
1123 1.122660285883143 1.223174288028299
1124 1.123659983377251 1.224263490421914
1125 1.124659680871359 1.225352692815522
1126 1.125659378365467 1.226441895209135
1127 1.126659075859575 1.227531097602747
1128 1.127658773353682 1.228620299996364
1129 1.12865847084779 1.229709502389979
1130 1.129658168341898 1.230798704783595
1131 1.130657865836006 1.23188790717721
1132 1.131657563330113 1.23297710957082
1133 1.132657260824221 1.234066311964436
1134 1.133656958318329 1.235155514358045
1135 1.134656655812437 1.23624471675166
1136 1.135656353306545 1.237333919145275
1137 1.136656050800652 1.238423121538885
1138 1.13765574829476 1.239512323932502
1139 1.138655445788868 1.240601526326119
1140 1.139655143282976 1.241690728719734
1141 1.140654840777083 1.242779931113343
1142 1.141654538271191 1.24386913350696
1143 1.142654235765299 1.244958335900567
1144 1.143653933259407 1.246047538294183
1145 1.144653630753515 1.247136740687799
1146 1.145653328247622 1.248225943081409
1147 1.14665302574173 1.249315145475025
1148 1.147652723235838 1.250404347868641
1149 1.148652420729946 1.251493550262257
1150 1.149652118224053 1.252582752655868
1151 1.150651815718161 1.253671955049481
1152 1.151651513212269 1.254761157443089
1153 1.152651210706377 1.255850359836707
1154 1.153650908200484 1.256939562230323
1155 1.154650605694592 1.258028764623933
1156 1.1556503031887 1.259117967017546
1157 1.156650000682808 1.260207169411165
1158 1.157649698176916 1.261296371804779
1159 1.158649395671023 1.26238557419839
1160 1.159649093165131 1.263474776592005
1161 1.160648790659239 1.264563978985615
1162 1.161648488153347 1.26565318137923
1163 1.162648185647454 1.266742383772844
1164 1.163647883141562 1.267831586166456
1165 1.16464758063567 1.268920788560072
1166 1.165647278129778 1.270009990953689
1167 1.166646975623886 1.271099193347302
1168 1.167646673117993 1.272188395740914
1169 1.168646370612101 1.273277598134529
1170 1.169646068106209 1.274366800528142
1171 1.170645765600317 1.275456002921753
1172 1.171645463094424 1.276545205315368
1173 1.172645160588532 1.277634407708978
1174 1.17364485808264 1.278723610102594
1175 1.174644555576748 1.279812812496211
1176 1.175644253070856 1.280902014889827
1177 1.176643950564963 1.281991217283436
1178 1.177643648059071 1.283080419677051
1179 1.178643345553179 1.284169622070668
1180 1.179643043047287 1.285258824464277
1181 1.180642740541394 1.286348026857892
1182 1.181642438035502 1.287437229251501
1183 1.18264213552961 1.288526431645116
1184 1.183641833023718 1.289615634038734
1185 1.184641530517826 1.290704836432349
1186 1.185641228011933 1.291794038825959
1187 1.186640925506041 1.292883241219575
1188 1.187640623000149 1.293972443613191
1189 1.188640320494257 1.295061646006798
1190 1.189640017988364 1.296150848400414
1191 1.190639715482472 1.297240050794025
1192 1.19163941297658 1.29832925318764
1193 1.192639110470688 1.299418455581255
1194 1.193638807964796 1.300507657974872
1195 1.194638505458903 1.301596860368484
1196 1.195638202953011 1.3026860627621
1197 1.196637900447119 1.303775265155714
1198 1.197637597941227 1.304864467549321
1199 1.198637295435334 1.305953669942937
1200 1.199636992929442 1.307042872336549
1201 1.20063669042355 1.308132074730163
1202 1.201636387917658 1.309221277123779
1203 1.202636085411766 1.310310479517395
1204 1.203635782905873 1.311399681911007
1205 1.204635480399981 1.312488884304622
1206 1.205635177894089 1.313578086698239
1207 1.206634875388197 1.314667289091844
1208 1.207634572882304 1.315756491485459
1209 1.208634270376412 1.31684569387907
1210 1.20963396787052 1.317934896272687
1211 1.210633665364628 1.319024098666304
1212 1.211633362858736 1.320113301059917
1213 1.212633060352843 1.321202503453534
1214 1.213632757846951 1.322291705847146
1215 1.214632455341059 1.323380908240762
1216 1.215632152835167 1.324470110634368
1217 1.216631850329274 1.325559313027984
1218 1.217631547823382 1.326648515421594
1219 1.21863124531749 1.327737717815208
1220 1.219630942811598 1.328826920208825
1221 1.220630640305705 1.329916122602442
1222 1.221630337799813 1.331005324996059
1223 1.222630035293921 1.332094527389668
1224 1.223629732788029 1.333183729783283
1225 1.224629430282137 1.334272932176891
1226 1.225629127776244 1.335362134570507
1227 1.226628825270352 1.336451336964117
1228 1.22762852276446 1.337540539357731
1229 1.228628220258568 1.338629741751349
1230 1.229627917752675 1.339718944144966
1231 1.230627615246783 1.340808146538581
1232 1.231627312740891 1.341897348932192
1233 1.232627010234999 1.342986551325807
1234 1.233626707729107 1.344075753719414
1235 1.234626405223214 1.345164956113029
1236 1.235626102717322 1.346254158506641
1237 1.23662580021143 1.347343360900257
1238 1.237625497705538 1.348432563293871
1239 1.238625195199645 1.349521765687487
1240 1.239624892693753 1.350610968081104
1241 1.240624590187861 1.351700170474716
1242 1.241624287681969 1.35278937286833
1243 1.242623985176077 1.353878575261936
1244 1.243623682670184 1.354967777655552
1245 1.244623380164292 1.356056980049164
1246 1.2456230776584 1.357146182442778
1247 1.246622775152508 1.358235384836395
1248 1.247622472646615 1.359324587230011
1249 1.248622170140723 1.360413789623627
1250 1.249621867634831 1.361502992017237
1251 1.250621565128939 1.362592194410854
1252 1.251621262623047 1.363681396804461
1253 1.252620960117154 1.364770599198075
1254 1.253620657611262 1.365859801591685
1255 1.25462035510537 1.366949003985301
1256 1.255620052599478 1.368038206378919
1257 1.256619750093585 1.369127408772535
1258 1.257619447587693 1.370216611166149
1259 1.258619145081801 1.371305813559761
1260 1.259618842575909 1.372395015953377
1261 1.260618540070017 1.373484218346982
1262 1.261618237564124 1.374573420740598
1263 1.262617935058232 1.375662623134208
1264 1.26361763255234 1.376751825527825
1265 1.264617330046448 1.37784102792144
1266 1.265617027540555 1.378930230315058
1267 1.266616725034663 1.380019432708674
1268 1.267616422528771 1.381108635102284
1269 1.268616120022879 1.3821978374959
1270 1.269615817516987 1.383287039889505
1271 1.270615515011094 1.384376242283122
1272 1.271615212505202 1.385465444676731
1273 1.27261490999931 1.386554647070348
1274 1.273614607493418 1.387643849463964
1275 1.274614304987525 1.388733051857581
1276 1.275614002481633 1.389822254251196
1277 1.276613699975741 1.390911456644808
1278 1.277613397469849 1.392000659038424
1279 1.278613094963957 1.393089861432029
1280 1.279612792458064 1.394179063825643
1281 1.280612489952172 1.395268266219255
1282 1.28161218744628 1.396357468612873
1283 1.282611884940388 1.397446671006489
1284 1.283611582434495 1.398535873400103
1285 1.284611279928603 1.399625075793719
1286 1.285610977422711 1.400714278187332
1287 1.286610674916819 1.401803480580948
1288 1.287610372410927 1.402892682974553
1289 1.288610069905034 1.403981885368166
1290 1.289609767399142 1.40507108776178
1291 1.29060946489325 1.406160290155394
1292 1.291609162387358 1.40724949254901
1293 1.292608859881465 1.408338694942628
1294 1.293608557375573 1.409427897336242
1295 1.294608254869681 1.410517099729853
1296 1.295607952363789 1.411606302123469
1297 1.296607649857896 1.412695504517076
1298 1.297607347352004 1.413784706910691
1299 1.298607044846112 1.414873909304306
1300 1.29960674234022 1.415963111697917
1301 1.300606439834328 1.417052314091534
1302 1.301606137328435 1.418141516485151
1303 1.302605834822543 1.419230718878766
1304 1.303605532316651 1.420319921272376
1305 1.304605229810759 1.421409123665993
1306 1.305604927304866 1.422498326059598
1307 1.306604624798974 1.423587528453214
1308 1.307604322293082 1.42467673084683
1309 1.30860401978719 1.42576593324044
1310 1.309603717281298 1.426855135634055
1311 1.310603414775405 1.427944338027672
1312 1.311603112269513 1.42903354042129
1313 1.312602809763621 1.430122742814901
1314 1.313602507257729 1.431211945208514
1315 1.314602204751836 1.43230114760212
1316 1.315601902245944 1.433390349995737
1317 1.316601599740052 1.434479552389354
1318 1.31760129723416 1.435568754782964
1319 1.318600994728268 1.436657957176578
1320 1.319600692222375 1.437747159570197
1321 1.320600389716483 1.438836361963812
1322 1.321600087210591 1.439925564357424
1323 1.322599784704699 1.441014766751039
1324 1.323599482198806 1.442103969144643
1325 1.324599179692914 1.443193171538259
1326 1.325598877187022 1.444282373931874
1327 1.32659857468113 1.445371576325488
1328 1.327598272175238 1.446460778719103
1329 1.328597969669345 1.447549981112719
1330 1.329597667163453 1.448639183506334
1331 1.330597364657561 1.449728385899947
1332 1.331597062151669 1.450817588293563
1333 1.332596759645776 1.451906790687173
1334 1.333596457139884 1.452995993080784
1335 1.334596154633992 1.454085195474399
1336 1.3355958521281 1.45517439786801
1337 1.336595549622208 1.456263600261626
1338 1.337595247116315 1.457352802655243
1339 1.338594944610423 1.45844200504886
1340 1.339594642104531 1.45953120744247
1341 1.340594339598639 1.460620409836084
1342 1.341594037092746 1.461709612229702
1343 1.342593734586854 1.462798814623307
1344 1.343593432080962 1.463888017016922
1345 1.34459312957507 1.464977219410532
1346 1.345592827069178 1.466066421804149
1347 1.346592524563285 1.467155624197766
1348 1.347592222057393 1.468244826591381
1349 1.348591919551501 1.469334028984993
1350 1.349591617045609 1.470423231378608
1351 1.350591314539716 1.471512433772225
1352 1.351591012033824 1.472601636165829
1353 1.352590709527932 1.473690838559445
1354 1.35359040702204 1.474780040953058
1355 1.354590104516148 1.475869243346672
1356 1.355589802010255 1.476958445740288
1357 1.356589499504363 1.478047648133904
1358 1.357589196998471 1.479136850527517
1359 1.358588894492579 1.480226052921132
1360 1.359588591986686 1.481315255314746
1361 1.360588289480794 1.482404457708352
1362 1.361587986974902 1.483493660101968
1363 1.36258768446901 1.484582862495579
1364 1.363587381963118 1.485672064889195
1365 1.364587079457225 1.486761267282811
1366 1.365586776951333 1.487850469676427
1367 1.366586474445441 1.488939672070039
1368 1.367586171939549 1.490028874463656
1369 1.368585869433656 1.491118076857272
1370 1.369585566927764 1.492207279250875
1371 1.370585264421872 1.493296481644489
1372 1.37158496191598 1.494385684038102
1373 1.372584659410087 1.495474886431719
1374 1.373584356904195 1.496564088825336
1375 1.374584054398303 1.497653291218949
1376 1.375583751892411 1.498742493612567
1377 1.376583449386519 1.499831696006179
1378 1.377583146880626 1.500920898399794
1379 1.378582844374734 1.502010100793398
1380 1.379582541868842 1.503099303187013
1381 1.38058223936295 1.504188505580625
1382 1.381581936857057 1.50527770797424
1383 1.382581634351165 1.506366910367858
1384 1.383581331845273 1.507456112761475
1385 1.384581029339381 1.508545315155089
1386 1.385580726833489 1.509634517548701
1387 1.386580424327596 1.510723719942317
1388 1.387580121821704 1.511812922335922
1389 1.388579819315812 1.512902124729538
1390 1.38957951680992 1.513991327123149
1391 1.390579214304027 1.515080529516763
1392 1.391578911798135 1.516169731910381
1393 1.392578609292243 1.517258934303998
1394 1.393578306786351 1.518348136697612
1395 1.394578004280459 1.519437339091226
1396 1.395577701774566 1.52052654148484
1397 1.396577399268674 1.521615743878443
1398 1.397577096762782 1.52270494627206
1399 1.39857679425689 1.523794148665672
1400 1.399576491750997 1.524883351059289
1401 1.400576189245105 1.525972553452902
1402 1.401575886739213 1.52706175584652
1403 1.402575584233321 1.528150958240137
1404 1.403575281727429 1.52924016063375
1405 1.404574979221536 1.530329363027364
1406 1.405574676715644 1.531418565420966
1407 1.406574374209752 1.532507767814583
1408 1.40757407170386 1.533596970208196
1409 1.408573769197967 1.53468617260181
1410 1.409573466692075 1.535775374995428
1411 1.410573164186183 1.536864577389043
1412 1.411572861680291 1.537953779782658
1413 1.412572559174399 1.53904298217627
1414 1.413572256668506 1.540132184569887
1415 1.414571954162614 1.541221386963492
1416 1.415571651656722 1.542310589357104
1417 1.41657134915083 1.543399791750717
1418 1.417571046644937 1.544488994144333
1419 1.418570744139045 1.545578196537951
1420 1.419570441633153 1.546667398931567
1421 1.420570139127261 1.547756601325181
1422 1.421569836621369 1.548845803718794
1423 1.422569534115476 1.54993500611241
1424 1.423569231609584 1.551024208506013
1425 1.424568929103692 1.55211341089963
1426 1.4255686265978 1.553202613293241
1427 1.426568324091907 1.554291815686857
1428 1.427568021586015 1.555381018080473
1429 1.428567719080123 1.55647022047409
1430 1.429567416574231 1.557559422867707
1431 1.430567114068339 1.558648625261315
1432 1.431566811562446 1.559737827654932
1433 1.432566509056554 1.560827030048536
1434 1.433566206550662 1.561916232442153
1435 1.43456590404477 1.563005434835763
1436 1.435565601538877 1.564094637229379
1437 1.436565299032985 1.565183839622996
1438 1.437564996527093 1.566273042016613
1439 1.438564694021201 1.567362244410228
1440 1.439564391515309 1.568451446803841
1441 1.440564089009416 1.569540649197456
1442 1.441563786503524 1.57062985159106
1443 1.442563483997632 1.571719053984674
1444 1.44356318149174 1.572808256378287
1445 1.444562878985847 1.573897458771905
1446 1.445562576479955 1.574986661165518
1447 1.446562273974063 1.576075863559134
1448 1.447561971468171 1.577165065952751
1449 1.448561668962278 1.578254268346365
1450 1.449561366456386 1.579343470739979
1451 1.450561063950494 1.580432673133583
1452 1.451560761444602 1.581521875527197
1453 1.45256045893871 1.58261107792081
1454 1.453560156432817 1.583700280314426
1455 1.454559853926925 1.584789482708043
1456 1.455559551421033 1.585878685101661
1457 1.456559248915141 1.586967887495275
1458 1.457558946409248 1.588057089888886
1459 1.458558643903356 1.589146292282502
1460 1.459558341397464 1.590235494676107
1461 1.460558038891572 1.591324697069723
1462 1.46155773638568 1.592413899463336
1463 1.462557433879787 1.593503101856949
1464 1.463557131373895 1.594592304250566
1465 1.464556828868003 1.595681506644182
1466 1.465556526362111 1.596770709037798
1467 1.466556223856218 1.597859911431409
1468 1.467555921350326 1.598949113825025
1469 1.468555618844434 1.600038316218627
1470 1.469555316338542 1.601127518612245
1471 1.47055501383265 1.602216721005862
1472 1.471554711326757 1.603305923399472
1473 1.472554408820865 1.604395125793087
1474 1.473554106314973 1.605484328186704
1475 1.474553803809081 1.606573530580322
1476 1.475553501303188 1.607662732973935
1477 1.476553198797296 1.608751935367547
1478 1.477552896291404 1.60984113776115
1479 1.478552593785512 1.610930340154769
1480 1.47955229127962 1.612019542548385
1481 1.480551988773727 1.613108744941996
1482 1.481551686267835 1.61419794733561
1483 1.482551383761943 1.615287149729228
1484 1.483551081256051 1.616376352122843
1485 1.484550778750158 1.617465554516456
1486 1.485550476244266 1.618554756910073
1487 1.486550173738374 1.619643959303677
1488 1.487549871232482 1.62073316169729
1489 1.48854956872659 1.621822364090906
1490 1.489549266220697 1.62291156648452
1491 1.490548963714805 1.624000768878136
1492 1.491548661208913 1.62508997127175
1493 1.492548358703021 1.626179173665366
1494 1.493548056197128 1.62726837605898
1495 1.494547753691236 1.628357578452596
1496 1.495547451185344 1.62944678084621
1497 1.496547148679452 1.630535983239812
1498 1.49754684617356 1.631625185633429
1499 1.498546543667667 1.63271438802704
1500 1.499546241161775 1.633803590420657
1501 1.500545938655883 1.634892792814275
1502 1.501545636149991 1.63598199520789
1503 1.502545333644098 1.637071197601501
1504 1.503545031138206 1.638160399995117
1505 1.504544728632314 1.639249602388736
1506 1.505544426126422 1.640338804782338
1507 1.50654412362053 1.641428007175953
1508 1.507543821114637 1.642517209569564
1509 1.508543518608745 1.643606411963181
1510 1.509543216102853 1.644695614356798
1511 1.510542913596961 1.645784816750413
1512 1.511542611091068 1.646874019144026
1513 1.512542308585176 1.647963221537642
1514 1.513542006079284 1.649052423931259
1515 1.514541703573392 1.65014162632486
1516 1.5155414010675 1.651230828718476
1517 1.516541098561607 1.652320031112089
1518 1.517540796055715 1.653409233505702
1519 1.518540493549823 1.654498435899319
1520 1.519540191043931 1.655587638292937
1521 1.520539888538038 1.65667684068655
1522 1.521539586032146 1.657766043080166
1523 1.522539283526254 1.65885524547378
1524 1.523538981020362 1.659944447867383
1525 1.524538678514469 1.661033650260999
